{"/Users/zhangyufan/em/testPro/vue-scale/src/components/affix/Affix.vue": {"path":"/Users/zhangyufan/em/testPro/vue-scale/src/components/affix/Affix.vue","statementMap":{"0":{"start":{"line":11,"column":0},"end":{"line":null,"column":-1}},"1":{"start":{"line":14,"column":0},"end":{"line":null,"column":-1}},"2":{"start":{"line":17,"column":0},"end":{"line":null,"column":-1}},"3":{"start":{"line":18,"column":0},"end":{"line":null,"column":-1}},"4":{"start":{"line":19,"column":0},"end":{"line":null,"column":-1}},"5":{"start":{"line":31,"column":0},"end":{"line":null,"column":-1}},"6":{"start":{"line":32,"column":0},"end":{"line":null,"column":-1}},"7":{"start":{"line":34,"column":0},"end":{"line":null,"column":-1}},"8":{"start":{"line":63,"column":0},"end":{"line":null,"column":-1}},"9":{"start":{"line":67,"column":0},"end":{"line":null,"column":-1}},"10":{"start":{"line":68,"column":0},"end":{"line":70,"column":0}},"11":{"start":{"line":69,"column":0},"end":{"line":null,"column":-1}},"12":{"start":{"line":71,"column":0},"end":{"line":73,"column":0}},"13":{"start":{"line":72,"column":0},"end":{"line":null,"column":-1}},"14":{"start":{"line":74,"column":0},"end":{"line":null,"column":-1}},"15":{"start":{"line":78,"column":0},"end":{"line":null,"column":-1}},"16":{"start":{"line":82,"column":0},"end":{"line":null,"column":-1}},"17":{"start":{"line":83,"column":0},"end":{"line":null,"column":-1}},"18":{"start":{"line":87,"column":0},"end":{"line":89,"column":0}},"19":{"start":{"line":88,"column":0},"end":{"line":null,"column":-1}},"20":{"start":{"line":94,"column":0},"end":{"line":null,"column":-1}},"21":{"start":{"line":96,"column":0},"end":{"line":null,"column":-1}},"22":{"start":{"line":97,"column":0},"end":{"line":null,"column":-1}},"23":{"start":{"line":98,"column":0},"end":{"line":null,"column":-1}},"24":{"start":{"line":99,"column":0},"end":{"line":null,"column":-1}},"25":{"start":{"line":109,"column":0},"end":{"line":null,"column":-1}},"26":{"start":{"line":110,"column":0},"end":{"line":null,"column":-1}},"27":{"start":{"line":111,"column":0},"end":{"line":null,"column":-1}},"28":{"start":{"line":112,"column":0},"end":{"line":null,"column":-1}},"29":{"start":{"line":114,"column":0},"end":{"line":null,"column":-1}},"30":{"start":{"line":119,"column":0},"end":{"line":null,"column":-1}},"31":{"start":{"line":121,"column":0},"end":{"line":null,"column":-1}},"32":{"start":{"line":36,"column":0},"end":{"line":null,"column":-1}},"33":{"start":{"line":38,"column":0},"end":{"line":null,"column":-1}},"34":{"start":{"line":43,"column":0},"end":{"line":40,"column":0}},"35":{"start":{"line":45,"column":0},"end":{"line":null,"column":-1}},"36":{"start":{"line":50,"column":0},"end":{"line":47,"column":0}},"37":{"start":{"line":55,"column":0},"end":{"line":52,"column":0}},"38":{"start":{"line":60,"column":0},"end":{"line":57,"column":0}},"39":{"start":{"line":93,"column":0},"end":{"line":null,"column":-1}}},"fnMap":{"0":{"name":"(anonymous_1)","decl":{"start":{"line":30,"column":0},"end":{"line":null,"column":-1}},"loc":{"start":{"line":30,"column":0},"end":{"line":123,"column":0}}},"1":{"name":"(anonymous_2)","decl":{"start":{"line":62,"column":0},"end":{"line":null,"column":-1}},"loc":{"start":{"line":62,"column":0},"end":{"line":64,"column":0}}},"2":{"name":"(anonymous_3)","decl":{"start":{"line":66,"column":0},"end":{"line":null,"column":-1}},"loc":{"start":{"line":66,"column":0},"end":{"line":75,"column":0}}},"3":{"name":"(anonymous_4)","decl":{"start":{"line":77,"column":0},"end":{"line":null,"column":-1}},"loc":{"start":{"line":77,"column":0},"end":{"line":79,"column":0}}},"4":{"name":"(anonymous_5)","decl":{"start":{"line":81,"column":0},"end":{"line":null,"column":-1}},"loc":{"start":{"line":81,"column":0},"end":{"line":84,"column":0}}},"5":{"name":"(anonymous_6)","decl":{"start":{"line":86,"column":0},"end":{"line":null,"column":-1}},"loc":{"start":{"line":86,"column":0},"end":{"line":90,"column":0}}},"6":{"name":"(anonymous_7)","decl":{"start":{"line":93,"column":0},"end":{"line":null,"column":-1}},"loc":{"start":{"line":93,"column":0},"end":{"line":122,"column":0}}},"7":{"name":"(anonymous_8)","decl":{"start":{"line":59,"column":0},"end":{"line":null,"column":-1}},"loc":{"start":{"line":59,"column":0},"end":{"line":null,"column":-1}}}},"branchMap":{"0":{"loc":{"start":{"line":63,"column":0},"end":{"line":null,"column":-1}},"type":"cond-expr","locations":[{"start":{"line":63,"column":0},"end":{"line":null,"column":-1}},{"start":{"line":63,"column":0},"end":{"line":null,"column":-1}}]},"1":{"loc":{"start":{"line":68,"column":0},"end":{"line":70,"column":0}},"type":"if","locations":[{"start":{"line":68,"column":0},"end":{"line":70,"column":0}},{"start":{"line":68,"column":0},"end":{"line":70,"column":0}}]},"2":{"loc":{"start":{"line":71,"column":0},"end":{"line":73,"column":0}},"type":"if","locations":[{"start":{"line":71,"column":0},"end":{"line":73,"column":0}},{"start":{"line":71,"column":0},"end":{"line":73,"column":0}}]},"3":{"loc":{"start":{"line":87,"column":0},"end":{"line":89,"column":0}},"type":"if","locations":[{"start":{"line":87,"column":0},"end":{"line":89,"column":0}},{"start":{"line":87,"column":0},"end":{"line":89,"column":0}}]},"4":{"loc":{"start":{"line":99,"column":0},"end":{"line":null,"column":-1}},"type":"binary-expr","locations":[{"start":{"line":99,"column":0},"end":{"line":null,"column":-1}},{"start":{"line":99,"column":0},"end":{"line":null,"column":-1}},{"start":{"line":99,"column":0},"end":{"line":null,"column":-1}},{"start":{"line":99,"column":0},"end":{"line":null,"column":-1}}]},"5":{"loc":{"start":{"line":109,"column":0},"end":{"line":null,"column":-1}},"type":"binary-expr","locations":[{"start":{"line":109,"column":0},"end":{"line":null,"column":-1}},{"start":{"line":109,"column":0},"end":{"line":null,"column":-1}}]},"6":{"loc":{"start":{"line":110,"column":0},"end":{"line":null,"column":-1}},"type":"cond-expr","locations":[{"start":{"line":110,"column":0},"end":{"line":null,"column":-1}},{"start":{"line":110,"column":0},"end":{"line":null,"column":-1}}]},"7":{"loc":{"start":{"line":111,"column":0},"end":{"line":null,"column":-1}},"type":"cond-expr","locations":[{"start":{"line":111,"column":0},"end":{"line":null,"column":-1}},{"start":{"line":111,"column":0},"end":{"line":null,"column":-1}}]}},"s":{"0":1,"1":1,"2":1,"3":1,"4":1,"5":2,"6":9,"7":9,"8":9,"9":7,"10":7,"11":3,"12":7,"13":1,"14":7,"15":9,"16":9,"17":9,"18":2,"19":1,"20":10,"21":10,"22":10,"23":10,"24":10,"25":10,"26":10,"27":10,"28":10,"29":10,"30":10,"31":10,"32":1,"33":1,"34":1,"35":1,"36":1,"37":1,"38":1,"39":1},"f":{"0":9,"1":9,"2":7,"3":9,"4":9,"5":2,"6":10,"7":10},"b":{"0":[3,6],"1":[3,4],"2":[1,6],"3":[1,1],"4":[10,6,4,4],"5":[10,10],"6":[6,4],"7":[6,4]}}
,"/Users/zhangyufan/em/testPro/vue-scale/src/components/badge/Badge.vue": {"path":"/Users/zhangyufan/em/testPro/vue-scale/src/components/badge/Badge.vue","statementMap":{"0":{"start":{"line":32,"column":0},"end":{"line":null,"column":-1}},"1":{"start":{"line":41,"column":0},"end":{"line":null,"column":-1}},"2":{"start":{"line":42,"column":0},"end":{"line":null,"column":-1}},"3":{"start":{"line":62,"column":0},"end":{"line":null,"column":-1}},"4":{"start":{"line":66,"column":0},"end":{"line":null,"column":-1}},"5":{"start":{"line":67,"column":0},"end":{"line":69,"column":0}},"6":{"start":{"line":68,"column":0},"end":{"line":null,"column":-1}},"7":{"start":{"line":70,"column":0},"end":{"line":null,"column":-1}},"8":{"start":{"line":74,"column":0},"end":{"line":null,"column":-1}},"9":{"start":{"line":78,"column":0},"end":{"line":null,"column":-1}},"10":{"start":{"line":82,"column":0},"end":{"line":null,"column":-1}},"11":{"start":{"line":86,"column":0},"end":{"line":null,"column":-1}},"12":{"start":{"line":90,"column":0},"end":{"line":null,"column":-1}},"13":{"start":{"line":94,"column":0},"end":{"line":null,"column":-1}},"14":{"start":{"line":98,"column":0},"end":{"line":null,"column":-1}},"15":{"start":{"line":44,"column":0},"end":{"line":null,"column":-1}},"16":{"start":{"line":49,"column":0},"end":{"line":46,"column":0}},"17":{"start":{"line":51,"column":0},"end":{"line":null,"column":-1}},"18":{"start":{"line":53,"column":0},"end":{"line":null,"column":-1}},"19":{"start":{"line":55,"column":0},"end":{"line":null,"column":-1}},"20":{"start":{"line":57,"column":0},"end":{"line":null,"column":-1}},"21":{"start":{"line":59,"column":0},"end":{"line":null,"column":-1}}},"fnMap":{"0":{"name":"(anonymous_1)","decl":{"start":{"line":40,"column":0},"end":{"line":null,"column":-1}},"loc":{"start":{"line":40,"column":0},"end":{"line":100,"column":0}}},"1":{"name":"(anonymous_2)","decl":{"start":{"line":61,"column":0},"end":{"line":null,"column":-1}},"loc":{"start":{"line":61,"column":0},"end":{"line":63,"column":0}}},"2":{"name":"(anonymous_3)","decl":{"start":{"line":65,"column":0},"end":{"line":null,"column":-1}},"loc":{"start":{"line":65,"column":0},"end":{"line":71,"column":0}}},"3":{"name":"(anonymous_4)","decl":{"start":{"line":73,"column":0},"end":{"line":null,"column":-1}},"loc":{"start":{"line":73,"column":0},"end":{"line":75,"column":0}}},"4":{"name":"(anonymous_5)","decl":{"start":{"line":77,"column":0},"end":{"line":null,"column":-1}},"loc":{"start":{"line":77,"column":0},"end":{"line":79,"column":0}}},"5":{"name":"(anonymous_6)","decl":{"start":{"line":81,"column":0},"end":{"line":null,"column":-1}},"loc":{"start":{"line":81,"column":0},"end":{"line":83,"column":0}}},"6":{"name":"(anonymous_7)","decl":{"start":{"line":85,"column":0},"end":{"line":null,"column":-1}},"loc":{"start":{"line":85,"column":0},"end":{"line":87,"column":0}}},"7":{"name":"(anonymous_8)","decl":{"start":{"line":89,"column":0},"end":{"line":null,"column":-1}},"loc":{"start":{"line":89,"column":0},"end":{"line":91,"column":0}}},"8":{"name":"(anonymous_9)","decl":{"start":{"line":93,"column":0},"end":{"line":null,"column":-1}},"loc":{"start":{"line":93,"column":0},"end":{"line":95,"column":0}}},"9":{"name":"(anonymous_10)","decl":{"start":{"line":97,"column":0},"end":{"line":null,"column":-1}},"loc":{"start":{"line":97,"column":0},"end":{"line":99,"column":0}}}},"branchMap":{"0":{"loc":{"start":{"line":62,"column":0},"end":{"line":null,"column":-1}},"type":"binary-expr","locations":[{"start":{"line":62,"column":0},"end":{"line":null,"column":-1}},{"start":{"line":62,"column":0},"end":{"line":null,"column":-1}}]},"1":{"loc":{"start":{"line":67,"column":0},"end":{"line":69,"column":0}},"type":"if","locations":[{"start":{"line":67,"column":0},"end":{"line":69,"column":0}},{"start":{"line":67,"column":0},"end":{"line":69,"column":0}}]},"2":{"loc":{"start":{"line":86,"column":0},"end":{"line":null,"column":-1}},"type":"cond-expr","locations":[{"start":{"line":86,"column":0},"end":{"line":null,"column":-1}},{"start":{"line":86,"column":0},"end":{"line":null,"column":-1}}]},"3":{"loc":{"start":{"line":94,"column":0},"end":{"line":null,"column":-1}},"type":"binary-expr","locations":[{"start":{"line":94,"column":0},"end":{"line":null,"column":-1}},{"start":{"line":94,"column":0},"end":{"line":null,"column":-1}}]},"4":{"loc":{"start":{"line":98,"column":0},"end":{"line":null,"column":-1}},"type":"binary-expr","locations":[{"start":{"line":98,"column":0},"end":{"line":null,"column":-1}},{"start":{"line":98,"column":0},"end":{"line":null,"column":-1}}]}},"s":{"0":1,"1":2,"2":16,"3":5,"4":5,"5":5,"6":1,"7":5,"8":16,"9":16,"10":1,"11":16,"12":16,"13":16,"14":12,"15":1,"16":1,"17":1,"18":1,"19":1,"20":1,"21":1},"f":{"0":16,"1":5,"2":5,"3":16,"4":16,"5":1,"6":16,"7":16,"8":16,"9":12},"b":{"0":[5,1],"1":[1,4],"2":[12,4],"3":[16,4],"4":[12,12]}}
,"/Users/zhangyufan/em/testPro/vue-scale/src/components/breadcrumb/Breadcrumb.vue": {"path":"/Users/zhangyufan/em/testPro/vue-scale/src/components/breadcrumb/Breadcrumb.vue","statementMap":{"0":{"start":{"line":8,"column":0},"end":{"line":null,"column":-1}},"1":{"start":{"line":13,"column":0},"end":{"line":null,"column":-1}},"2":{"start":{"line":14,"column":0},"end":{"line":null,"column":-1}}},"fnMap":{"0":{"name":"(anonymous_1)","decl":{"start":{"line":12,"column":0},"end":{"line":null,"column":-1}},"loc":{"start":{"line":12,"column":0},"end":{"line":15,"column":0}}}},"branchMap":{},"s":{"0":1,"1":2,"2":9},"f":{"0":9},"b":{}}
,"/Users/zhangyufan/em/testPro/vue-scale/src/components/breadcrumb/BreadcrumbItem.vue": {"path":"/Users/zhangyufan/em/testPro/vue-scale/src/components/breadcrumb/BreadcrumbItem.vue","statementMap":{"0":{"start":{"line":16,"column":0},"end":{"line":null,"column":-1}},"1":{"start":{"line":19,"column":0},"end":{"line":null,"column":-1}},"2":{"start":{"line":30,"column":0},"end":{"line":null,"column":-1}},"3":{"start":{"line":31,"column":0},"end":{"line":null,"column":-1}},"4":{"start":{"line":53,"column":0},"end":{"line":55,"column":0}},"5":{"start":{"line":54,"column":0},"end":{"line":null,"column":-1}},"6":{"start":{"line":56,"column":0},"end":{"line":58,"column":0}},"7":{"start":{"line":57,"column":0},"end":{"line":null,"column":-1}},"8":{"start":{"line":59,"column":0},"end":{"line":61,"column":0}},"9":{"start":{"line":60,"column":0},"end":{"line":null,"column":-1}},"10":{"start":{"line":36,"column":0},"end":{"line":33,"column":0}},"11":{"start":{"line":41,"column":0},"end":{"line":38,"column":0}},"12":{"start":{"line":46,"column":0},"end":{"line":43,"column":0}},"13":{"start":{"line":48,"column":0},"end":{"line":null,"column":-1}},"14":{"start":{"line":50,"column":0},"end":{"line":null,"column":-1}},"15":{"start":{"line":30,"column":0},"end":{"line":25,"column":0}}},"fnMap":{"0":{"name":"(anonymous_1)","decl":{"start":{"line":25,"column":0},"end":{"line":null,"column":-1}},"loc":{"start":{"line":25,"column":0},"end":{"line":63,"column":0}}},"1":{"name":"(anonymous_2)","decl":{"start":{"line":52,"column":0},"end":{"line":null,"column":-1}},"loc":{"start":{"line":52,"column":0},"end":{"line":62,"column":0}}},"2":{"name":"(anonymous_3)","decl":{"start":{"line":40,"column":0},"end":{"line":null,"column":-1}},"loc":{"start":{"line":40,"column":0},"end":{"line":null,"column":-1}}}},"branchMap":{"0":{"loc":{"start":{"line":53,"column":0},"end":{"line":55,"column":0}},"type":"if","locations":[{"start":{"line":53,"column":0},"end":{"line":55,"column":0}},{"start":{"line":53,"column":0},"end":{"line":55,"column":0}}]},"1":{"loc":{"start":{"line":56,"column":0},"end":{"line":58,"column":0}},"type":"if","locations":[{"start":{"line":56,"column":0},"end":{"line":58,"column":0}},{"start":{"line":56,"column":0},"end":{"line":58,"column":0}}]},"2":{"loc":{"start":{"line":59,"column":0},"end":{"line":61,"column":0}},"type":"if","locations":[{"start":{"line":59,"column":0},"end":{"line":61,"column":0}},{"start":{"line":59,"column":0},"end":{"line":61,"column":0}}]},"3":{"loc":{"start":{"line":59,"column":0},"end":{"line":null,"column":-1}},"type":"binary-expr","locations":[{"start":{"line":59,"column":0},"end":{"line":null,"column":-1}},{"start":{"line":59,"column":0},"end":{"line":null,"column":-1}}]}},"s":{"0":1,"1":1,"2":1,"3":9,"4":3,"5":1,"6":3,"7":1,"8":3,"9":1,"10":1,"11":1,"12":1,"13":1,"14":1,"15":1},"f":{"0":9,"1":3,"2":6},"b":{"0":[1,2],"1":[1,2],"2":[1,2],"3":[3,1]}}
,"/Users/zhangyufan/em/testPro/vue-scale/src/components/button/Button.vue": {"path":"/Users/zhangyufan/em/testPro/vue-scale/src/components/button/Button.vue","statementMap":{"0":{"start":{"line":36,"column":0},"end":{"line":null,"column":-1}},"1":{"start":{"line":43,"column":0},"end":{"line":null,"column":-1}},"2":{"start":{"line":44,"column":0},"end":{"line":null,"column":-1}},"3":{"start":{"line":45,"column":0},"end":{"line":null,"column":-1}},"4":{"start":{"line":52,"column":0},"end":{"line":null,"column":-1}},"5":{"start":{"line":53,"column":0},"end":{"line":null,"column":-1}},"6":{"start":{"line":55,"column":0},"end":{"line":null,"column":-1}},"7":{"start":{"line":57,"column":0},"end":{"line":null,"column":-1}},"8":{"start":{"line":59,"column":0},"end":{"line":null,"column":-1}},"9":{"start":{"line":61,"column":0},"end":{"line":null,"column":-1}},"10":{"start":{"line":63,"column":0},"end":{"line":null,"column":-1}},"11":{"start":{"line":96,"column":0},"end":{"line":null,"column":-1}},"12":{"start":{"line":100,"column":0},"end":{"line":null,"column":-1}},"13":{"start":{"line":104,"column":0},"end":{"line":null,"column":-1}},"14":{"start":{"line":108,"column":0},"end":{"line":null,"column":-1}},"15":{"start":{"line":109,"column":0},"end":{"line":null,"column":-1}},"16":{"start":{"line":110,"column":0},"end":{"line":112,"column":0}},"17":{"start":{"line":111,"column":0},"end":{"line":null,"column":-1}},"18":{"start":{"line":117,"column":0},"end":{"line":null,"column":-1}},"19":{"start":{"line":119,"column":0},"end":{"line":null,"column":-1}},"20":{"start":{"line":124,"column":0},"end":{"line":null,"column":-1}},"21":{"start":{"line":126,"column":0},"end":{"line":null,"column":-1}},"22":{"start":{"line":128,"column":0},"end":{"line":null,"column":-1}},"23":{"start":{"line":65,"column":0},"end":{"line":null,"column":-1}},"24":{"start":{"line":67,"column":0},"end":{"line":null,"column":-1}},"25":{"start":{"line":72,"column":0},"end":{"line":69,"column":0}},"26":{"start":{"line":74,"column":0},"end":{"line":null,"column":-1}},"27":{"start":{"line":76,"column":0},"end":{"line":null,"column":-1}},"28":{"start":{"line":78,"column":0},"end":{"line":null,"column":-1}},"29":{"start":{"line":80,"column":0},"end":{"line":null,"column":-1}},"30":{"start":{"line":82,"column":0},"end":{"line":null,"column":-1}},"31":{"start":{"line":87,"column":0},"end":{"line":84,"column":0}},"32":{"start":{"line":93,"column":0},"end":{"line":89,"column":0}},"33":{"start":{"line":116,"column":0},"end":{"line":null,"column":-1}},"34":{"start":{"line":52,"column":0},"end":{"line":47,"column":0}}},"fnMap":{"0":{"name":"(anonymous_1)","decl":{"start":{"line":47,"column":0},"end":{"line":null,"column":-1}},"loc":{"start":{"line":47,"column":0},"end":{"line":130,"column":0}}},"1":{"name":"(anonymous_2)","decl":{"start":{"line":95,"column":0},"end":{"line":null,"column":-1}},"loc":{"start":{"line":95,"column":0},"end":{"line":97,"column":0}}},"2":{"name":"(anonymous_3)","decl":{"start":{"line":99,"column":0},"end":{"line":null,"column":-1}},"loc":{"start":{"line":99,"column":0},"end":{"line":101,"column":0}}},"3":{"name":"(anonymous_4)","decl":{"start":{"line":103,"column":0},"end":{"line":null,"column":-1}},"loc":{"start":{"line":103,"column":0},"end":{"line":105,"column":0}}},"4":{"name":"(anonymous_5)","decl":{"start":{"line":107,"column":0},"end":{"line":null,"column":-1}},"loc":{"start":{"line":107,"column":0},"end":{"line":113,"column":0}}},"5":{"name":"(anonymous_6)","decl":{"start":{"line":116,"column":0},"end":{"line":null,"column":-1}},"loc":{"start":{"line":116,"column":0},"end":{"line":129,"column":0}}},"6":{"name":"(anonymous_7)","decl":{"start":{"line":86,"column":0},"end":{"line":null,"column":-1}},"loc":{"start":{"line":86,"column":0},"end":{"line":null,"column":-1}}}},"branchMap":{"0":{"loc":{"start":{"line":96,"column":0},"end":{"line":null,"column":-1}},"type":"binary-expr","locations":[{"start":{"line":96,"column":0},"end":{"line":null,"column":-1}},{"start":{"line":96,"column":0},"end":{"line":null,"column":-1}}]},"1":{"loc":{"start":{"line":104,"column":0},"end":{"line":null,"column":-1}},"type":"cond-expr","locations":[{"start":{"line":104,"column":0},"end":{"line":null,"column":-1}},{"start":{"line":104,"column":0},"end":{"line":null,"column":-1}}]},"2":{"loc":{"start":{"line":110,"column":0},"end":{"line":112,"column":0}},"type":"if","locations":[{"start":{"line":110,"column":0},"end":{"line":112,"column":0}},{"start":{"line":110,"column":0},"end":{"line":112,"column":0}}]}},"s":{"0":4,"1":4,"2":4,"3":4,"4":4,"5":204,"6":204,"7":204,"8":204,"9":204,"10":204,"11":204,"12":204,"13":204,"14":2,"15":2,"16":2,"17":1,"18":1,"19":1,"20":1,"21":1,"22":1,"23":4,"24":4,"25":4,"26":4,"27":4,"28":4,"29":4,"30":4,"31":4,"32":4,"33":4,"34":4},"f":{"0":204,"1":204,"2":204,"3":204,"4":2,"5":1,"6":1},"b":{"0":[204,2],"1":[2,202],"2":[1,1]}}
,"/Users/zhangyufan/em/testPro/vue-scale/src/components/button/ButtonGroup.vue": {"path":"/Users/zhangyufan/em/testPro/vue-scale/src/components/button/ButtonGroup.vue","statementMap":{"0":{"start":{"line":11,"column":0},"end":{"line":null,"column":-1}},"1":{"start":{"line":20,"column":0},"end":{"line":null,"column":-1}},"2":{"start":{"line":21,"column":0},"end":{"line":null,"column":-1}},"3":{"start":{"line":27,"column":0},"end":{"line":null,"column":-1}},"4":{"start":{"line":23,"column":0},"end":{"line":null,"column":-1}},"5":{"start":{"line":25,"column":0},"end":{"line":null,"column":-1}}},"fnMap":{"0":{"name":"(anonymous_1)","decl":{"start":{"line":19,"column":0},"end":{"line":null,"column":-1}},"loc":{"start":{"line":19,"column":0},"end":{"line":28,"column":0}}}},"branchMap":{},"s":{"0":2,"1":4,"2":2,"3":4,"4":2,"5":2},"f":{"0":2},"b":{}}
,"/Users/zhangyufan/em/testPro/vue-scale/src/components/cascader/Cascader.vue": {"path":"/Users/zhangyufan/em/testPro/vue-scale/src/components/cascader/Cascader.vue","statementMap":{"0":{"start":{"line":108,"column":0},"end":{"line":null,"column":-1}},"1":{"start":{"line":115,"column":0},"end":{"line":null,"column":-1}},"2":{"start":{"line":116,"column":0},"end":{"line":null,"column":-1}},"3":{"start":{"line":117,"column":0},"end":{"line":null,"column":-1}},"4":{"start":{"line":118,"column":0},"end":{"line":null,"column":-1}},"5":{"start":{"line":119,"column":0},"end":{"line":null,"column":-1}},"6":{"start":{"line":120,"column":0},"end":{"line":null,"column":-1}},"7":{"start":{"line":121,"column":0},"end":{"line":null,"column":-1}},"8":{"start":{"line":122,"column":0},"end":{"line":null,"column":-1}},"9":{"start":{"line":128,"column":0},"end":{"line":null,"column":-1}},"10":{"start":{"line":131,"column":0},"end":{"line":null,"column":-1}},"11":{"start":{"line":132,"column":0},"end":{"line":null,"column":-1}},"12":{"start":{"line":133,"column":0},"end":{"line":null,"column":-1}},"13":{"start":{"line":134,"column":0},"end":{"line":null,"column":-1}},"14":{"start":{"line":135,"column":0},"end":{"line":null,"column":-1}},"15":{"start":{"line":137,"column":0},"end":{"line":null,"column":-1}},"16":{"start":{"line":139,"column":0},"end":{"line":null,"column":-1}},"17":{"start":{"line":148,"column":0},"end":{"line":null,"column":-1}},"18":{"start":{"line":149,"column":0},"end":{"line":null,"column":-1}},"19":{"start":{"line":151,"column":0},"end":{"line":null,"column":-1}},"20":{"start":{"line":153,"column":0},"end":{"line":null,"column":-1}},"21":{"start":{"line":155,"column":0},"end":{"line":null,"column":-1}},"22":{"start":{"line":159,"column":0},"end":{"line":null,"column":-1}},"23":{"start":{"line":161,"column":0},"end":{"line":null,"column":-1}},"24":{"start":{"line":163,"column":0},"end":{"line":null,"column":-1}},"25":{"start":{"line":165,"column":0},"end":{"line":null,"column":-1}},"26":{"start":{"line":167,"column":0},"end":{"line":null,"column":-1}},"27":{"start":{"line":169,"column":0},"end":{"line":null,"column":-1}},"28":{"start":{"line":249,"column":0},"end":{"line":null,"column":-1}},"29":{"start":{"line":253,"column":0},"end":{"line":null,"column":-1}},"30":{"start":{"line":257,"column":0},"end":{"line":null,"column":-1}},"31":{"start":{"line":261,"column":0},"end":{"line":null,"column":-1}},"32":{"start":{"line":262,"column":0},"end":{"line":null,"column":-1}},"33":{"start":{"line":266,"column":0},"end":{"line":null,"column":-1}},"34":{"start":{"line":270,"column":0},"end":{"line":null,"column":-1}},"35":{"start":{"line":276,"column":0},"end":{"line":null,"column":-1}},"36":{"start":{"line":277,"column":0},"end":{"line":null,"column":-1}},"37":{"start":{"line":281,"column":0},"end":{"line":null,"column":-1}},"38":{"start":{"line":285,"column":0},"end":{"line":null,"column":-1}},"39":{"start":{"line":289,"column":0},"end":{"line":293,"column":0}},"40":{"start":{"line":290,"column":0},"end":{"line":null,"column":-1}},"41":{"start":{"line":292,"column":0},"end":{"line":null,"column":-1}},"42":{"start":{"line":298,"column":0},"end":{"line":null,"column":-1}},"43":{"start":{"line":301,"column":0},"end":{"line":null,"column":-1}},"44":{"start":{"line":302,"column":0},"end":{"line":null,"column":-1}},"45":{"start":{"line":303,"column":0},"end":{"line":null,"column":-1}},"46":{"start":{"line":314,"column":0},"end":{"line":null,"column":-1}},"47":{"start":{"line":316,"column":0},"end":{"line":null,"column":-1}},"48":{"start":{"line":317,"column":0},"end":{"line":null,"column":-1}},"49":{"start":{"line":319,"column":0},"end":{"line":322,"column":0}},"50":{"start":{"line":320,"column":0},"end":{"line":null,"column":-1}},"51":{"start":{"line":321,"column":0},"end":{"line":null,"column":-1}},"52":{"start":{"line":324,"column":0},"end":{"line":null,"column":-1}},"53":{"start":{"line":328,"column":0},"end":{"line":340,"column":0}},"54":{"start":{"line":329,"column":0},"end":{"line":339,"column":0}},"55":{"start":{"line":330,"column":0},"end":{"line":null,"column":-1}},"56":{"start":{"line":331,"column":0},"end":{"line":338,"column":0}},"57":{"start":{"line":332,"column":0},"end":{"line":null,"column":-1}},"58":{"start":{"line":333,"column":0},"end":{"line":335,"column":0}},"59":{"start":{"line":334,"column":0},"end":{"line":null,"column":-1}},"60":{"start":{"line":336,"column":0},"end":{"line":null,"column":-1}},"61":{"start":{"line":337,"column":0},"end":{"line":null,"column":-1}},"62":{"start":{"line":344,"column":0},"end":{"line":348,"column":0}},"63":{"start":{"line":345,"column":0},"end":{"line":null,"column":-1}},"64":{"start":{"line":346,"column":0},"end":{"line":null,"column":-1}},"65":{"start":{"line":347,"column":0},"end":{"line":null,"column":-1}},"66":{"start":{"line":353,"column":0},"end":{"line":null,"column":-1}},"67":{"start":{"line":355,"column":0},"end":{"line":357,"column":0}},"68":{"start":{"line":356,"column":0},"end":{"line":null,"column":-1}},"69":{"start":{"line":358,"column":0},"end":{"line":null,"column":-1}},"70":{"start":{"line":362,"column":0},"end":{"line":375,"column":0}},"71":{"start":{"line":366,"column":0},"end":{"line":null,"column":-1}},"72":{"start":{"line":367,"column":0},"end":{"line":null,"column":-1}},"73":{"start":{"line":369,"column":0},"end":{"line":371,"column":0}},"74":{"start":{"line":370,"column":0},"end":{"line":null,"column":-1}},"75":{"start":{"line":372,"column":0},"end":{"line":null,"column":-1}},"76":{"start":{"line":373,"column":0},"end":{"line":null,"column":-1}},"77":{"start":{"line":374,"column":0},"end":{"line":null,"column":-1}},"78":{"start":{"line":379,"column":0},"end":{"line":null,"column":-1}},"79":{"start":{"line":381,"column":0},"end":{"line":null,"column":-1}},"80":{"start":{"line":383,"column":0},"end":{"line":null,"column":-1}},"81":{"start":{"line":385,"column":0},"end":{"line":388,"column":0}},"82":{"start":{"line":386,"column":0},"end":{"line":null,"column":-1}},"83":{"start":{"line":387,"column":0},"end":{"line":null,"column":-1}},"84":{"start":{"line":390,"column":0},"end":{"line":null,"column":-1}},"85":{"start":{"line":394,"column":0},"end":{"line":null,"column":-1}},"86":{"start":{"line":398,"column":0},"end":{"line":null,"column":-1}},"87":{"start":{"line":399,"column":0},"end":{"line":401,"column":0}},"88":{"start":{"line":400,"column":0},"end":{"line":null,"column":-1}},"89":{"start":{"line":405,"column":0},"end":{"line":null,"column":-1}},"90":{"start":{"line":406,"column":0},"end":{"line":408,"column":0}},"91":{"start":{"line":407,"column":0},"end":{"line":null,"column":-1}},"92":{"start":{"line":412,"column":0},"end":{"line":null,"column":-1}},"93":{"start":{"line":413,"column":0},"end":{"line":null,"column":-1}},"94":{"start":{"line":417,"column":0},"end":{"line":null,"column":-1}},"95":{"start":{"line":421,"column":0},"end":{"line":441,"column":0}},"96":{"start":{"line":422,"column":0},"end":{"line":null,"column":-1}},"97":{"start":{"line":427,"column":0},"end":{"line":null,"column":-1}},"98":{"start":{"line":428,"column":0},"end":{"line":null,"column":-1}},"99":{"start":{"line":429,"column":0},"end":{"line":null,"column":-1}},"100":{"start":{"line":430,"column":0},"end":{"line":null,"column":-1}},"101":{"start":{"line":431,"column":0},"end":{"line":null,"column":-1}},"102":{"start":{"line":440,"column":0},"end":{"line":null,"column":-1}},"103":{"start":{"line":442,"column":0},"end":{"line":null,"column":-1}},"104":{"start":{"line":443,"column":0},"end":{"line":null,"column":-1}},"105":{"start":{"line":444,"column":0},"end":{"line":null,"column":-1}},"106":{"start":{"line":449,"column":0},"end":{"line":null,"column":-1}},"107":{"start":{"line":451,"column":0},"end":{"line":null,"column":-1}},"108":{"start":{"line":461,"column":0},"end":{"line":null,"column":-1}},"109":{"start":{"line":465,"column":0},"end":{"line":null,"column":-1}},"110":{"start":{"line":474,"column":0},"end":{"line":null,"column":-1}},"111":{"start":{"line":475,"column":0},"end":{"line":null,"column":-1}},"112":{"start":{"line":171,"column":0},"end":{"line":null,"column":-1}},"113":{"start":{"line":176,"column":0},"end":{"line":173,"column":0}},"114":{"start":{"line":181,"column":0},"end":{"line":178,"column":0}},"115":{"start":{"line":186,"column":0},"end":{"line":183,"column":0}},"116":{"start":{"line":191,"column":0},"end":{"line":188,"column":0}},"117":{"start":{"line":196,"column":0},"end":{"line":193,"column":0}},"118":{"start":{"line":198,"column":0},"end":{"line":null,"column":-1}},"119":{"start":{"line":200,"column":0},"end":{"line":null,"column":-1}},"120":{"start":{"line":202,"column":0},"end":{"line":null,"column":-1}},"121":{"start":{"line":204,"column":0},"end":{"line":null,"column":-1}},"122":{"start":{"line":209,"column":0},"end":{"line":206,"column":0}},"123":{"start":{"line":214,"column":0},"end":{"line":211,"column":0}},"124":{"start":{"line":219,"column":0},"end":{"line":216,"column":0}},"125":{"start":{"line":218,"column":0},"end":{"line":null,"column":-1}},"126":{"start":{"line":230,"column":0},"end":{"line":221,"column":0}},"127":{"start":{"line":224,"column":0},"end":{"line":228,"column":0}},"128":{"start":{"line":225,"column":0},"end":{"line":227,"column":0}},"129":{"start":{"line":226,"column":0},"end":{"line":null,"column":-1}},"130":{"start":{"line":232,"column":0},"end":{"line":null,"column":-1}},"131":{"start":{"line":234,"column":0},"end":{"line":null,"column":-1}},"132":{"start":{"line":236,"column":0},"end":{"line":null,"column":-1}},"133":{"start":{"line":241,"column":0},"end":{"line":238,"column":0}},"134":{"start":{"line":246,"column":0},"end":{"line":243,"column":0}},"135":{"start":{"line":297,"column":0},"end":{"line":null,"column":-1}},"136":{"start":{"line":148,"column":0},"end":{"line":141,"column":0}}},"fnMap":{"0":{"name":"(anonymous_1)","decl":{"start":{"line":141,"column":0},"end":{"line":null,"column":-1}},"loc":{"start":{"line":141,"column":0},"end":{"line":477,"column":0}}},"1":{"name":"(anonymous_2)","decl":{"start":{"line":248,"column":0},"end":{"line":null,"column":-1}},"loc":{"start":{"line":248,"column":0},"end":{"line":250,"column":0}}},"2":{"name":"(anonymous_3)","decl":{"start":{"line":252,"column":0},"end":{"line":null,"column":-1}},"loc":{"start":{"line":252,"column":0},"end":{"line":254,"column":0}}},"3":{"name":"(anonymous_4)","decl":{"start":{"line":256,"column":0},"end":{"line":null,"column":-1}},"loc":{"start":{"line":256,"column":0},"end":{"line":258,"column":0}}},"4":{"name":"(anonymous_5)","decl":{"start":{"line":260,"column":0},"end":{"line":null,"column":-1}},"loc":{"start":{"line":260,"column":0},"end":{"line":263,"column":0}}},"5":{"name":"(anonymous_6)","decl":{"start":{"line":265,"column":0},"end":{"line":null,"column":-1}},"loc":{"start":{"line":265,"column":0},"end":{"line":267,"column":0}}},"6":{"name":"(anonymous_7)","decl":{"start":{"line":269,"column":0},"end":{"line":null,"column":-1}},"loc":{"start":{"line":269,"column":0},"end":{"line":273,"column":0}}},"7":{"name":"(anonymous_8)","decl":{"start":{"line":275,"column":0},"end":{"line":null,"column":-1}},"loc":{"start":{"line":275,"column":0},"end":{"line":278,"column":0}}},"8":{"name":"(anonymous_9)","decl":{"start":{"line":280,"column":0},"end":{"line":null,"column":-1}},"loc":{"start":{"line":280,"column":0},"end":{"line":282,"column":0}}},"9":{"name":"(anonymous_10)","decl":{"start":{"line":284,"column":0},"end":{"line":null,"column":-1}},"loc":{"start":{"line":284,"column":0},"end":{"line":286,"column":0}}},"10":{"name":"(anonymous_11)","decl":{"start":{"line":288,"column":0},"end":{"line":null,"column":-1}},"loc":{"start":{"line":288,"column":0},"end":{"line":294,"column":0}}},"11":{"name":"(anonymous_12)","decl":{"start":{"line":297,"column":0},"end":{"line":null,"column":-1}},"loc":{"start":{"line":297,"column":0},"end":{"line":325,"column":0}}},"12":{"name":"(anonymous_13)","decl":{"start":{"line":327,"column":0},"end":{"line":null,"column":-1}},"loc":{"start":{"line":327,"column":0},"end":{"line":341,"column":0}}},"13":{"name":"(anonymous_14)","decl":{"start":{"line":329,"column":0},"end":{"line":null,"column":-1}},"loc":{"start":{"line":329,"column":0},"end":{"line":339,"column":0}}},"14":{"name":"(anonymous_15)","decl":{"start":{"line":331,"column":0},"end":{"line":null,"column":-1}},"loc":{"start":{"line":331,"column":0},"end":{"line":338,"column":0}}},"15":{"name":"(anonymous_16)","decl":{"start":{"line":343,"column":0},"end":{"line":null,"column":-1}},"loc":{"start":{"line":343,"column":0},"end":{"line":349,"column":0}}},"16":{"name":"(anonymous_17)","decl":{"start":{"line":352,"column":0},"end":{"line":null,"column":-1}},"loc":{"start":{"line":352,"column":0},"end":{"line":359,"column":0}}},"17":{"name":"(anonymous_18)","decl":{"start":{"line":361,"column":0},"end":{"line":null,"column":-1}},"loc":{"start":{"line":361,"column":0},"end":{"line":376,"column":0}}},"18":{"name":"(anonymous_19)","decl":{"start":{"line":369,"column":0},"end":{"line":null,"column":-1}},"loc":{"start":{"line":369,"column":0},"end":{"line":371,"column":0}}},"19":{"name":"(anonymous_20)","decl":{"start":{"line":378,"column":0},"end":{"line":null,"column":-1}},"loc":{"start":{"line":378,"column":0},"end":{"line":391,"column":0}}},"20":{"name":"(anonymous_21)","decl":{"start":{"line":393,"column":0},"end":{"line":null,"column":-1}},"loc":{"start":{"line":393,"column":0},"end":{"line":395,"column":0}}},"21":{"name":"(anonymous_22)","decl":{"start":{"line":397,"column":0},"end":{"line":null,"column":-1}},"loc":{"start":{"line":397,"column":0},"end":{"line":402,"column":0}}},"22":{"name":"(anonymous_23)","decl":{"start":{"line":404,"column":0},"end":{"line":null,"column":-1}},"loc":{"start":{"line":404,"column":0},"end":{"line":409,"column":0}}},"23":{"name":"(anonymous_24)","decl":{"start":{"line":411,"column":0},"end":{"line":null,"column":-1}},"loc":{"start":{"line":411,"column":0},"end":{"line":414,"column":0}}},"24":{"name":"(anonymous_25)","decl":{"start":{"line":416,"column":0},"end":{"line":null,"column":-1}},"loc":{"start":{"line":416,"column":0},"end":{"line":418,"column":0}}},"25":{"name":"(anonymous_26)","decl":{"start":{"line":420,"column":0},"end":{"line":null,"column":-1}},"loc":{"start":{"line":420,"column":0},"end":{"line":445,"column":0}}},"26":{"name":"(anonymous_27)","decl":{"start":{"line":447,"column":0},"end":{"line":null,"column":-1}},"loc":{"start":{"line":447,"column":0},"end":{"line":457,"column":0}}},"27":{"name":"(anonymous_28)","decl":{"start":{"line":459,"column":0},"end":{"line":null,"column":-1}},"loc":{"start":{"line":459,"column":0},"end":{"line":471,"column":0}}},"28":{"name":"(anonymous_29)","decl":{"start":{"line":473,"column":0},"end":{"line":null,"column":-1}},"loc":{"start":{"line":473,"column":0},"end":{"line":476,"column":0}}},"29":{"name":"(anonymous_30)","decl":{"start":{"line":218,"column":0},"end":{"line":null,"column":-1}},"loc":{"start":{"line":218,"column":0},"end":{"line":null,"column":-1}}},"30":{"name":"(anonymous_31)","decl":{"start":{"line":224,"column":0},"end":{"line":null,"column":-1}},"loc":{"start":{"line":224,"column":0},"end":{"line":228,"column":0}}},"31":{"name":"(anonymous_32)","decl":{"start":{"line":225,"column":0},"end":{"line":null,"column":-1}},"loc":{"start":{"line":225,"column":0},"end":{"line":227,"column":0}}}},"branchMap":{"0":{"loc":{"start":{"line":261,"column":0},"end":{"line":null,"column":-1}},"type":"cond-expr","locations":[{"start":{"line":261,"column":0},"end":{"line":null,"column":-1}},{"start":{"line":261,"column":0},"end":{"line":null,"column":-1}}]},"1":{"loc":{"start":{"line":289,"column":0},"end":{"line":293,"column":0}},"type":"if","locations":[{"start":{"line":289,"column":0},"end":{"line":293,"column":0}},{"start":{"line":289,"column":0},"end":{"line":293,"column":0}}]},"2":{"loc":{"start":{"line":319,"column":0},"end":{"line":322,"column":0}},"type":"if","locations":[{"start":{"line":319,"column":0},"end":{"line":322,"column":0}},{"start":{"line":319,"column":0},"end":{"line":322,"column":0}}]},"3":{"loc":{"start":{"line":328,"column":0},"end":{"line":340,"column":0}},"type":"if","locations":[{"start":{"line":328,"column":0},"end":{"line":340,"column":0}},{"start":{"line":328,"column":0},"end":{"line":340,"column":0}}]},"4":{"loc":{"start":{"line":328,"column":0},"end":{"line":null,"column":-1}},"type":"binary-expr","locations":[{"start":{"line":328,"column":0},"end":{"line":null,"column":-1}},{"start":{"line":328,"column":0},"end":{"line":null,"column":-1}}]},"5":{"loc":{"start":{"line":333,"column":0},"end":{"line":335,"column":0}},"type":"if","locations":[{"start":{"line":333,"column":0},"end":{"line":335,"column":0}},{"start":{"line":333,"column":0},"end":{"line":335,"column":0}}]},"6":{"loc":{"start":{"line":344,"column":0},"end":{"line":348,"column":0}},"type":"if","locations":[{"start":{"line":344,"column":0},"end":{"line":348,"column":0}},{"start":{"line":344,"column":0},"end":{"line":348,"column":0}}]},"7":{"loc":{"start":{"line":353,"column":0},"end":{"line":null,"column":-1}},"type":"cond-expr","locations":[{"start":{"line":353,"column":0},"end":{"line":null,"column":-1}},{"start":{"line":353,"column":0},"end":{"line":null,"column":-1}}]},"8":{"loc":{"start":{"line":362,"column":0},"end":{"line":375,"column":0}},"type":"if","locations":[{"start":{"line":362,"column":0},"end":{"line":375,"column":0}},{"start":{"line":362,"column":0},"end":{"line":375,"column":0}}]},"9":{"loc":{"start":{"line":362,"column":0},"end":{"line":null,"column":-1}},"type":"binary-expr","locations":[{"start":{"line":362,"column":0},"end":{"line":null,"column":-1}},{"start":{"line":362,"column":0},"end":{"line":null,"column":-1}}]},"10":{"loc":{"start":{"line":367,"column":0},"end":{"line":null,"column":-1}},"type":"cond-expr","locations":[{"start":{"line":367,"column":0},"end":{"line":null,"column":-1}},{"start":{"line":367,"column":0},"end":{"line":null,"column":-1}}]},"11":{"loc":{"start":{"line":385,"column":0},"end":{"line":388,"column":0}},"type":"if","locations":[{"start":{"line":385,"column":0},"end":{"line":388,"column":0}},{"start":{"line":385,"column":0},"end":{"line":388,"column":0}}]},"12":{"loc":{"start":{"line":385,"column":0},"end":{"line":null,"column":-1}},"type":"binary-expr","locations":[{"start":{"line":385,"column":0},"end":{"line":null,"column":-1}},{"start":{"line":385,"column":0},"end":{"line":null,"column":-1}}]},"13":{"loc":{"start":{"line":399,"column":0},"end":{"line":401,"column":0}},"type":"if","locations":[{"start":{"line":399,"column":0},"end":{"line":401,"column":0}},{"start":{"line":399,"column":0},"end":{"line":401,"column":0}}]},"14":{"loc":{"start":{"line":406,"column":0},"end":{"line":408,"column":0}},"type":"if","locations":[{"start":{"line":406,"column":0},"end":{"line":408,"column":0}},{"start":{"line":406,"column":0},"end":{"line":408,"column":0}}]},"15":{"loc":{"start":{"line":421,"column":0},"end":{"line":441,"column":0}},"type":"if","locations":[{"start":{"line":421,"column":0},"end":{"line":441,"column":0}},{"start":{"line":421,"column":0},"end":{"line":441,"column":0}}]},"16":{"loc":{"start":{"line":429,"column":0},"end":{"line":null,"column":-1}},"type":"binary-expr","locations":[{"start":{"line":429,"column":0},"end":{"line":null,"column":-1}},{"start":{"line":429,"column":0},"end":{"line":null,"column":-1}}]}},"s":{"0":1,"1":1,"2":1,"3":1,"4":1,"5":1,"6":1,"7":1,"8":1,"9":1,"10":1,"11":1,"12":1,"13":1,"14":1,"15":1,"16":1,"17":1,"18":81,"19":81,"20":81,"21":81,"22":81,"23":81,"24":81,"25":81,"26":81,"27":81,"28":1,"29":81,"30":148,"31":148,"32":148,"33":81,"34":86,"35":81,"36":81,"37":1,"38":1,"39":3,"40":1,"41":2,"42":2,"43":2,"44":2,"45":2,"46":2,"47":2,"48":2,"49":2,"50":1,"51":1,"52":2,"53":3,"54":2,"55":2,"56":2,"57":2,"58":2,"59":1,"60":2,"61":2,"62":2,"63":1,"64":1,"65":1,"66":4,"67":4,"68":3,"69":4,"70":3,"71":2,"72":2,"73":2,"74":3,"75":2,"76":2,"77":2,"78":2,"79":2,"80":2,"81":2,"82":1,"83":1,"84":2,"85":5,"86":2,"87":2,"88":1,"89":2,"90":2,"91":1,"92":2,"93":2,"94":1,"95":2,"96":1,"97":1,"98":1,"99":1,"100":1,"101":1,"102":1,"103":2,"104":2,"105":2,"106":1,"107":1,"108":2,"109":2,"110":3,"111":3,"112":1,"113":1,"114":1,"115":1,"116":1,"117":1,"118":1,"119":1,"120":1,"121":1,"122":1,"123":1,"124":1,"125":81,"126":1,"127":2,"128":2,"129":2,"130":1,"131":1,"132":1,"133":1,"134":1,"135":1,"136":1},"f":{"0":81,"1":1,"2":81,"3":148,"4":148,"5":81,"6":86,"7":81,"8":1,"9":1,"10":3,"11":2,"12":3,"13":2,"14":2,"15":2,"16":4,"17":3,"18":3,"19":2,"20":5,"21":2,"22":2,"23":2,"24":1,"25":2,"26":1,"27":2,"28":3,"29":81,"30":2,"31":2},"b":{"0":[18,130],"1":[1,2],"2":[1,1],"3":[2,1],"4":[3,2],"5":[1,1],"6":[1,1],"7":[1,3],"8":[2,1],"9":[3,2],"10":[1,1],"11":[1,1],"12":[2,2],"13":[1,1],"14":[1,1],"15":[1,1],"16":[1,1]}}
,"/Users/zhangyufan/em/testPro/vue-scale/src/components/cascader/CascaderPanel.vue": {"path":"/Users/zhangyufan/em/testPro/vue-scale/src/components/cascader/CascaderPanel.vue","statementMap":{"0":{"start":{"line":31,"column":0},"end":{"line":null,"column":-1}},"1":{"start":{"line":38,"column":0},"end":{"line":null,"column":-1}},"2":{"start":{"line":39,"column":0},"end":{"line":null,"column":-1}},"3":{"start":{"line":40,"column":0},"end":{"line":null,"column":-1}},"4":{"start":{"line":41,"column":0},"end":{"line":null,"column":-1}},"5":{"start":{"line":42,"column":0},"end":{"line":null,"column":-1}},"6":{"start":{"line":48,"column":0},"end":{"line":null,"column":-1}},"7":{"start":{"line":50,"column":0},"end":{"line":null,"column":-1}},"8":{"start":{"line":62,"column":0},"end":{"line":null,"column":-1}},"9":{"start":{"line":63,"column":0},"end":{"line":null,"column":-1}},"10":{"start":{"line":65,"column":0},"end":{"line":null,"column":-1}},"11":{"start":{"line":67,"column":0},"end":{"line":null,"column":-1}},"12":{"start":{"line":87,"column":0},"end":{"line":null,"column":-1}},"13":{"start":{"line":96,"column":0},"end":{"line":106,"column":0}},"14":{"start":{"line":103,"column":0},"end":{"line":null,"column":-1}},"15":{"start":{"line":105,"column":0},"end":{"line":null,"column":-1}},"16":{"start":{"line":116,"column":0},"end":{"line":167,"column":0}},"17":{"start":{"line":117,"column":0},"end":{"line":null,"column":-1}},"18":{"start":{"line":118,"column":0},"end":{"line":null,"column":-1}},"19":{"start":{"line":123,"column":0},"end":{"line":129,"column":0}},"20":{"start":{"line":127,"column":0},"end":{"line":null,"column":-1}},"21":{"start":{"line":128,"column":0},"end":{"line":null,"column":-1}},"22":{"start":{"line":131,"column":0},"end":{"line":null,"column":-1}},"23":{"start":{"line":133,"column":0},"end":{"line":null,"column":-1}},"24":{"start":{"line":138,"column":0},"end":{"line":null,"column":-1}},"25":{"start":{"line":140,"column":0},"end":{"line":null,"column":-1}},"26":{"start":{"line":142,"column":0},"end":{"line":152,"column":0}},"27":{"start":{"line":143,"column":0},"end":{"line":null,"column":-1}},"28":{"start":{"line":151,"column":0},"end":{"line":null,"column":-1}},"29":{"start":{"line":154,"column":0},"end":{"line":156,"column":0}},"30":{"start":{"line":155,"column":0},"end":{"line":null,"column":-1}},"31":{"start":{"line":158,"column":0},"end":{"line":166,"column":0}},"32":{"start":{"line":159,"column":0},"end":{"line":null,"column":-1}},"33":{"start":{"line":165,"column":0},"end":{"line":null,"column":-1}},"34":{"start":{"line":173,"column":0},"end":{"line":null,"column":-1}},"35":{"start":{"line":175,"column":0},"end":{"line":177,"column":0}},"36":{"start":{"line":176,"column":0},"end":{"line":null,"column":-1}},"37":{"start":{"line":181,"column":0},"end":{"line":184,"column":0}},"38":{"start":{"line":182,"column":0},"end":{"line":null,"column":-1}},"39":{"start":{"line":183,"column":0},"end":{"line":null,"column":-1}},"40":{"start":{"line":185,"column":0},"end":{"line":null,"column":-1}},"41":{"start":{"line":186,"column":0},"end":{"line":null,"column":-1}},"42":{"start":{"line":190,"column":0},"end":{"line":null,"column":-1}},"43":{"start":{"line":191,"column":0},"end":{"line":null,"column":-1}},"44":{"start":{"line":201,"column":0},"end":{"line":null,"column":-1}},"45":{"start":{"line":202,"column":0},"end":{"line":null,"column":-1}},"46":{"start":{"line":208,"column":0},"end":{"line":210,"column":0}},"47":{"start":{"line":209,"column":0},"end":{"line":null,"column":-1}},"48":{"start":{"line":212,"column":0},"end":{"line":214,"column":0}},"49":{"start":{"line":213,"column":0},"end":{"line":null,"column":-1}},"50":{"start":{"line":69,"column":0},"end":{"line":null,"column":-1}},"51":{"start":{"line":74,"column":0},"end":{"line":71,"column":0}},"52":{"start":{"line":79,"column":0},"end":{"line":76,"column":0}},"53":{"start":{"line":84,"column":0},"end":{"line":81,"column":0}},"54":{"start":{"line":83,"column":0},"end":{"line":null,"column":-1}},"55":{"start":{"line":200,"column":0},"end":{"line":null,"column":-1}},"56":{"start":{"line":206,"column":0},"end":{"line":null,"column":-1}},"57":{"start":{"line":62,"column":0},"end":{"line":57,"column":0}}},"fnMap":{"0":{"name":"(anonymous_1)","decl":{"start":{"line":57,"column":0},"end":{"line":null,"column":-1}},"loc":{"start":{"line":57,"column":0},"end":{"line":216,"column":0}}},"1":{"name":"(anonymous_2)","decl":{"start":{"line":86,"column":0},"end":{"line":null,"column":-1}},"loc":{"start":{"line":86,"column":0},"end":{"line":93,"column":0}}},"2":{"name":"(anonymous_3)","decl":{"start":{"line":95,"column":0},"end":{"line":null,"column":-1}},"loc":{"start":{"line":95,"column":0},"end":{"line":107,"column":0}}},"3":{"name":"(anonymous_4)","decl":{"start":{"line":109,"column":0},"end":{"line":null,"column":-1}},"loc":{"start":{"line":109,"column":0},"end":{"line":168,"column":0}}},"4":{"name":"(anonymous_5)","decl":{"start":{"line":118,"column":0},"end":{"line":null,"column":-1}},"loc":{"start":{"line":118,"column":0},"end":{"line":null,"column":-1}}},"5":{"name":"(anonymous_6)","decl":{"start":{"line":172,"column":0},"end":{"line":null,"column":-1}},"loc":{"start":{"line":172,"column":0},"end":{"line":178,"column":0}}},"6":{"name":"(anonymous_7)","decl":{"start":{"line":180,"column":0},"end":{"line":null,"column":-1}},"loc":{"start":{"line":180,"column":0},"end":{"line":187,"column":0}}},"7":{"name":"(anonymous_8)","decl":{"start":{"line":181,"column":0},"end":{"line":null,"column":-1}},"loc":{"start":{"line":181,"column":0},"end":{"line":184,"column":0}}},"8":{"name":"(anonymous_9)","decl":{"start":{"line":189,"column":0},"end":{"line":null,"column":-1}},"loc":{"start":{"line":189,"column":0},"end":{"line":197,"column":0}}},"9":{"name":"(anonymous_10)","decl":{"start":{"line":200,"column":0},"end":{"line":null,"column":-1}},"loc":{"start":{"line":200,"column":0},"end":{"line":203,"column":0}}},"10":{"name":"(anonymous_11)","decl":{"start":{"line":206,"column":0},"end":{"line":null,"column":-1}},"loc":{"start":{"line":206,"column":0},"end":{"line":215,"column":0}}},"11":{"name":"(anonymous_12)","decl":{"start":{"line":83,"column":0},"end":{"line":null,"column":-1}},"loc":{"start":{"line":83,"column":0},"end":{"line":null,"column":-1}}}},"branchMap":{"0":{"loc":{"start":{"line":96,"column":0},"end":{"line":106,"column":0}},"type":"if","locations":[{"start":{"line":96,"column":0},"end":{"line":106,"column":0}},{"start":{"line":96,"column":0},"end":{"line":106,"column":0}}]},"1":{"loc":{"start":{"line":96,"column":0},"end":{"line":null,"column":-1}},"type":"binary-expr","locations":[{"start":{"line":96,"column":0},"end":{"line":null,"column":-1}},{"start":{"line":96,"column":0},"end":{"line":null,"column":-1}},{"start":{"line":96,"column":0},"end":{"line":null,"column":-1}}]},"2":{"loc":{"start":{"line":116,"column":0},"end":{"line":167,"column":0}},"type":"if","locations":[{"start":{"line":116,"column":0},"end":{"line":167,"column":0}},{"start":{"line":116,"column":0},"end":{"line":167,"column":0}}]},"3":{"loc":{"start":{"line":123,"column":0},"end":{"line":129,"column":0}},"type":"if","locations":[{"start":{"line":123,"column":0},"end":{"line":129,"column":0}},{"start":{"line":123,"column":0},"end":{"line":129,"column":0}}]},"4":{"loc":{"start":{"line":123,"column":0},"end":{"line":null,"column":-1}},"type":"binary-expr","locations":[{"start":{"line":123,"column":0},"end":{"line":null,"column":-1}},{"start":{"line":123,"column":0},"end":{"line":null,"column":-1}},{"start":{"line":123,"column":0},"end":{"line":null,"column":-1}},{"start":{"line":123,"column":0},"end":{"line":null,"column":-1}}]},"5":{"loc":{"start":{"line":138,"column":0},"end":{"line":null,"column":-1}},"type":"binary-expr","locations":[{"start":{"line":138,"column":0},"end":{"line":null,"column":-1}},{"start":{"line":138,"column":0},"end":{"line":null,"column":-1}},{"start":{"line":138,"column":0},"end":{"line":null,"column":-1}}]},"6":{"loc":{"start":{"line":142,"column":0},"end":{"line":152,"column":0}},"type":"if","locations":[{"start":{"line":142,"column":0},"end":{"line":152,"column":0}},{"start":{"line":142,"column":0},"end":{"line":152,"column":0}}]},"7":{"loc":{"start":{"line":149,"column":0},"end":{"line":null,"column":-1}},"type":"cond-expr","locations":[{"start":{"line":149,"column":0},"end":{"line":null,"column":-1}},{"start":{"line":149,"column":0},"end":{"line":null,"column":-1}}]},"8":{"loc":{"start":{"line":154,"column":0},"end":{"line":156,"column":0}},"type":"if","locations":[{"start":{"line":154,"column":0},"end":{"line":156,"column":0}},{"start":{"line":154,"column":0},"end":{"line":156,"column":0}}]},"9":{"loc":{"start":{"line":158,"column":0},"end":{"line":166,"column":0}},"type":"if","locations":[{"start":{"line":158,"column":0},"end":{"line":166,"column":0}},{"start":{"line":158,"column":0},"end":{"line":166,"column":0}}]},"10":{"loc":{"start":{"line":158,"column":0},"end":{"line":null,"column":-1}},"type":"binary-expr","locations":[{"start":{"line":158,"column":0},"end":{"line":null,"column":-1}},{"start":{"line":158,"column":0},"end":{"line":null,"column":-1}}]},"11":{"loc":{"start":{"line":175,"column":0},"end":{"line":null,"column":-1}},"type":"binary-expr","locations":[{"start":{"line":175,"column":0},"end":{"line":null,"column":-1}},{"start":{"line":175,"column":0},"end":{"line":null,"column":-1}}]},"12":{"loc":{"start":{"line":208,"column":0},"end":{"line":210,"column":0}},"type":"if","locations":[{"start":{"line":208,"column":0},"end":{"line":210,"column":0}},{"start":{"line":208,"column":0},"end":{"line":210,"column":0}}]},"13":{"loc":{"start":{"line":212,"column":0},"end":{"line":214,"column":0}},"type":"if","locations":[{"start":{"line":212,"column":0},"end":{"line":214,"column":0}},{"start":{"line":212,"column":0},"end":{"line":214,"column":0}}]}},"s":{"0":2,"1":2,"2":2,"3":2,"4":2,"5":2,"6":2,"7":2,"8":2,"9":36,"10":36,"11":36,"12":36,"13":2,"14":1,"15":1,"16":5,"17":4,"18":8,"19":4,"20":1,"21":1,"22":3,"23":3,"24":3,"25":3,"26":3,"27":2,"28":2,"29":3,"30":2,"31":3,"32":1,"33":1,"34":4,"35":4,"36":1,"37":2,"38":3,"39":3,"40":2,"41":2,"42":4,"43":4,"44":2,"45":2,"46":3,"47":2,"48":3,"49":2,"50":2,"51":2,"52":2,"53":2,"54":36,"55":2,"56":2,"57":2},"f":{"0":36,"1":36,"2":2,"3":5,"4":4,"5":4,"6":2,"7":3,"8":4,"9":2,"10":3,"11":36},"b":{"0":[1,1],"1":[2,1,1],"2":[4,1],"3":[1,3],"4":[4,3,1,1],"5":[3,2,1],"6":[2,1],"7":[1,1],"8":[2,1],"9":[1,2],"10":[3,1],"11":[5,1],"12":[2,1],"13":[2,1]}}
,"/Users/zhangyufan/em/testPro/vue-scale/src/components/checkbox/Checkbox.vue": {"path":"/Users/zhangyufan/em/testPro/vue-scale/src/components/checkbox/Checkbox.vue","statementMap":{"0":{"start":{"line":40,"column":0},"end":{"line":null,"column":-1}},"1":{"start":{"line":48,"column":0},"end":{"line":null,"column":-1}},"2":{"start":{"line":69,"column":0},"end":{"line":null,"column":-1}},"3":{"start":{"line":70,"column":0},"end":{"line":null,"column":-1}},"4":{"start":{"line":72,"column":0},"end":{"line":null,"column":-1}},"5":{"start":{"line":74,"column":0},"end":{"line":null,"column":-1}},"6":{"start":{"line":76,"column":0},"end":{"line":null,"column":-1}},"7":{"start":{"line":103,"column":0},"end":{"line":null,"column":-1}},"8":{"start":{"line":108,"column":0},"end":{"line":114,"column":0}},"9":{"start":{"line":113,"column":0},"end":{"line":null,"column":-1}},"10":{"start":{"line":116,"column":0},"end":{"line":118,"column":0}},"11":{"start":{"line":117,"column":0},"end":{"line":null,"column":-1}},"12":{"start":{"line":122,"column":0},"end":{"line":null,"column":-1}},"13":{"start":{"line":124,"column":0},"end":{"line":126,"column":0}},"14":{"start":{"line":125,"column":0},"end":{"line":null,"column":-1}},"15":{"start":{"line":128,"column":0},"end":{"line":null,"column":-1}},"16":{"start":{"line":132,"column":0},"end":{"line":null,"column":-1}},"17":{"start":{"line":134,"column":0},"end":{"line":136,"column":0}},"18":{"start":{"line":135,"column":0},"end":{"line":null,"column":-1}},"19":{"start":{"line":138,"column":0},"end":{"line":141,"column":0}},"20":{"start":{"line":139,"column":0},"end":{"line":null,"column":-1}},"21":{"start":{"line":140,"column":0},"end":{"line":null,"column":-1}},"22":{"start":{"line":143,"column":0},"end":{"line":null,"column":-1}},"23":{"start":{"line":148,"column":0},"end":{"line":null,"column":-1}},"24":{"start":{"line":150,"column":0},"end":{"line":null,"column":-1}},"25":{"start":{"line":159,"column":0},"end":{"line":null,"column":-1}},"26":{"start":{"line":161,"column":0},"end":{"line":null,"column":-1}},"27":{"start":{"line":166,"column":0},"end":{"line":168,"column":0}},"28":{"start":{"line":167,"column":0},"end":{"line":null,"column":-1}},"29":{"start":{"line":169,"column":0},"end":{"line":null,"column":-1}},"30":{"start":{"line":170,"column":0},"end":{"line":172,"column":0}},"31":{"start":{"line":171,"column":0},"end":{"line":null,"column":-1}},"32":{"start":{"line":173,"column":0},"end":{"line":null,"column":-1}},"33":{"start":{"line":78,"column":0},"end":{"line":null,"column":-1}},"34":{"start":{"line":83,"column":0},"end":{"line":80,"column":0}},"35":{"start":{"line":85,"column":0},"end":{"line":null,"column":-1}},"36":{"start":{"line":87,"column":0},"end":{"line":null,"column":-1}},"37":{"start":{"line":89,"column":0},"end":{"line":null,"column":-1}},"38":{"start":{"line":91,"column":0},"end":{"line":null,"column":-1}},"39":{"start":{"line":93,"column":0},"end":{"line":null,"column":-1}},"40":{"start":{"line":95,"column":0},"end":{"line":null,"column":-1}},"41":{"start":{"line":100,"column":0},"end":{"line":97,"column":0}},"42":{"start":{"line":107,"column":0},"end":{"line":null,"column":-1}},"43":{"start":{"line":147,"column":0},"end":{"line":null,"column":-1}},"44":{"start":{"line":165,"column":0},"end":{"line":null,"column":-1}}},"fnMap":{"0":{"name":"(anonymous_1)","decl":{"start":{"line":68,"column":0},"end":{"line":null,"column":-1}},"loc":{"start":{"line":68,"column":0},"end":{"line":175,"column":0}}},"1":{"name":"(anonymous_2)","decl":{"start":{"line":102,"column":0},"end":{"line":null,"column":-1}},"loc":{"start":{"line":102,"column":0},"end":{"line":104,"column":0}}},"2":{"name":"(anonymous_3)","decl":{"start":{"line":107,"column":0},"end":{"line":null,"column":-1}},"loc":{"start":{"line":107,"column":0},"end":{"line":119,"column":0}}},"3":{"name":"(anonymous_4)","decl":{"start":{"line":121,"column":0},"end":{"line":null,"column":-1}},"loc":{"start":{"line":121,"column":0},"end":{"line":129,"column":0}}},"4":{"name":"(anonymous_5)","decl":{"start":{"line":131,"column":0},"end":{"line":null,"column":-1}},"loc":{"start":{"line":131,"column":0},"end":{"line":144,"column":0}}},"5":{"name":"(anonymous_6)","decl":{"start":{"line":147,"column":0},"end":{"line":null,"column":-1}},"loc":{"start":{"line":147,"column":0},"end":{"line":162,"column":0}}},"6":{"name":"(anonymous_7)","decl":{"start":{"line":165,"column":0},"end":{"line":null,"column":-1}},"loc":{"start":{"line":165,"column":0},"end":{"line":174,"column":0}}},"7":{"name":"(anonymous_8)","decl":{"start":{"line":99,"column":0},"end":{"line":null,"column":-1}},"loc":{"start":{"line":99,"column":0},"end":{"line":null,"column":-1}}}},"branchMap":{"0":{"loc":{"start":{"line":108,"column":0},"end":{"line":114,"column":0}},"type":"if","locations":[{"start":{"line":108,"column":0},"end":{"line":114,"column":0}},{"start":{"line":108,"column":0},"end":{"line":114,"column":0}}]},"1":{"loc":{"start":{"line":108,"column":0},"end":{"line":null,"column":-1}},"type":"binary-expr","locations":[{"start":{"line":108,"column":0},"end":{"line":null,"column":-1}},{"start":{"line":108,"column":0},"end":{"line":null,"column":-1}},{"start":{"line":108,"column":0},"end":{"line":null,"column":-1}},{"start":{"line":108,"column":0},"end":{"line":null,"column":-1}},{"start":{"line":108,"column":0},"end":{"line":null,"column":-1}},{"start":{"line":108,"column":0},"end":{"line":null,"column":-1}}]},"2":{"loc":{"start":{"line":116,"column":0},"end":{"line":118,"column":0}},"type":"if","locations":[{"start":{"line":116,"column":0},"end":{"line":118,"column":0}},{"start":{"line":116,"column":0},"end":{"line":118,"column":0}}]},"3":{"loc":{"start":{"line":116,"column":0},"end":{"line":null,"column":-1}},"type":"binary-expr","locations":[{"start":{"line":116,"column":0},"end":{"line":null,"column":-1}},{"start":{"line":116,"column":0},"end":{"line":null,"column":-1}}]},"4":{"loc":{"start":{"line":124,"column":0},"end":{"line":126,"column":0}},"type":"if","locations":[{"start":{"line":124,"column":0},"end":{"line":126,"column":0}},{"start":{"line":124,"column":0},"end":{"line":126,"column":0}}]},"5":{"loc":{"start":{"line":134,"column":0},"end":{"line":136,"column":0}},"type":"if","locations":[{"start":{"line":134,"column":0},"end":{"line":136,"column":0}},{"start":{"line":134,"column":0},"end":{"line":136,"column":0}}]},"6":{"loc":{"start":{"line":134,"column":0},"end":{"line":null,"column":-1}},"type":"binary-expr","locations":[{"start":{"line":134,"column":0},"end":{"line":null,"column":-1}},{"start":{"line":134,"column":0},"end":{"line":null,"column":-1}}]},"7":{"loc":{"start":{"line":138,"column":0},"end":{"line":141,"column":0}},"type":"if","locations":[{"start":{"line":138,"column":0},"end":{"line":141,"column":0}},{"start":{"line":138,"column":0},"end":{"line":141,"column":0}}]},"8":{"loc":{"start":{"line":138,"column":0},"end":{"line":null,"column":-1}},"type":"binary-expr","locations":[{"start":{"line":138,"column":0},"end":{"line":null,"column":-1}},{"start":{"line":138,"column":0},"end":{"line":null,"column":-1}}]},"9":{"loc":{"start":{"line":166,"column":0},"end":{"line":168,"column":0}},"type":"if","locations":[{"start":{"line":166,"column":0},"end":{"line":168,"column":0}},{"start":{"line":166,"column":0},"end":{"line":168,"column":0}}]},"10":{"loc":{"start":{"line":170,"column":0},"end":{"line":172,"column":0}},"type":"if","locations":[{"start":{"line":170,"column":0},"end":{"line":172,"column":0}},{"start":{"line":170,"column":0},"end":{"line":172,"column":0}}]},"11":{"loc":{"start":{"line":170,"column":0},"end":{"line":null,"column":-1}},"type":"binary-expr","locations":[{"start":{"line":170,"column":0},"end":{"line":null,"column":-1}},{"start":{"line":170,"column":0},"end":{"line":null,"column":-1}}]}},"s":{"0":1,"1":1,"2":2,"3":110,"4":110,"5":110,"6":110,"7":110,"8":114,"9":35,"10":114,"11":11,"12":34,"13":34,"14":1,"15":34,"16":162,"17":162,"18":1,"19":162,"20":2,"21":2,"22":162,"23":8,"24":8,"25":8,"26":8,"27":8,"28":2,"29":6,"30":6,"31":2,"32":4,"33":1,"34":1,"35":1,"36":1,"37":1,"38":1,"39":1,"40":1,"41":1,"42":1,"43":1,"44":1},"f":{"0":110,"1":110,"2":114,"3":34,"4":162,"5":8,"6":8,"7":8},"b":{"0":[35,79],"1":[114,22,103,11,92,13],"2":[11,103],"3":[114,22],"4":[1,33],"5":[1,161],"6":[162,1],"7":[2,160],"8":[162,49],"9":[2,6],"10":[2,4],"11":[6,4]}}
,"/Users/zhangyufan/em/testPro/vue-scale/src/components/checkbox/CheckboxGroup.vue": {"path":"/Users/zhangyufan/em/testPro/vue-scale/src/components/checkbox/CheckboxGroup.vue","statementMap":{"0":{"start":{"line":21,"column":0},"end":{"line":null,"column":-1}},"1":{"start":{"line":28,"column":0},"end":{"line":null,"column":-1}},"2":{"start":{"line":29,"column":0},"end":{"line":null,"column":-1}},"3":{"start":{"line":54,"column":0},"end":{"line":null,"column":-1}},"4":{"start":{"line":55,"column":0},"end":{"line":null,"column":-1}},"5":{"start":{"line":90,"column":0},"end":{"line":null,"column":-1}},"6":{"start":{"line":95,"column":0},"end":{"line":null,"column":-1}},"7":{"start":{"line":98,"column":0},"end":{"line":null,"column":-1}},"8":{"start":{"line":104,"column":0},"end":{"line":118,"column":0}},"9":{"start":{"line":105,"column":0},"end":{"line":null,"column":-1}},"10":{"start":{"line":106,"column":0},"end":{"line":null,"column":-1}},"11":{"start":{"line":107,"column":0},"end":{"line":null,"column":-1}},"12":{"start":{"line":109,"column":0},"end":{"line":113,"column":0}},"13":{"start":{"line":110,"column":0},"end":{"line":null,"column":-1}},"14":{"start":{"line":112,"column":0},"end":{"line":null,"column":-1}},"15":{"start":{"line":115,"column":0},"end":{"line":null,"column":-1}},"16":{"start":{"line":116,"column":0},"end":{"line":null,"column":-1}},"17":{"start":{"line":117,"column":0},"end":{"line":null,"column":-1}},"18":{"start":{"line":120,"column":0},"end":{"line":null,"column":-1}},"19":{"start":{"line":122,"column":0},"end":{"line":null,"column":-1}},"20":{"start":{"line":57,"column":0},"end":{"line":null,"column":-1}},"21":{"start":{"line":59,"column":0},"end":{"line":null,"column":-1}},"22":{"start":{"line":61,"column":0},"end":{"line":null,"column":-1}},"23":{"start":{"line":63,"column":0},"end":{"line":null,"column":-1}},"24":{"start":{"line":65,"column":0},"end":{"line":null,"column":-1}},"25":{"start":{"line":67,"column":0},"end":{"line":null,"column":-1}},"26":{"start":{"line":77,"column":0},"end":{"line":69,"column":0}},"27":{"start":{"line":71,"column":0},"end":{"line":null,"column":-1}},"28":{"start":{"line":82,"column":0},"end":{"line":79,"column":0}},"29":{"start":{"line":81,"column":0},"end":{"line":null,"column":-1}},"30":{"start":{"line":87,"column":0},"end":{"line":84,"column":0}},"31":{"start":{"line":94,"column":0},"end":{"line":null,"column":-1}},"32":{"start":{"line":54,"column":0},"end":{"line":49,"column":0}}},"fnMap":{"0":{"name":"(anonymous_1)","decl":{"start":{"line":49,"column":0},"end":{"line":null,"column":-1}},"loc":{"start":{"line":49,"column":0},"end":{"line":124,"column":0}}},"1":{"name":"(anonymous_2)","decl":{"start":{"line":89,"column":0},"end":{"line":null,"column":-1}},"loc":{"start":{"line":89,"column":0},"end":{"line":91,"column":0}}},"2":{"name":"(anonymous_3)","decl":{"start":{"line":94,"column":0},"end":{"line":null,"column":-1}},"loc":{"start":{"line":94,"column":0},"end":{"line":123,"column":0}}},"3":{"name":"(anonymous_4)","decl":{"start":{"line":57,"column":0},"end":{"line":null,"column":-1}},"loc":{"start":{"line":57,"column":0},"end":{"line":null,"column":-1}}},"4":{"name":"(anonymous_5)","decl":{"start":{"line":71,"column":0},"end":{"line":null,"column":-1}},"loc":{"start":{"line":71,"column":0},"end":{"line":null,"column":-1}}},"5":{"name":"(anonymous_6)","decl":{"start":{"line":81,"column":0},"end":{"line":null,"column":-1}},"loc":{"start":{"line":81,"column":0},"end":{"line":null,"column":-1}}},"6":{"name":"(anonymous_7)","decl":{"start":{"line":86,"column":0},"end":{"line":null,"column":-1}},"loc":{"start":{"line":86,"column":0},"end":{"line":null,"column":-1}}}},"branchMap":{"0":{"loc":{"start":{"line":104,"column":0},"end":{"line":118,"column":0}},"type":"if","locations":[{"start":{"line":104,"column":0},"end":{"line":118,"column":0}},{"start":{"line":104,"column":0},"end":{"line":118,"column":0}}]},"1":{"loc":{"start":{"line":104,"column":0},"end":{"line":null,"column":-1}},"type":"binary-expr","locations":[{"start":{"line":104,"column":0},"end":{"line":null,"column":-1}},{"start":{"line":104,"column":0},"end":{"line":null,"column":-1}}]},"2":{"loc":{"start":{"line":105,"column":0},"end":{"line":null,"column":-1}},"type":"cond-expr","locations":[{"start":{"line":105,"column":0},"end":{"line":null,"column":-1}},{"start":{"line":105,"column":0},"end":{"line":null,"column":-1}}]},"3":{"loc":{"start":{"line":109,"column":0},"end":{"line":113,"column":0}},"type":"if","locations":[{"start":{"line":109,"column":0},"end":{"line":113,"column":0}},{"start":{"line":109,"column":0},"end":{"line":113,"column":0}}]}},"s":{"0":1,"1":1,"2":1,"3":1,"4":44,"5":37,"6":5,"7":5,"8":5,"9":4,"10":4,"11":4,"12":4,"13":2,"14":2,"15":4,"16":4,"17":4,"18":5,"19":5,"20":45,"21":1,"22":1,"23":1,"24":1,"25":1,"26":1,"27":44,"28":1,"29":11,"30":1,"31":1,"32":1},"f":{"0":44,"1":37,"2":5,"3":44,"4":44,"5":11,"6":5},"b":{"0":[4,1],"1":[5,4],"2":[2,2],"3":[2,2]}}
,"/Users/zhangyufan/em/testPro/vue-scale/src/components/datepicker/DatePicker.vue": {"path":"/Users/zhangyufan/em/testPro/vue-scale/src/components/datepicker/DatePicker.vue","statementMap":{"0":{"start":{"line":140,"column":0},"end":{"line":null,"column":-1}},"1":{"start":{"line":141,"column":0},"end":{"line":null,"column":-1}},"2":{"start":{"line":142,"column":0},"end":{"line":null,"column":-1}},"3":{"start":{"line":150,"column":0},"end":{"line":null,"column":-1}},"4":{"start":{"line":151,"column":0},"end":{"line":null,"column":-1}},"5":{"start":{"line":152,"column":0},"end":{"line":null,"column":-1}},"6":{"start":{"line":174,"column":0},"end":{"line":null,"column":-1}},"7":{"start":{"line":175,"column":0},"end":{"line":null,"column":-1}},"8":{"start":{"line":176,"column":0},"end":{"line":null,"column":-1}},"9":{"start":{"line":177,"column":0},"end":{"line":null,"column":-1}},"10":{"start":{"line":178,"column":0},"end":{"line":null,"column":-1}},"11":{"start":{"line":179,"column":0},"end":{"line":null,"column":-1}},"12":{"start":{"line":180,"column":0},"end":{"line":null,"column":-1}},"13":{"start":{"line":181,"column":0},"end":{"line":null,"column":-1}},"14":{"start":{"line":182,"column":0},"end":{"line":null,"column":-1}},"15":{"start":{"line":183,"column":0},"end":{"line":null,"column":-1}},"16":{"start":{"line":186,"column":0},"end":{"line":null,"column":-1}},"17":{"start":{"line":188,"column":0},"end":{"line":null,"column":-1}},"18":{"start":{"line":190,"column":0},"end":{"line":null,"column":-1}},"19":{"start":{"line":199,"column":0},"end":{"line":null,"column":-1}},"20":{"start":{"line":200,"column":0},"end":{"line":null,"column":-1}},"21":{"start":{"line":202,"column":0},"end":{"line":null,"column":-1}},"22":{"start":{"line":204,"column":0},"end":{"line":null,"column":-1}},"23":{"start":{"line":206,"column":0},"end":{"line":null,"column":-1}},"24":{"start":{"line":210,"column":0},"end":{"line":null,"column":-1}},"25":{"start":{"line":212,"column":0},"end":{"line":null,"column":-1}},"26":{"start":{"line":214,"column":0},"end":{"line":null,"column":-1}},"27":{"start":{"line":216,"column":0},"end":{"line":null,"column":-1}},"28":{"start":{"line":218,"column":0},"end":{"line":null,"column":-1}},"29":{"start":{"line":220,"column":0},"end":{"line":null,"column":-1}},"30":{"start":{"line":222,"column":0},"end":{"line":null,"column":-1}},"31":{"start":{"line":224,"column":0},"end":{"line":null,"column":-1}},"32":{"start":{"line":226,"column":0},"end":{"line":null,"column":-1}},"33":{"start":{"line":228,"column":0},"end":{"line":null,"column":-1}},"34":{"start":{"line":230,"column":0},"end":{"line":null,"column":-1}},"35":{"start":{"line":232,"column":0},"end":{"line":null,"column":-1}},"36":{"start":{"line":234,"column":0},"end":{"line":null,"column":-1}},"37":{"start":{"line":239,"column":0},"end":{"line":null,"column":-1}},"38":{"start":{"line":244,"column":0},"end":{"line":null,"column":-1}},"39":{"start":{"line":246,"column":0},"end":{"line":null,"column":-1}},"40":{"start":{"line":248,"column":0},"end":{"line":null,"column":-1}},"41":{"start":{"line":250,"column":0},"end":{"line":null,"column":-1}},"42":{"start":{"line":252,"column":0},"end":{"line":null,"column":-1}},"43":{"start":{"line":254,"column":0},"end":{"line":null,"column":-1}},"44":{"start":{"line":256,"column":0},"end":{"line":null,"column":-1}},"45":{"start":{"line":261,"column":0},"end":{"line":null,"column":-1}},"46":{"start":{"line":263,"column":0},"end":{"line":null,"column":-1}},"47":{"start":{"line":265,"column":0},"end":{"line":null,"column":-1}},"48":{"start":{"line":327,"column":0},"end":{"line":null,"column":-1}},"49":{"start":{"line":331,"column":0},"end":{"line":332,"column":0}},"50":{"start":{"line":342,"column":0},"end":{"line":343,"column":0}},"51":{"start":{"line":354,"column":0},"end":{"line":null,"column":-1}},"52":{"start":{"line":355,"column":0},"end":{"line":null,"column":-1}},"53":{"start":{"line":357,"column":0},"end":{"line":359,"column":0}},"54":{"start":{"line":358,"column":0},"end":{"line":null,"column":-1}},"55":{"start":{"line":360,"column":0},"end":{"line":null,"column":-1}},"56":{"start":{"line":364,"column":0},"end":{"line":null,"column":-1}},"57":{"start":{"line":365,"column":0},"end":{"line":null,"column":-1}},"58":{"start":{"line":369,"column":0},"end":{"line":null,"column":-1}},"59":{"start":{"line":376,"column":0},"end":{"line":null,"column":-1}},"60":{"start":{"line":380,"column":0},"end":{"line":null,"column":-1}},"61":{"start":{"line":384,"column":0},"end":{"line":390,"column":0}},"62":{"start":{"line":385,"column":0},"end":{"line":null,"column":-1}},"63":{"start":{"line":389,"column":0},"end":{"line":null,"column":-1}},"64":{"start":{"line":392,"column":0},"end":{"line":398,"column":0}},"65":{"start":{"line":393,"column":0},"end":{"line":null,"column":-1}},"66":{"start":{"line":397,"column":0},"end":{"line":null,"column":-1}},"67":{"start":{"line":402,"column":0},"end":{"line":null,"column":-1}},"68":{"start":{"line":408,"column":0},"end":{"line":null,"column":-1}},"69":{"start":{"line":412,"column":0},"end":{"line":null,"column":-1}},"70":{"start":{"line":413,"column":0},"end":{"line":null,"column":-1}},"71":{"start":{"line":414,"column":0},"end":{"line":null,"column":-1}},"72":{"start":{"line":419,"column":0},"end":{"line":null,"column":-1}},"73":{"start":{"line":425,"column":0},"end":{"line":null,"column":-1}},"74":{"start":{"line":426,"column":0},"end":{"line":null,"column":-1}},"75":{"start":{"line":428,"column":0},"end":{"line":null,"column":-1}},"76":{"start":{"line":430,"column":0},"end":{"line":438,"column":0}},"77":{"start":{"line":431,"column":0},"end":{"line":null,"column":-1}},"78":{"start":{"line":439,"column":0},"end":{"line":441,"column":0}},"79":{"start":{"line":440,"column":0},"end":{"line":null,"column":-1}},"80":{"start":{"line":442,"column":0},"end":{"line":444,"column":0}},"81":{"start":{"line":443,"column":0},"end":{"line":null,"column":-1}},"82":{"start":{"line":446,"column":0},"end":{"line":450,"column":0}},"83":{"start":{"line":447,"column":0},"end":{"line":null,"column":-1}},"84":{"start":{"line":448,"column":0},"end":{"line":null,"column":-1}},"85":{"start":{"line":449,"column":0},"end":{"line":null,"column":-1}},"86":{"start":{"line":457,"column":0},"end":{"line":470,"column":0}},"87":{"start":{"line":458,"column":0},"end":{"line":469,"column":0}},"88":{"start":{"line":460,"column":0},"end":{"line":466,"column":0}},"89":{"start":{"line":461,"column":0},"end":{"line":null,"column":-1}},"90":{"start":{"line":463,"column":0},"end":{"line":null,"column":-1}},"91":{"start":{"line":465,"column":0},"end":{"line":null,"column":-1}},"92":{"start":{"line":468,"column":0},"end":{"line":null,"column":-1}},"93":{"start":{"line":474,"column":0},"end":{"line":null,"column":-1}},"94":{"start":{"line":478,"column":0},"end":{"line":null,"column":-1}},"95":{"start":{"line":482,"column":0},"end":{"line":null,"column":-1}},"96":{"start":{"line":483,"column":0},"end":{"line":null,"column":-1}},"97":{"start":{"line":484,"column":0},"end":{"line":null,"column":-1}},"98":{"start":{"line":488,"column":0},"end":{"line":null,"column":-1}},"99":{"start":{"line":489,"column":0},"end":{"line":null,"column":-1}},"100":{"start":{"line":490,"column":0},"end":{"line":null,"column":-1}},"101":{"start":{"line":491,"column":0},"end":{"line":null,"column":-1}},"102":{"start":{"line":492,"column":0},"end":{"line":null,"column":-1}},"103":{"start":{"line":497,"column":0},"end":{"line":null,"column":-1}},"104":{"start":{"line":498,"column":0},"end":{"line":null,"column":-1}},"105":{"start":{"line":505,"column":0},"end":{"line":null,"column":-1}},"106":{"start":{"line":507,"column":0},"end":{"line":null,"column":-1}},"107":{"start":{"line":513,"column":0},"end":{"line":null,"column":-1}},"108":{"start":{"line":514,"column":0},"end":{"line":null,"column":-1}},"109":{"start":{"line":520,"column":0},"end":{"line":null,"column":-1}},"110":{"start":{"line":521,"column":0},"end":{"line":null,"column":-1}},"111":{"start":{"line":522,"column":0},"end":{"line":null,"column":-1}},"112":{"start":{"line":523,"column":0},"end":{"line":null,"column":-1}},"113":{"start":{"line":529,"column":0},"end":{"line":null,"column":-1}},"114":{"start":{"line":530,"column":0},"end":{"line":null,"column":-1}},"115":{"start":{"line":531,"column":0},"end":{"line":null,"column":-1}},"116":{"start":{"line":539,"column":0},"end":{"line":null,"column":-1}},"117":{"start":{"line":540,"column":0},"end":{"line":null,"column":-1}},"118":{"start":{"line":541,"column":0},"end":{"line":null,"column":-1}},"119":{"start":{"line":542,"column":0},"end":{"line":null,"column":-1}},"120":{"start":{"line":547,"column":0},"end":{"line":null,"column":-1}},"121":{"start":{"line":548,"column":0},"end":{"line":null,"column":-1}},"122":{"start":{"line":554,"column":0},"end":{"line":null,"column":-1}},"123":{"start":{"line":555,"column":0},"end":{"line":null,"column":-1}},"124":{"start":{"line":556,"column":0},"end":{"line":null,"column":-1}},"125":{"start":{"line":558,"column":0},"end":{"line":null,"column":-1}},"126":{"start":{"line":569,"column":0},"end":{"line":571,"column":0}},"127":{"start":{"line":570,"column":0},"end":{"line":null,"column":-1}},"128":{"start":{"line":573,"column":0},"end":{"line":586,"column":0}},"129":{"start":{"line":574,"column":0},"end":{"line":null,"column":-1}},"130":{"start":{"line":575,"column":0},"end":{"line":null,"column":-1}},"131":{"start":{"line":576,"column":0},"end":{"line":586,"column":0}},"132":{"start":{"line":577,"column":0},"end":{"line":null,"column":-1}},"133":{"start":{"line":578,"column":0},"end":{"line":582,"column":0}},"134":{"start":{"line":579,"column":0},"end":{"line":null,"column":-1}},"135":{"start":{"line":580,"column":0},"end":{"line":582,"column":0}},"136":{"start":{"line":581,"column":0},"end":{"line":null,"column":-1}},"137":{"start":{"line":583,"column":0},"end":{"line":586,"column":0}},"138":{"start":{"line":584,"column":0},"end":{"line":null,"column":-1}},"139":{"start":{"line":585,"column":0},"end":{"line":null,"column":-1}},"140":{"start":{"line":588,"column":0},"end":{"line":621,"column":0}},"141":{"start":{"line":589,"column":0},"end":{"line":null,"column":-1}},"142":{"start":{"line":598,"column":0},"end":{"line":null,"column":-1}},"143":{"start":{"line":599,"column":0},"end":{"line":null,"column":-1}},"144":{"start":{"line":600,"column":0},"end":{"line":null,"column":-1}},"145":{"start":{"line":603,"column":0},"end":{"line":620,"column":0}},"146":{"start":{"line":604,"column":0},"end":{"line":null,"column":-1}},"147":{"start":{"line":605,"column":0},"end":{"line":null,"column":-1}},"148":{"start":{"line":606,"column":0},"end":{"line":null,"column":-1}},"149":{"start":{"line":608,"column":0},"end":{"line":613,"column":0}},"150":{"start":{"line":612,"column":0},"end":{"line":null,"column":-1}},"151":{"start":{"line":614,"column":0},"end":{"line":619,"column":0}},"152":{"start":{"line":618,"column":0},"end":{"line":null,"column":-1}},"153":{"start":{"line":626,"column":0},"end":{"line":630,"column":0}},"154":{"start":{"line":627,"column":0},"end":{"line":null,"column":-1}},"155":{"start":{"line":628,"column":0},"end":{"line":null,"column":-1}},"156":{"start":{"line":629,"column":0},"end":{"line":null,"column":-1}},"157":{"start":{"line":632,"column":0},"end":{"line":null,"column":-1}},"158":{"start":{"line":636,"column":0},"end":{"line":null,"column":-1}},"159":{"start":{"line":646,"column":0},"end":{"line":null,"column":-1}},"160":{"start":{"line":647,"column":0},"end":{"line":null,"column":-1}},"161":{"start":{"line":651,"column":0},"end":{"line":null,"column":-1}},"162":{"start":{"line":652,"column":0},"end":{"line":null,"column":-1}},"163":{"start":{"line":656,"column":0},"end":{"line":null,"column":-1}},"164":{"start":{"line":657,"column":0},"end":{"line":null,"column":-1}},"165":{"start":{"line":661,"column":0},"end":{"line":null,"column":-1}},"166":{"start":{"line":662,"column":0},"end":{"line":665,"column":0}},"167":{"start":{"line":663,"column":0},"end":{"line":null,"column":-1}},"168":{"start":{"line":664,"column":0},"end":{"line":null,"column":-1}},"169":{"start":{"line":666,"column":0},"end":{"line":null,"column":-1}},"170":{"start":{"line":670,"column":0},"end":{"line":null,"column":-1}},"171":{"start":{"line":671,"column":0},"end":{"line":674,"column":0}},"172":{"start":{"line":672,"column":0},"end":{"line":null,"column":-1}},"173":{"start":{"line":673,"column":0},"end":{"line":null,"column":-1}},"174":{"start":{"line":675,"column":0},"end":{"line":null,"column":-1}},"175":{"start":{"line":679,"column":0},"end":{"line":686,"column":0}},"176":{"start":{"line":680,"column":0},"end":{"line":null,"column":-1}},"177":{"start":{"line":681,"column":0},"end":{"line":685,"column":0}},"178":{"start":{"line":682,"column":0},"end":{"line":null,"column":-1}},"179":{"start":{"line":684,"column":0},"end":{"line":null,"column":-1}},"180":{"start":{"line":687,"column":0},"end":{"line":690,"column":0}},"181":{"start":{"line":688,"column":0},"end":{"line":null,"column":-1}},"182":{"start":{"line":689,"column":0},"end":{"line":null,"column":-1}},"183":{"start":{"line":692,"column":0},"end":{"line":696,"column":0}},"184":{"start":{"line":693,"column":0},"end":{"line":null,"column":-1}},"185":{"start":{"line":694,"column":0},"end":{"line":null,"column":-1}},"186":{"start":{"line":695,"column":0},"end":{"line":null,"column":-1}},"187":{"start":{"line":700,"column":0},"end":{"line":null,"column":-1}},"188":{"start":{"line":701,"column":0},"end":{"line":null,"column":-1}},"189":{"start":{"line":705,"column":0},"end":{"line":null,"column":-1}},"190":{"start":{"line":706,"column":0},"end":{"line":null,"column":-1}},"191":{"start":{"line":710,"column":0},"end":{"line":null,"column":-1}},"192":{"start":{"line":711,"column":0},"end":{"line":718,"column":0}},"193":{"start":{"line":712,"column":0},"end":{"line":null,"column":-1}},"194":{"start":{"line":713,"column":0},"end":{"line":null,"column":-1}},"195":{"start":{"line":714,"column":0},"end":{"line":717,"column":0}},"196":{"start":{"line":715,"column":0},"end
[...]
,"/Users/zhangyufan/em/testPro/vue-scale/src/components/tooltip/Tooltip.vue": {"path":"/Users/zhangyufan/em/testPro/vue-scale/src/components/tooltip/Tooltip.vue","statementMap":{"0":{"start":{"line":36,"column":0},"end":{"line":null,"column":-1}},"1":{"start":{"line":43,"column":0},"end":{"line":null,"column":-1}},"2":{"start":{"line":44,"column":0},"end":{"line":null,"column":-1}},"3":{"start":{"line":45,"column":0},"end":{"line":null,"column":-1}},"4":{"start":{"line":46,"column":0},"end":{"line":null,"column":-1}},"5":{"start":{"line":47,"column":0},"end":{"line":null,"column":-1}},"6":{"start":{"line":51,"column":0},"end":{"line":null,"column":-1}},"7":{"start":{"line":52,"column":0},"end":{"line":null,"column":-1}},"8":{"start":{"line":54,"column":0},"end":{"line":null,"column":-1}},"9":{"start":{"line":56,"column":0},"end":{"line":null,"column":-1}},"10":{"start":{"line":66,"column":0},"end":{"line":null,"column":-1}},"11":{"start":{"line":67,"column":0},"end":{"line":null,"column":-1}},"12":{"start":{"line":69,"column":0},"end":{"line":null,"column":-1}},"13":{"start":{"line":71,"column":0},"end":{"line":null,"column":-1}},"14":{"start":{"line":121,"column":0},"end":{"line":null,"column":-1}},"15":{"start":{"line":125,"column":0},"end":{"line":null,"column":-1}},"16":{"start":{"line":126,"column":0},"end":{"line":128,"column":0}},"17":{"start":{"line":127,"column":0},"end":{"line":null,"column":-1}},"18":{"start":{"line":129,"column":0},"end":{"line":131,"column":0}},"19":{"start":{"line":130,"column":0},"end":{"line":null,"column":-1}},"20":{"start":{"line":132,"column":0},"end":{"line":134,"column":0}},"21":{"start":{"line":133,"column":0},"end":{"line":null,"column":-1}},"22":{"start":{"line":135,"column":0},"end":{"line":137,"column":0}},"23":{"start":{"line":136,"column":0},"end":{"line":null,"column":-1}},"24":{"start":{"line":138,"column":0},"end":{"line":null,"column":-1}},"25":{"start":{"line":142,"column":0},"end":{"line":143,"column":0}},"26":{"start":{"line":153,"column":0},"end":{"line":154,"column":0}},"27":{"start":{"line":171,"column":0},"end":{"line":null,"column":-1}},"28":{"start":{"line":175,"column":0},"end":{"line":null,"column":-1}},"29":{"start":{"line":179,"column":0},"end":{"line":null,"column":-1}},"30":{"start":{"line":183,"column":0},"end":{"line":null,"column":-1}},"31":{"start":{"line":187,"column":0},"end":{"line":null,"column":-1}},"32":{"start":{"line":188,"column":0},"end":{"line":190,"column":0}},"33":{"start":{"line":189,"column":0},"end":{"line":null,"column":-1}},"34":{"start":{"line":194,"column":0},"end":{"line":196,"column":0}},"35":{"start":{"line":195,"column":0},"end":{"line":null,"column":-1}},"36":{"start":{"line":200,"column":0},"end":{"line":null,"column":-1}},"37":{"start":{"line":201,"column":0},"end":{"line":203,"column":0}},"38":{"start":{"line":202,"column":0},"end":{"line":null,"column":-1}},"39":{"start":{"line":207,"column":0},"end":{"line":210,"column":0}},"40":{"start":{"line":208,"column":0},"end":{"line":null,"column":-1}},"41":{"start":{"line":209,"column":0},"end":{"line":null,"column":-1}},"42":{"start":{"line":211,"column":0},"end":{"line":215,"column":0}},"43":{"start":{"line":212,"column":0},"end":{"line":null,"column":-1}},"44":{"start":{"line":213,"column":0},"end":{"line":null,"column":-1}},"45":{"start":{"line":214,"column":0},"end":{"line":null,"column":-1}},"46":{"start":{"line":220,"column":0},"end":{"line":null,"column":-1}},"47":{"start":{"line":73,"column":0},"end":{"line":null,"column":-1}},"48":{"start":{"line":78,"column":0},"end":{"line":75,"column":0}},"49":{"start":{"line":83,"column":0},"end":{"line":80,"column":0}},"50":{"start":{"line":88,"column":0},"end":{"line":85,"column":0}},"51":{"start":{"line":93,"column":0},"end":{"line":90,"column":0}},"52":{"start":{"line":98,"column":0},"end":{"line":95,"column":0}},"53":{"start":{"line":103,"column":0},"end":{"line":100,"column":0}},"54":{"start":{"line":105,"column":0},"end":{"line":null,"column":-1}},"55":{"start":{"line":107,"column":0},"end":{"line":null,"column":-1}},"56":{"start":{"line":109,"column":0},"end":{"line":null,"column":-1}},"57":{"start":{"line":111,"column":0},"end":{"line":null,"column":-1}},"58":{"start":{"line":116,"column":0},"end":{"line":113,"column":0}},"59":{"start":{"line":118,"column":0},"end":{"line":null,"column":-1}},"60":{"start":{"line":219,"column":0},"end":{"line":null,"column":-1}}},"fnMap":{"0":{"name":"(anonymous_1)","decl":{"start":{"line":65,"column":0},"end":{"line":null,"column":-1}},"loc":{"start":{"line":65,"column":0},"end":{"line":222,"column":0}}},"1":{"name":"(anonymous_2)","decl":{"start":{"line":120,"column":0},"end":{"line":null,"column":-1}},"loc":{"start":{"line":120,"column":0},"end":{"line":122,"column":0}}},"2":{"name":"(anonymous_3)","decl":{"start":{"line":124,"column":0},"end":{"line":null,"column":-1}},"loc":{"start":{"line":124,"column":0},"end":{"line":139,"column":0}}},"3":{"name":"(anonymous_4)","decl":{"start":{"line":141,"column":0},"end":{"line":null,"column":-1}},"loc":{"start":{"line":141,"column":0},"end":{"line":150,"column":0}}},"4":{"name":"(anonymous_5)","decl":{"start":{"line":152,"column":0},"end":{"line":null,"column":-1}},"loc":{"start":{"line":152,"column":0},"end":{"line":168,"column":0}}},"5":{"name":"(anonymous_6)","decl":{"start":{"line":170,"column":0},"end":{"line":null,"column":-1}},"loc":{"start":{"line":170,"column":0},"end":{"line":172,"column":0}}},"6":{"name":"(anonymous_7)","decl":{"start":{"line":174,"column":0},"end":{"line":null,"column":-1}},"loc":{"start":{"line":174,"column":0},"end":{"line":176,"column":0}}},"7":{"name":"(anonymous_8)","decl":{"start":{"line":178,"column":0},"end":{"line":null,"column":-1}},"loc":{"start":{"line":178,"column":0},"end":{"line":180,"column":0}}},"8":{"name":"(anonymous_9)","decl":{"start":{"line":182,"column":0},"end":{"line":null,"column":-1}},"loc":{"start":{"line":182,"column":0},"end":{"line":184,"column":0}}},"9":{"name":"(anonymous_10)","decl":{"start":{"line":186,"column":0},"end":{"line":null,"column":-1}},"loc":{"start":{"line":186,"column":0},"end":{"line":191,"column":0}}},"10":{"name":"(anonymous_11)","decl":{"start":{"line":188,"column":0},"end":{"line":null,"column":-1}},"loc":{"start":{"line":188,"column":0},"end":{"line":190,"column":0}}},"11":{"name":"(anonymous_12)","decl":{"start":{"line":193,"column":0},"end":{"line":null,"column":-1}},"loc":{"start":{"line":193,"column":0},"end":{"line":197,"column":0}}},"12":{"name":"(anonymous_13)","decl":{"start":{"line":199,"column":0},"end":{"line":null,"column":-1}},"loc":{"start":{"line":199,"column":0},"end":{"line":204,"column":0}}},"13":{"name":"(anonymous_14)","decl":{"start":{"line":201,"column":0},"end":{"line":null,"column":-1}},"loc":{"start":{"line":201,"column":0},"end":{"line":203,"column":0}}},"14":{"name":"(anonymous_15)","decl":{"start":{"line":206,"column":0},"end":{"line":null,"column":-1}},"loc":{"start":{"line":206,"column":0},"end":{"line":216,"column":0}}},"15":{"name":"(anonymous_16)","decl":{"start":{"line":219,"column":0},"end":{"line":null,"column":-1}},"loc":{"start":{"line":219,"column":0},"end":{"line":221,"column":0}}}},"branchMap":{"0":{"loc":{"start":{"line":126,"column":0},"end":{"line":128,"column":0}},"type":"if","locations":[{"start":{"line":126,"column":0},"end":{"line":128,"column":0}},{"start":{"line":126,"column":0},"end":{"line":128,"column":0}}]},"1":{"loc":{"start":{"line":126,"column":0},"end":{"line":null,"column":-1}},"type":"binary-expr","locations":[{"start":{"line":126,"column":0},"end":{"line":null,"column":-1}},{"start":{"line":126,"column":0},"end":{"line":null,"column":-1}}]},"2":{"loc":{"start":{"line":129,"column":0},"end":{"line":131,"column":0}},"type":"if","locations":[{"start":{"line":129,"column":0},"end":{"line":131,"column":0}},{"start":{"line":129,"column":0},"end":{"line":131,"column":0}}]},"3":{"loc":{"start":{"line":129,"column":0},"end":{"line":null,"column":-1}},"type":"binary-expr","locations":[{"start":{"line":129,"column":0},"end":{"line":null,"column":-1}},{"start":{"line":129,"column":0},"end":{"line":null,"column":-1}}]},"4":{"loc":{"start":{"line":132,"column":0},"end":{"line":134,"column":0}},"type":"if","locations":[{"start":{"line":132,"column":0},"end":{"line":134,"column":0}},{"start":{"line":132,"column":0},"end":{"line":134,"column":0}}]},"5":{"loc":{"start":{"line":132,"column":0},"end":{"line":null,"column":-1}},"type":"binary-expr","locations":[{"start":{"line":132,"column":0},"end":{"line":null,"column":-1}},{"start":{"line":132,"column":0},"end":{"line":null,"column":-1}}]},"6":{"loc":{"start":{"line":135,"column":0},"end":{"line":137,"column":0}},"type":"if","locations":[{"start":{"line":135,"column":0},"end":{"line":137,"column":0}},{"start":{"line":135,"column":0},"end":{"line":137,"column":0}}]},"7":{"loc":{"start":{"line":135,"column":0},"end":{"line":null,"column":-1}},"type":"binary-expr","locations":[{"start":{"line":135,"column":0},"end":{"line":null,"column":-1}},{"start":{"line":135,"column":0},"end":{"line":null,"column":-1}}]},"8":{"loc":{"start":{"line":194,"column":0},"end":{"line":196,"column":0}},"type":"if","locations":[{"start":{"line":194,"column":0},"end":{"line":196,"column":0}},{"start":{"line":194,"column":0},"end":{"line":196,"column":0}}]},"9":{"loc":{"start":{"line":207,"column":0},"end":{"line":210,"column":0}},"type":"if","locations":[{"start":{"line":207,"column":0},"end":{"line":210,"column":0}},{"start":{"line":207,"column":0},"end":{"line":210,"column":0}}]},"10":{"loc":{"start":{"line":211,"column":0},"end":{"line":215,"column":0}},"type":"if","locations":[{"start":{"line":211,"column":0},"end":{"line":215,"column":0}},{"start":{"line":211,"column":0},"end":{"line":215,"column":0}}]},"11":{"loc":{"start":{"line":211,"column":0},"end":{"line":null,"column":-1}},"type":"binary-expr","locations":[{"start":{"line":211,"column":0},"end":{"line":null,"column":-1}},{"start":{"line":211,"column":0},"end":{"line":null,"column":-1}}]}},"s":{"0":1,"1":1,"2":1,"3":1,"4":1,"5":1,"6":1,"7":1,"8":1,"9":1,"10":2,"11":1,"12":1,"13":1,"14":1,"15":5,"16":5,"17":1,"18":5,"19":1,"20":5,"21":1,"22":5,"23":1,"24":5,"25":4,"26":4,"27":1,"28":1,"29":4,"30":4,"31":2,"32":2,"33":2,"34":2,"35":1,"36":2,"37":2,"38":2,"39":5,"40":4,"41":4,"42":5,"43":3,"44":3,"45":3,"46":1,"47":1,"48":1,"49":1,"50":1,"51":1,"52":1,"53":1,"54":1,"55":1,"56":1,"57":1,"58":1,"59":1,"60":1},"f":{"0":1,"1":1,"2":5,"3":4,"4":4,"5":1,"6":1,"7":4,"8":4,"9":2,"10":2,"11":2,"12":2,"13":2,"14":5,"15":1},"b":{"0":[1,4],"1":[5,2],"2":[1,4],"3":[5,1],"4":[1,4],"5":[5,1],"6":[1,4],"7":[5,1],"8":[1,1],"9":[4,1],"10":[3,2],"11":[5,4]}}
,"/Users/zhangyufan/em/testPro/vue-scale/src/components/vueScale/vueScale.vue": {"path":"/Users/zhangyufan/em/testPro/vue-scale/src/components/vueScale/vueScale.vue","statementMap":{"0":{"start":{"line":21,"column":0},"end":{"line":null,"column":-1}},"1":{"start":{"line":34,"column":0},"end":{"line":null,"column":-1}},"2":{"start":{"line":43,"column":0},"end":{"line":null,"column":-1}},"3":{"start":{"line":45,"column":0},"end":{"line":null,"column":-1}},"4":{"start":{"line":47,"column":0},"end":{"line":null,"column":-1}},"5":{"start":{"line":49,"column":0},"end":{"line":null,"column":-1}},"6":{"start":{"line":51,"column":0},"end":{"line":null,"column":-1}},"7":{"start":{"line":53,"column":0},"end":{"line":null,"column":-1}},"8":{"start":{"line":55,"column":0},"end":{"line":null,"column":-1}},"9":{"start":{"line":57,"column":0},"end":{"line":null,"column":-1}},"10":{"start":{"line":59,"column":0},"end":{"line":null,"column":-1}},"11":{"start":{"line":61,"column":0},"end":{"line":null,"column":-1}},"12":{"start":{"line":63,"column":0},"end":{"line":null,"column":-1}},"13":{"start":{"line":66,"column":0},"end":{"line":null,"column":-1}},"14":{"start":{"line":67,"column":0},"end":{"line":null,"column":-1}},"15":{"start":{"line":68,"column":0},"end":{"line":null,"column":-1}},"16":{"start":{"line":72,"column":0},"end":{"line":null,"column":-1}},"17":{"start":{"line":73,"column":0},"end":{"line":null,"column":-1}},"18":{"start":{"line":74,"column":0},"end":{"line":null,"column":-1}},"19":{"start":{"line":75,"column":0},"end":{"line":null,"column":-1}},"20":{"start":{"line":76,"column":0},"end":{"line":null,"column":-1}},"21":{"start":{"line":78,"column":0},"end":{"line":null,"column":-1}},"22":{"start":{"line":82,"column":0},"end":{"line":null,"column":-1}},"23":{"start":{"line":86,"column":0},"end":{"line":null,"column":-1}},"24":{"start":{"line":87,"column":0},"end":{"line":null,"column":-1}},"25":{"start":{"line":88,"column":0},"end":{"line":null,"column":-1}},"26":{"start":{"line":89,"column":0},"end":{"line":null,"column":-1}},"27":{"start":{"line":90,"column":0},"end":{"line":null,"column":-1}},"28":{"start":{"line":91,"column":0},"end":{"line":null,"column":-1}},"29":{"start":{"line":92,"column":0},"end":{"line":null,"column":-1}},"30":{"start":{"line":98,"column":0},"end":{"line":null,"column":-1}},"31":{"start":{"line":103,"column":0},"end":{"line":null,"column":-1}},"32":{"start":{"line":104,"column":0},"end":{"line":null,"column":-1}},"33":{"start":{"line":105,"column":0},"end":{"line":null,"column":-1}},"34":{"start":{"line":106,"column":0},"end":{"line":null,"column":-1}},"35":{"start":{"line":110,"column":0},"end":{"line":null,"column":-1}},"36":{"start":{"line":112,"column":0},"end":{"line":null,"column":-1}},"37":{"start":{"line":116,"column":0},"end":{"line":null,"column":-1}},"38":{"start":{"line":117,"column":0},"end":{"line":null,"column":-1}},"39":{"start":{"line":118,"column":0},"end":{"line":null,"column":-1}},"40":{"start":{"line":119,"column":0},"end":{"line":null,"column":-1}},"41":{"start":{"line":120,"column":0},"end":{"line":137,"column":0}},"42":{"start":{"line":122,"column":0},"end":{"line":null,"column":-1}},"43":{"start":{"line":123,"column":0},"end":{"line":null,"column":-1}},"44":{"start":{"line":124,"column":0},"end":{"line":null,"column":-1}},"45":{"start":{"line":125,"column":0},"end":{"line":null,"column":-1}},"46":{"start":{"line":127,"column":0},"end":{"line":null,"column":-1}},"47":{"start":{"line":129,"column":0},"end":{"line":null,"column":-1}},"48":{"start":{"line":130,"column":0},"end":{"line":null,"column":-1}},"49":{"start":{"line":131,"column":0},"end":{"line":null,"column":-1}},"50":{"start":{"line":132,"column":0},"end":{"line":null,"column":-1}},"51":{"start":{"line":133,"column":0},"end":{"line":null,"column":-1}},"52":{"start":{"line":134,"column":0},"end":{"line":null,"column":-1}},"53":{"start":{"line":136,"column":0},"end":{"line":null,"column":-1}},"54":{"start":{"line":138,"column":0},"end":{"line":null,"column":-1}},"55":{"start":{"line":143,"column":0},"end":{"line":null,"column":-1}},"56":{"start":{"line":144,"column":0},"end":{"line":null,"column":-1}},"57":{"start":{"line":145,"column":0},"end":{"line":null,"column":-1}},"58":{"start":{"line":146,"column":0},"end":{"line":null,"column":-1}},"59":{"start":{"line":147,"column":0},"end":{"line":null,"column":-1}},"60":{"start":{"line":148,"column":0},"end":{"line":null,"column":-1}},"61":{"start":{"line":149,"column":0},"end":{"line":null,"column":-1}},"62":{"start":{"line":150,"column":0},"end":{"line":null,"column":-1}},"63":{"start":{"line":156,"column":0},"end":{"line":null,"column":-1}},"64":{"start":{"line":161,"column":0},"end":{"line":null,"column":-1}},"65":{"start":{"line":162,"column":0},"end":{"line":null,"column":-1}},"66":{"start":{"line":35,"column":0},"end":{"line":null,"column":-1}},"67":{"start":{"line":37,"column":0},"end":{"line":null,"column":-1}},"68":{"start":{"line":41,"column":0},"end":{"line":null,"column":-1}},"69":{"start":{"line":97,"column":0},"end":{"line":null,"column":-1}},"70":{"start":{"line":155,"column":0},"end":{"line":null,"column":-1}}},"fnMap":{"0":{"name":"(anonymous_1)","decl":{"start":{"line":33,"column":0},"end":{"line":null,"column":-1}},"loc":{"start":{"line":33,"column":0},"end":{"line":164,"column":0}}},"1":{"name":"(anonymous_2)","decl":{"start":{"line":65,"column":0},"end":{"line":null,"column":-1}},"loc":{"start":{"line":65,"column":0},"end":{"line":69,"column":0}}},"2":{"name":"(anonymous_3)","decl":{"start":{"line":71,"column":0},"end":{"line":null,"column":-1}},"loc":{"start":{"line":71,"column":0},"end":{"line":79,"column":0}}},"3":{"name":"(anonymous_4)","decl":{"start":{"line":81,"column":0},"end":{"line":null,"column":-1}},"loc":{"start":{"line":81,"column":0},"end":{"line":83,"column":0}}},"4":{"name":"(anonymous_5)","decl":{"start":{"line":85,"column":0},"end":{"line":null,"column":-1}},"loc":{"start":{"line":85,"column":0},"end":{"line":93,"column":0}}},"5":{"name":"(anonymous_6)","decl":{"start":{"line":97,"column":0},"end":{"line":null,"column":-1}},"loc":{"start":{"line":97,"column":0},"end":{"line":99,"column":0}}},"6":{"name":"(anonymous_7)","decl":{"start":{"line":102,"column":0},"end":{"line":null,"column":-1}},"loc":{"start":{"line":102,"column":0},"end":{"line":113,"column":0}}},"7":{"name":"(anonymous_8)","decl":{"start":{"line":115,"column":0},"end":{"line":null,"column":-1}},"loc":{"start":{"line":115,"column":0},"end":{"line":139,"column":0}}},"8":{"name":"(anonymous_9)","decl":{"start":{"line":142,"column":0},"end":{"line":null,"column":-1}},"loc":{"start":{"line":142,"column":0},"end":{"line":151,"column":0}}},"9":{"name":"(anonymous_10)","decl":{"start":{"line":155,"column":0},"end":{"line":null,"column":-1}},"loc":{"start":{"line":155,"column":0},"end":{"line":157,"column":0}}},"10":{"name":"(anonymous_11)","decl":{"start":{"line":160,"column":0},"end":{"line":null,"column":-1}},"loc":{"start":{"line":160,"column":0},"end":{"line":163,"column":0}}}},"branchMap":{"0":{"loc":{"start":{"line":105,"column":0},"end":{"line":null,"column":-1}},"type":"binary-expr","locations":[{"start":{"line":105,"column":0},"end":{"line":null,"column":-1}},{"start":{"line":105,"column":0},"end":{"line":null,"column":-1}}]},"1":{"loc":{"start":{"line":120,"column":0},"end":{"line":137,"column":0}},"type":"if","locations":[{"start":{"line":120,"column":0},"end":{"line":137,"column":0}},{"start":{"line":120,"column":0},"end":{"line":137,"column":0}}]},"2":{"loc":{"start":{"line":120,"column":0},"end":{"line":null,"column":-1}},"type":"binary-expr","locations":[{"start":{"line":120,"column":0},"end":{"line":null,"column":-1}},{"start":{"line":120,"column":0},"end":{"line":null,"column":-1}}]},"3":{"loc":{"start":{"line":155,"column":0},"end":{"line":null,"column":-1}},"type":"default-arg","locations":[{"start":{"line":155,"column":0},"end":{"line":null,"column":-1}}]}},"s":{"0":1,"1":2,"2":9,"3":9,"4":9,"5":9,"6":9,"7":9,"8":9,"9":9,"10":9,"11":9,"12":9,"13":9,"14":9,"15":9,"16":0,"17":0,"18":0,"19":0,"20":0,"21":0,"22":0,"23":0,"24":0,"25":0,"26":0,"27":0,"28":0,"29":0,"30":0,"31":0,"32":0,"33":0,"34":0,"35":0,"36":0,"37":0,"38":0,"39":0,"40":0,"41":0,"42":0,"43":0,"44":0,"45":0,"46":0,"47":0,"48":0,"49":0,"50":0,"51":0,"52":0,"53":0,"54":0,"55":0,"56":0,"57":0,"58":0,"59":0,"60":0,"61":0,"62":0,"63":0,"64":36,"65":36,"66":1,"67":1,"68":1,"69":1,"70":1},"f":{"0":9,"1":9,"2":0,"3":0,"4":0,"5":0,"6":0,"7":0,"8":0,"9":0,"10":36},"b":{"0":[0,0],"1":[0,0],"2":[0,0],"3":[0]}}
}
