TN:
SF:/Users/zhangyufan/em/testPro/vue-scale/src/components/affix/Affix.vue
FN:30,(anonymous_1)
FN:62,(anonymous_2)
FN:66,(anonymous_3)
FN:77,(anonymous_4)
FN:81,(anonymous_5)
FN:86,(anonymous_6)
FN:93,(anonymous_7)
FN:59,(anonymous_8)
FNF:8
FNH:8
FNDA:9,(anonymous_1)
FNDA:9,(anonymous_2)
FNDA:7,(anonymous_3)
FNDA:9,(anonymous_4)
FNDA:9,(anonymous_5)
FNDA:2,(anonymous_6)
FNDA:10,(anonymous_7)
FNDA:10,(anonymous_8)
DA:11,1
DA:14,1
DA:17,1
DA:18,1
DA:19,1
DA:31,2
DA:32,9
DA:34,9
DA:36,1
DA:38,1
DA:43,1
DA:45,1
DA:50,1
DA:55,1
DA:60,1
DA:63,9
DA:67,7
DA:68,7
DA:69,3
DA:71,7
DA:72,1
DA:74,7
DA:78,9
DA:82,9
DA:83,9
DA:87,2
DA:88,1
DA:93,1
DA:94,10
DA:96,10
DA:97,10
DA:98,10
DA:99,10
DA:109,10
DA:110,10
DA:111,10
DA:112,10
DA:114,10
DA:119,10
DA:121,10
LF:40
LH:40
BRDA:63,0,0,3
BRDA:63,0,1,6
BRDA:68,1,0,3
BRDA:68,1,1,4
BRDA:71,2,0,1
BRDA:71,2,1,6
BRDA:87,3,0,1
BRDA:87,3,1,1
BRDA:99,4,0,10
BRDA:99,4,1,6
BRDA:99,4,2,4
BRDA:99,4,3,4
BRDA:109,5,0,10
BRDA:109,5,1,10
BRDA:110,6,0,6
BRDA:110,6,1,4
BRDA:111,7,0,6
BRDA:111,7,1,4
BRF:18
BRH:18
end_of_record
TN:
SF:/Users/zhangyufan/em/testPro/vue-scale/src/components/badge/Badge.vue
FN:40,(anonymous_1)
FN:61,(anonymous_2)
FN:65,(anonymous_3)
FN:73,(anonymous_4)
FN:77,(anonymous_5)
FN:81,(anonymous_6)
FN:85,(anonymous_7)
FN:89,(anonymous_8)
FN:93,(anonymous_9)
FN:97,(anonymous_10)
FNF:10
FNH:10
FNDA:16,(anonymous_1)
FNDA:5,(anonymous_2)
FNDA:5,(anonymous_3)
FNDA:16,(anonymous_4)
FNDA:16,(anonymous_5)
FNDA:1,(anonymous_6)
FNDA:16,(anonymous_7)
FNDA:16,(anonymous_8)
FNDA:16,(anonymous_9)
FNDA:12,(anonymous_10)
DA:32,1
DA:41,2
DA:42,16
DA:44,1
DA:49,1
DA:51,1
DA:53,1
DA:55,1
DA:57,1
DA:59,1
DA:62,5
DA:66,5
DA:67,5
DA:68,1
DA:70,5
DA:74,16
DA:78,16
DA:82,1
DA:86,16
DA:90,16
DA:94,16
DA:98,12
LF:22
LH:22
BRDA:62,0,0,5
BRDA:62,0,1,1
BRDA:67,1,0,1
BRDA:67,1,1,4
BRDA:86,2,0,12
BRDA:86,2,1,4
BRDA:94,3,0,16
BRDA:94,3,1,4
BRDA:98,4,0,12
BRDA:98,4,1,12
BRF:10
BRH:10
end_of_record
TN:
SF:/Users/zhangyufan/em/testPro/vue-scale/src/components/breadcrumb/Breadcrumb.vue
FN:12,(anonymous_1)
FNF:1
FNH:1
FNDA:9,(anonymous_1)
DA:8,1
DA:13,2
DA:14,9
LF:3
LH:3
BRF:0
BRH:0
end_of_record
TN:
SF:/Users/zhangyufan/em/testPro/vue-scale/src/components/breadcrumb/BreadcrumbItem.vue
FN:25,(anonymous_1)
FN:52,(anonymous_2)
FN:40,(anonymous_3)
FNF:3
FNH:3
FNDA:9,(anonymous_1)
FNDA:3,(anonymous_2)
FNDA:6,(anonymous_3)
DA:16,1
DA:19,1
DA:30,1
DA:31,9
DA:36,1
DA:41,1
DA:46,1
DA:48,1
DA:50,1
DA:53,3
DA:54,1
DA:56,3
DA:57,1
DA:59,3
DA:60,1
LF:15
LH:15
BRDA:53,0,0,1
BRDA:53,0,1,2
BRDA:56,1,0,1
BRDA:56,1,1,2
BRDA:59,2,0,1
BRDA:59,2,1,2
BRDA:59,3,0,3
BRDA:59,3,1,1
BRF:8
BRH:8
end_of_record
TN:
SF:/Users/zhangyufan/em/testPro/vue-scale/src/components/button/Button.vue
FN:47,(anonymous_1)
FN:95,(anonymous_2)
FN:99,(anonymous_3)
FN:103,(anonymous_4)
FN:107,(anonymous_5)
FN:116,(anonymous_6)
FN:86,(anonymous_7)
FNF:7
FNH:7
FNDA:204,(anonymous_1)
FNDA:204,(anonymous_2)
FNDA:204,(anonymous_3)
FNDA:204,(anonymous_4)
FNDA:2,(anonymous_5)
FNDA:1,(anonymous_6)
FNDA:1,(anonymous_7)
DA:36,4
DA:43,4
DA:44,4
DA:45,4
DA:52,4
DA:53,204
DA:55,204
DA:57,204
DA:59,204
DA:61,204
DA:63,204
DA:65,4
DA:67,4
DA:72,4
DA:74,4
DA:76,4
DA:78,4
DA:80,4
DA:82,4
DA:87,4
DA:93,4
DA:96,204
DA:100,204
DA:104,204
DA:108,2
DA:109,2
DA:110,2
DA:111,1
DA:116,4
DA:117,1
DA:119,1
DA:124,1
DA:126,1
DA:128,1
LF:34
LH:34
BRDA:96,0,0,204
BRDA:96,0,1,2
BRDA:104,1,0,2
BRDA:104,1,1,202
BRDA:110,2,0,1
BRDA:110,2,1,1
BRF:6
BRH:6
end_of_record
TN:
SF:/Users/zhangyufan/em/testPro/vue-scale/src/components/button/ButtonGroup.vue
FN:19,(anonymous_1)
FNF:1
FNH:1
FNDA:2,(anonymous_1)
DA:11,2
DA:20,4
DA:21,2
DA:23,2
DA:25,2
DA:27,4
LF:6
LH:6
BRF:0
BRH:0
end_of_record
TN:
SF:/Users/zhangyufan/em/testPro/vue-scale/src/components/cascader/Cascader.vue
FN:141,(anonymous_1)
FN:248,(anonymous_2)
FN:252,(anonymous_3)
FN:256,(anonymous_4)
FN:260,(anonymous_5)
FN:265,(anonymous_6)
FN:269,(anonymous_7)
FN:275,(anonymous_8)
FN:280,(anonymous_9)
FN:284,(anonymous_10)
FN:288,(anonymous_11)
FN:297,(anonymous_12)
FN:327,(anonymous_13)
FN:329,(anonymous_14)
FN:331,(anonymous_15)
FN:343,(anonymous_16)
FN:352,(anonymous_17)
FN:361,(anonymous_18)
FN:369,(anonymous_19)
FN:378,(anonymous_20)
FN:393,(anonymous_21)
FN:397,(anonymous_22)
FN:404,(anonymous_23)
FN:411,(anonymous_24)
FN:416,(anonymous_25)
FN:420,(anonymous_26)
FN:447,(anonymous_27)
FN:459,(anonymous_28)
FN:473,(anonymous_29)
FN:218,(anonymous_30)
FN:224,(anonymous_31)
FN:225,(anonymous_32)
FNF:32
FNH:32
FNDA:81,(anonymous_1)
FNDA:1,(anonymous_2)
FNDA:81,(anonymous_3)
FNDA:148,(anonymous_4)
FNDA:148,(anonymous_5)
FNDA:81,(anonymous_6)
FNDA:86,(anonymous_7)
FNDA:81,(anonymous_8)
FNDA:1,(anonymous_9)
FNDA:1,(anonymous_10)
FNDA:3,(anonymous_11)
FNDA:2,(anonymous_12)
FNDA:3,(anonymous_13)
FNDA:2,(anonymous_14)
FNDA:2,(anonymous_15)
FNDA:2,(anonymous_16)
FNDA:4,(anonymous_17)
FNDA:3,(anonymous_18)
FNDA:3,(anonymous_19)
FNDA:2,(anonymous_20)
FNDA:5,(anonymous_21)
FNDA:2,(anonymous_22)
FNDA:2,(anonymous_23)
FNDA:2,(anonymous_24)
FNDA:1,(anonymous_25)
FNDA:2,(anonymous_26)
FNDA:1,(anonymous_27)
FNDA:2,(anonymous_28)
FNDA:3,(anonymous_29)
FNDA:81,(anonymous_30)
FNDA:2,(anonymous_31)
FNDA:2,(anonymous_32)
DA:108,1
DA:115,1
DA:116,1
DA:117,1
DA:118,1
DA:119,1
DA:120,1
DA:121,1
DA:122,1
DA:128,1
DA:131,1
DA:132,1
DA:133,1
DA:134,1
DA:135,1
DA:137,1
DA:139,1
DA:148,1
DA:149,81
DA:151,81
DA:153,81
DA:155,81
DA:159,81
DA:161,81
DA:163,81
DA:165,81
DA:167,81
DA:169,81
DA:171,1
DA:176,1
DA:181,1
DA:186,1
DA:191,1
DA:196,1
DA:198,1
DA:200,1
DA:202,1
DA:204,1
DA:209,1
DA:214,1
DA:218,81
DA:219,1
DA:224,2
DA:225,2
DA:226,2
DA:230,1
DA:232,1
DA:234,1
DA:236,1
DA:241,1
DA:246,1
DA:249,1
DA:253,81
DA:257,148
DA:261,148
DA:262,148
DA:266,81
DA:270,86
DA:276,81
DA:277,81
DA:281,1
DA:285,1
DA:289,3
DA:290,1
DA:292,2
DA:297,1
DA:298,2
DA:301,2
DA:302,2
DA:303,2
DA:314,2
DA:316,2
DA:317,2
DA:319,2
DA:320,1
DA:321,1
DA:324,2
DA:328,3
DA:329,2
DA:330,2
DA:331,2
DA:332,2
DA:333,2
DA:334,1
DA:336,2
DA:337,2
DA:344,2
DA:345,1
DA:346,1
DA:347,1
DA:353,4
DA:355,4
DA:356,3
DA:358,4
DA:362,3
DA:366,2
DA:367,2
DA:369,2
DA:370,3
DA:372,2
DA:373,2
DA:374,2
DA:379,2
DA:381,2
DA:383,2
DA:385,2
DA:386,1
DA:387,1
DA:390,2
DA:394,5
DA:398,2
DA:399,2
DA:400,1
DA:405,2
DA:406,2
DA:407,1
DA:412,2
DA:413,2
DA:417,1
DA:421,2
DA:422,1
DA:427,1
DA:428,1
DA:429,1
DA:430,1
DA:431,1
DA:440,1
DA:442,2
DA:443,2
DA:444,2
DA:449,1
DA:451,1
DA:461,2
DA:465,2
DA:474,3
DA:475,3
LF:136
LH:136
BRDA:261,0,0,18
BRDA:261,0,1,130
BRDA:289,1,0,1
BRDA:289,1,1,2
BRDA:319,2,0,1
BRDA:319,2,1,1
BRDA:328,3,0,2
BRDA:328,3,1,1
BRDA:328,4,0,3
BRDA:328,4,1,2
BRDA:333,5,0,1
BRDA:333,5,1,1
BRDA:344,6,0,1
BRDA:344,6,1,1
BRDA:353,7,0,1
BRDA:353,7,1,3
BRDA:362,8,0,2
BRDA:362,8,1,1
BRDA:362,9,0,3
BRDA:362,9,1,2
BRDA:367,10,0,1
BRDA:367,10,1,1
BRDA:385,11,0,1
BRDA:385,11,1,1
BRDA:385,12,0,2
BRDA:385,12,1,2
BRDA:399,13,0,1
BRDA:399,13,1,1
BRDA:406,14,0,1
BRDA:406,14,1,1
BRDA:421,15,0,1
BRDA:421,15,1,1
BRDA:429,16,0,1
BRDA:429,16,1,1
BRF:34
BRH:34
end_of_record
TN:
SF:/Users/zhangyufan/em/testPro/vue-scale/src/components/cascader/CascaderPanel.vue
FN:57,(anonymous_1)
FN:86,(anonymous_2)
FN:95,(anonymous_3)
FN:109,(anonymous_4)
FN:118,(anonymous_5)
FN:172,(anonymous_6)
FN:180,(anonymous_7)
FN:181,(anonymous_8)
FN:189,(anonymous_9)
FN:200,(anonymous_10)
FN:206,(anonymous_11)
FN:83,(anonymous_12)
FNF:12
FNH:12
FNDA:36,(anonymous_1)
FNDA:36,(anonymous_2)
FNDA:2,(anonymous_3)
FNDA:5,(anonymous_4)
FNDA:4,(anonymous_5)
FNDA:4,(anonymous_6)
FNDA:2,(anonymous_7)
FNDA:3,(anonymous_8)
FNDA:4,(anonymous_9)
FNDA:2,(anonymous_10)
FNDA:3,(anonymous_11)
FNDA:36,(anonymous_12)
DA:31,2
DA:38,2
DA:39,2
DA:40,2
DA:41,2
DA:42,2
DA:48,2
DA:50,2
DA:62,2
DA:63,36
DA:65,36
DA:67,36
DA:69,2
DA:74,2
DA:79,2
DA:83,36
DA:84,2
DA:87,36
DA:96,2
DA:103,1
DA:105,1
DA:116,5
DA:117,4
DA:118,8
DA:123,4
DA:127,1
DA:128,1
DA:131,3
DA:133,3
DA:138,3
DA:140,3
DA:142,3
DA:143,2
DA:151,2
DA:154,3
DA:155,2
DA:158,3
DA:159,1
DA:165,1
DA:173,4
DA:175,4
DA:176,1
DA:181,2
DA:182,3
DA:183,3
DA:185,2
DA:186,2
DA:190,4
DA:191,4
DA:200,2
DA:201,2
DA:202,2
DA:206,2
DA:208,3
DA:209,2
DA:212,3
DA:213,2
LF:57
LH:57
BRDA:96,0,0,1
BRDA:96,0,1,1
BRDA:96,1,0,2
BRDA:96,1,1,1
BRDA:96,1,2,1
BRDA:116,2,0,4
BRDA:116,2,1,1
BRDA:123,3,0,1
BRDA:123,3,1,3
BRDA:123,4,0,4
BRDA:123,4,1,3
BRDA:123,4,2,1
BRDA:123,4,3,1
BRDA:138,5,0,3
BRDA:138,5,1,2
BRDA:138,5,2,1
BRDA:142,6,0,2
BRDA:142,6,1,1
BRDA:149,7,0,1
BRDA:149,7,1,1
BRDA:154,8,0,2
BRDA:154,8,1,1
BRDA:158,9,0,1
BRDA:158,9,1,2
BRDA:158,10,0,3
BRDA:158,10,1,1
BRDA:175,11,0,5
BRDA:175,11,1,1
BRDA:208,12,0,2
BRDA:208,12,1,1
BRDA:212,13,0,2
BRDA:212,13,1,1
BRF:32
BRH:32
end_of_record
TN:
SF:/Users/zhangyufan/em/testPro/vue-scale/src/components/checkbox/Checkbox.vue
FN:68,(anonymous_1)
FN:102,(anonymous_2)
FN:107,(anonymous_3)
FN:121,(anonymous_4)
FN:131,(anonymous_5)
FN:147,(anonymous_6)
FN:165,(anonymous_7)
FN:99,(anonymous_8)
FNF:8
FNH:8
FNDA:110,(anonymous_1)
FNDA:110,(anonymous_2)
FNDA:114,(anonymous_3)
FNDA:34,(anonymous_4)
FNDA:162,(anonymous_5)
FNDA:8,(anonymous_6)
FNDA:8,(anonymous_7)
FNDA:8,(anonymous_8)
DA:40,1
DA:48,1
DA:69,2
DA:70,110
DA:72,110
DA:74,110
DA:76,110
DA:78,1
DA:83,1
DA:85,1
DA:87,1
DA:89,1
DA:91,1
DA:93,1
DA:95,1
DA:100,1
DA:103,110
DA:107,1
DA:108,114
DA:113,35
DA:116,114
DA:117,11
DA:122,34
DA:124,34
DA:125,1
DA:128,34
DA:132,162
DA:134,162
DA:135,1
DA:138,162
DA:139,2
DA:140,2
DA:143,162
DA:147,1
DA:148,8
DA:150,8
DA:159,8
DA:161,8
DA:165,1
DA:166,8
DA:167,2
DA:169,6
DA:170,6
DA:171,2
DA:173,4
LF:45
LH:45
BRDA:108,0,0,35
BRDA:108,0,1,79
BRDA:108,1,0,114
BRDA:108,1,1,22
BRDA:108,1,2,103
BRDA:108,1,3,11
BRDA:108,1,4,92
BRDA:108,1,5,13
BRDA:116,2,0,11
BRDA:116,2,1,103
BRDA:116,3,0,114
BRDA:116,3,1,22
BRDA:124,4,0,1
BRDA:124,4,1,33
BRDA:134,5,0,1
BRDA:134,5,1,161
BRDA:134,6,0,162
BRDA:134,6,1,1
BRDA:138,7,0,2
BRDA:138,7,1,160
BRDA:138,8,0,162
BRDA:138,8,1,49
BRDA:166,9,0,2
BRDA:166,9,1,6
BRDA:170,10,0,2
BRDA:170,10,1,4
BRDA:170,11,0,6
BRDA:170,11,1,4
BRF:28
BRH:28
end_of_record
TN:
SF:/Users/zhangyufan/em/testPro/vue-scale/src/components/checkbox/CheckboxGroup.vue
FN:49,(anonymous_1)
FN:89,(anonymous_2)
FN:94,(anonymous_3)
FN:57,(anonymous_4)
FN:71,(anonymous_5)
FN:81,(anonymous_6)
FN:86,(anonymous_7)
FNF:7
FNH:7
FNDA:44,(anonymous_1)
FNDA:37,(anonymous_2)
FNDA:5,(anonymous_3)
FNDA:44,(anonymous_4)
FNDA:44,(anonymous_5)
FNDA:11,(anonymous_6)
FNDA:5,(anonymous_7)
DA:21,1
DA:28,1
DA:29,1
DA:54,1
DA:55,44
DA:57,45
DA:59,1
DA:61,1
DA:63,1
DA:65,1
DA:67,1
DA:71,44
DA:77,1
DA:81,11
DA:82,1
DA:87,1
DA:90,37
DA:94,1
DA:95,5
DA:98,5
DA:104,5
DA:105,4
DA:106,4
DA:107,4
DA:109,4
DA:110,2
DA:112,2
DA:115,4
DA:116,4
DA:117,4
DA:120,5
DA:122,5
LF:32
LH:32
BRDA:104,0,0,4
BRDA:104,0,1,1
BRDA:104,1,0,5
BRDA:104,1,1,4
BRDA:105,2,0,2
BRDA:105,2,1,2
BRDA:109,3,0,2
BRDA:109,3,1,2
BRF:8
BRH:8
end_of_record
TN:
SF:/Users/zhangyufan/em/testPro/vue-scale/src/components/datepicker/DatePicker.vue
FN:192,(anonymous_1)
FN:326,(anonymous_2)
FN:330,(anonymous_3)
FN:341,(anonymous_4)
FN:353,(anonymous_5)
FN:357,(anonymous_6)
FN:363,(anonymous_7)
FN:368,(anonymous_8)
FN:375,(anonymous_9)
FN:379,(anonymous_10)
FN:383,(anonymous_11)
FN:401,(anonymous_12)
FN:411,(anonymous_13)
FN:418,(anonymous_14)
FN:456,(anonymous_15)
FN:457,(anonymous_16)
FN:473,(anonymous_17)
FN:477,(anonymous_18)
FN:481,(anonymous_19)
FN:487,(anonymous_20)
FN:496,(anonymous_21)
FN:512,(anonymous_22)
FN:528,(anonymous_23)
FN:546,(anonymous_24)
FN:561,(anonymous_25)
FN:603,(anonymous_26)
FN:605,(anonymous_27)
FN:606,(anonymous_28)
FN:625,(anonymous_29)
FN:635,(anonymous_30)
FN:645,(anonymous_31)
FN:650,(anonymous_32)
FN:655,(anonymous_33)
FN:660,(anonymous_34)
FN:669,(anonymous_35)
FN:678,(anonymous_36)
FN:699,(anonymous_37)
FN:704,(anonymous_38)
FN:709,(anonymous_39)
FN:711,(anonymous_40)
FN:722,(anonymous_41)
FN:733,(anonymous_42)
FN:737,(anonymous_43)
FN:742,(anonymous_44)
FN:746,(anonymous_45)
FN:753,(anonymous_46)
FN:758,(anonymous_47)
FN:774,(anonymous_48)
FNF:48
FNH:48
FNDA:64,(anonymous_1)
FNDA:64,(anonymous_2)
FNDA:64,(anonymous_3)
FNDA:64,(anonymous_4)
FNDA:64,(anonymous_5)
FNDA:64,(anonymous_6)
FNDA:64,(anonymous_7)
FNDA:1,(anonymous_8)
FNDA:65,(anonymous_9)
FNDA:65,(anonymous_10)
FNDA:65,(anonymous_11)
FNDA:64,(anonymous_12)
FNDA:64,(anonymous_13)
FNDA:65,(anonymous_14)
FNDA:69,(anonymous_15)
FNDA:69,(anonymous_16)
FNDA:72,(anonymous_17)
FNDA:70,(anonymous_18)
FNDA:32,(anonymous_19)
FNDA:46,(anonymous_20)
FNDA:11,(anonymous_21)
FNDA:10,(anonymous_22)
FNDA:1,(anonymous_23)
FNDA:10,(anonymous_24)
FNDA:9,(anonymous_25)
FNDA:6,(anonymous_26)
FNDA:6,(anonymous_27)
FNDA:6,(anonymous_28)
FNDA:8,(anonymous_29)
FNDA:13,(anonymous_30)
FNDA:1,(anonymous_31)
FNDA:1,(anonymous_32)
FNDA:1,(anonymous_33)
FNDA:2,(anonymous_34)
FNDA:5,(anonymous_35)
FNDA:6,(anonymous_36)
FNDA:1,(anonymous_37)
FNDA:1,(anonymous_38)
FNDA:3,(anonymous_39)
FNDA:3,(anonymous_40)
FNDA:1,(anonymous_41)
FNDA:1,(anonymous_42)
FNDA:1,(anonymous_43)
FNDA:64,(anonymous_44)
FNDA:2,(anonymous_45)
FNDA:5,(anonymous_46)
FNDA:3,(anonymous_47)
FNDA:1,(anonymous_48)
DA:140,1
DA:141,1
DA:142,1
DA:150,1
DA:151,1
DA:152,1
DA:174,1
DA:175,1
DA:176,1
DA:177,1
DA:178,1
DA:179,1
DA:180,1
DA:181,1
DA:182,1
DA:183,1
DA:186,1
DA:188,1
DA:190,1
DA:199,1
DA:200,64
DA:202,64
DA:204,64
DA:206,64
DA:210,64
DA:212,64
DA:214,64
DA:216,64
DA:218,64
DA:220,64
DA:222,64
DA:224,64
DA:226,64
DA:228,64
DA:230,64
DA:232,64
DA:234,64
DA:239,64
DA:244,64
DA:246,64
DA:248,64
DA:250,64
DA:252,64
DA:254,64
DA:256,64
DA:261,64
DA:263,64
DA:265,64
DA:267,1
DA:272,1
DA:274,1
DA:276,1
DA:278,1
DA:280,1
DA:282,1
DA:287,1
DA:292,1
DA:297,1
DA:299,1
DA:301,1
DA:303,1
DA:308,1
DA:313,1
DA:315,1
DA:317,1
DA:319,1
DA:324,1
DA:327,64
DA:331,64
DA:342,64
DA:354,64
DA:355,64
DA:357,64
DA:358,64
DA:360,64
DA:364,64
DA:365,64
DA:369,1
DA:375,1
DA:376,65
DA:380,65
DA:384,65
DA:385,56
DA:389,9
DA:392,65
DA:393,56
DA:397,9
DA:402,64
DA:408,64
DA:412,64
DA:413,64
DA:414,64
DA:419,65
DA:425,65
DA:426,65
DA:428,65
DA:430,65
DA:431,33
DA:439,65
DA:440,8
DA:442,65
DA:443,8
DA:446,65
DA:447,8
DA:448,8
DA:449,8
DA:456,1
DA:457,69
DA:458,69
DA:460,28
DA:461,9
DA:463,9
DA:465,19
DA:468,41
DA:474,72
DA:478,70
DA:482,32
DA:483,32
DA:484,32
DA:488,46
DA:489,46
DA:490,46
DA:491,46
DA:492,46
DA:497,11
DA:498,11
DA:505,11
DA:507,11
DA:513,10
DA:514,10
DA:520,10
DA:521,10
DA:522,10
DA:523,10
DA:529,1
DA:530,1
DA:531,1
DA:539,1
DA:540,1
DA:541,1
DA:542,1
DA:547,10
DA:548,10
DA:554,10
DA:555,10
DA:556,10
DA:558,10
DA:569,9
DA:570,1
DA:573,8
DA:574,1
DA:575,1
DA:576,7
DA:577,3
DA:578,3
DA:579,1
DA:580,2
DA:581,1
DA:583,4
DA:584,1
DA:585,1
DA:588,8
DA:589,6
DA:598,6
DA:599,6
DA:600,6
DA:603,6
DA:604,6
DA:605,12
DA:606,12
DA:608,6
DA:612,4
DA:614,6
DA:618,1
DA:625,1
DA:626,8
DA:627,1
DA:628,1
DA:629,1
DA:632,7
DA:636,13
DA:646,1
DA:647,1
DA:651,1
DA:652,1
DA:656,1
DA:657,1
DA:661,2
DA:662,2
DA:663,1
DA:664,1
DA:666,2
DA:670,5
DA:671,5
DA:672,1
DA:673,1
DA:675,5
DA:679,6
DA:680,4
DA:681,4
DA:682,3
DA:684,1
DA:687,6
DA:688,1
DA:689,1
DA:692,6
DA:693,1
DA:694,1
DA:695,1
DA:700,1
DA:701,1
DA:705,1
DA:706,1
DA:710,3
DA:711,3
DA:712,3
DA:713,3
DA:714,3
DA:715,1
DA:716,1
DA:722,1
DA:723,1
DA:724,1
DA:725,1
DA:726,1
DA:728,1
DA:730,1
DA:734,1
DA:738,1
DA:742,1
DA:743,64
DA:747,2
DA:748,1
DA:749,1
DA:754,5
DA:758,1
DA:759,3
DA:760,3
DA:762,3
DA:763,2
DA:765,1
DA:766,1
DA:769,3
DA:771,3
DA:775,1
LF:245
LH:245
BRDA:327,0,0,64
BRDA:327,0,1,40
BRDA:376,1,0,65
BRDA:376,1,1,40
BRDA:384,2,0,56
BRDA:384,2,1,9
BRDA:384,3,0,65
BRDA:384,3,1,65
BRDA:385,4,0,48
BRDA:385,4,1,8
BRDA:392,5,0,56
BRDA:392,5,1,9
BRDA:392,6,0,65
BRDA:392,6,1,65
BRDA:393,7,0,48
BRDA:393,7,1,8
BRDA:412,8,0,64
BRDA:412,8,1,40
BRDA:413,9,0,24
BRDA:413,9,1,40
BRDA:430,10,0,33
BRDA:430,10,1,32
BRDA:439,11,0,8
BRDA:439,11,1,57
BRDA:442,12,0,8
BRDA:442,12,1,57
BRDA:446,13,0,8
BRDA:446,13,1,57
BRDA:458,14,0,28
BRDA:458,14,1,41
BRDA:458,15,0,69
BRDA:458,15,1,28
BRDA:460,16,0,9
BRDA:460,16,1,19
BRDA:569,17,0,1
BRDA:569,17,1,8
BRDA:573,18,0,1
BRDA:573,18,1,7
BRDA:573,19,0,8
BRDA:573,19,1,1
BRDA:576,20,0,3
BRDA:576,20,1,4
BRDA:578,21,0,1
BRDA:578,21,1,2
BRDA:580,22,0,1
BRDA:580,22,1,1
BRDA:583,23,0,1
BRDA:583,23,1,3
BRDA:583,24,0,4
BRDA:583,24,1,1
BRDA:588,25,0,6
BRDA:588,25,1,2
BRDA:608,26,0,4
BRDA:608,26,1,2
BRDA:608,27,0,6
BRDA:608,27,1,5
BRDA:608,27,2,2
BRDA:608,27,3,1
BRDA:614,28,0,1
BRDA:614,28,1,5
BRDA:614,29,0,6
BRDA:614,29,1,5
BRDA:614,29,2,5
BRDA:614,29,3,1
BRDA:626,30,0,1
BRDA:626,30,1,7
BRDA:637,31,0,1
BRDA:637,31,1,12
BRDA:662,32,0,1
BRDA:662,32,1,1
BRDA:671,33,0,1
BRDA:671,33,1,4
BRDA:679,34,0,4
BRDA:679,34,1,2
BRDA:679,35,0,6
BRDA:679,35,1,5
BRDA:681,36,0,3
BRDA:681,36,1,1
BRDA:687,37,0,1
BRDA:687,37,1,5
BRDA:692,38,0,1
BRDA:692,38,1,5
BRDA:714,39,0,1
BRDA:714,39,1,2
BRDA:747,40,0,1
BRDA:747,40,1,1
BRDA:762,41,0,2
BRDA:762,41,1,1
BRF:88
BRH:88
end_of_record
TN:
SF:/Users/zhangyufan/em/testPro/vue-scale/src/components/datepicker/DatePickerTable.vue
FN:118,(anonymous_1)
FN:145,(anonymous_2)
FN:149,(anonymous_3)
FN:151,(anonymous_4)
FN:164,(anonymous_5)
FN:169,(anonymous_6)
FNF:6
FNH:6
FNDA:65,(anonymous_1)
FNDA:10,(anonymous_2)
FNDA:214,(anonymous_3)
FNDA:37,(anonymous_4)
FNDA:143,(anonymous_5)
FNDA:1,(anonymous_6)
DA:85,2
DA:93,2
DA:100,2
DA:101,2
DA:123,2
DA:124,65
DA:126,65
DA:128,2
DA:130,2
DA:132,2
DA:134,2
DA:136,2
DA:138,2
DA:140,2
DA:143,2
DA:146,10
DA:150,214
DA:151,43
DA:158,208
DA:164,2
DA:165,143
DA:169,2
DA:180,1
DA:189,1
LF:24
LH:24
BRDA:150,0,0,6
BRDA:150,0,1,208
BRDA:151,1,0,37
BRDA:151,1,1,31
BRDA:151,1,2,31
BRDA:181,2,0,1
BRDA:181,2,1,1
BRDA:182,3,0,1
BRDA:182,3,1,1
BRF:9
BRH:9
end_of_record
TN:
SF:/Users/zhangyufan/em/testPro/vue-scale/src/components/empty/Empty.vue
FN:25,(anonymous_1)
FNF:1
FNH:1
FNDA:1,(anonymous_1)
DA:18,5
DA:23,5
DA:26,10
DA:27,1
DA:29,1
DA:31,5
DA:33,5
LF:7
LH:7
BRF:0
BRH:0
end_of_record
TN:
SF:/Users/zhangyufan/em/testPro/vue-scale/src/components/grid/Col.vue
FN:16,(anonymous_1)
FN:57,(anonymous_2)
FN:69,(anonymous_3)
FN:70,(anonymous_4)
FN:72,(anonymous_5)
FN:75,(anonymous_6)
FNF:6
FNH:6
FNDA:4,(anonymous_1)
FNDA:4,(anonymous_2)
FNDA:5,(anonymous_3)
FNDA:55,(anonymous_4)
FNDA:1,(anonymous_5)
FNDA:6,(anonymous_6)
DA:3,1
DA:6,1
DA:7,1
DA:17,2
DA:18,4
DA:20,4
DA:25,1
DA:27,1
DA:29,1
DA:31,1
DA:33,1
DA:35,1
DA:37,1
DA:39,1
DA:41,1
DA:43,1
DA:45,1
DA:47,1
DA:49,1
DA:51,1
DA:53,1
DA:55,1
DA:58,4
DA:59,4
DA:61,4
DA:70,60
DA:72,6
DA:76,6
LF:28
LH:28
BRF:0
BRH:0
end_of_record
TN:
SF:/Users/zhangyufan/em/testPro/vue-scale/src/components/grid/Row.vue
FN:14,(anonymous_1)
FN:43,(anonymous_2)
FN:52,(anonymous_3)
FN:60,(anonymous_4)
FNF:4
FNH:4
FNDA:4,(anonymous_1)
FNDA:4,(anonymous_2)
FNDA:4,(anonymous_3)
FNDA:4,(anonymous_4)
DA:3,1
DA:6,1
DA:15,2
DA:16,4
DA:18,4
DA:23,1
DA:25,1
DA:27,1
DA:29,1
DA:31,1
DA:33,1
DA:35,1
DA:37,5
DA:39,5
DA:41,5
DA:44,4
DA:53,4
DA:54,4
DA:55,4
DA:56,4
DA:57,4
DA:61,4
LF:22
LH:22
BRDA:47,0,0,4
BRDA:47,0,1,2
BRDA:48,1,0,4
BRDA:48,1,1,2
BRF:4
BRH:4
end_of_record
TN:
SF:/Users/zhangyufan/em/testPro/vue-scale/src/components/icon/Icon.vue
FN:33,(anonymous_1)
FNF:1
FNH:1
FNDA:279,(anonymous_1)
DA:28,16
DA:31,16
DA:34,32
DA:35,279
DA:37,16
DA:39,16
DA:44,16
LF:7
LH:7
BRF:0
BRH:0
end_of_record
TN:
SF:/Users/zhangyufan/em/testPro/vue-scale/src/components/input/Input.vue
FN:72,(anonymous_1)
FN:113,(anonymous_2)
FN:121,(anonymous_3)
FN:132,(anonymous_4)
FN:142,(anonymous_5)
FN:150,(anonymous_6)
FN:154,(anonymous_7)
FN:158,(anonymous_8)
FN:162,(anonymous_9)
FN:166,(anonymous_10)
FN:175,(anonymous_11)
FN:105,(anonymous_12)
FN:110,(anonymous_13)
FNF:13
FNH:13
FNDA:68,(anonymous_1)
FNDA:67,(anonymous_2)
FNDA:67,(anonymous_3)
FNDA:67,(anonymous_4)
FNDA:3,(anonymous_5)
FNDA:68,(anonymous_6)
FNDA:68,(anonymous_7)
FNDA:68,(anonymous_8)
FNDA:68,(anonymous_9)
FNDA:69,(anonymous_10)
FNDA:1,(anonymous_11)
FNDA:69,(anonymous_12)
FNDA:1,(anonymous_13)
DA:62,5
DA:69,5
DA:70,5
DA:77,5
DA:78,68
DA:80,68
DA:82,68
DA:84,5
DA:86,5
DA:88,5
DA:90,5
DA:95,5
DA:97,5
DA:99,5
DA:101,5
DA:105,69
DA:106,5
DA:111,5
DA:114,67
DA:122,67
DA:133,67
DA:143,3
DA:151,68
DA:155,68
DA:159,68
DA:163,68
DA:167,69
DA:168,69
DA:169,69
DA:170,69
DA:171,69
DA:175,5
DA:176,1
DA:178,1
DA:179,1
DA:181,1
LF:36
LH:36
BRDA:126,0,0,67
BRDA:126,0,1,66
BRDA:127,1,0,67
BRDA:127,1,1,2
BRDA:137,2,0,67
BRDA:137,2,1,2
BRDA:159,3,0,68
BRDA:159,3,1,2
BRDA:168,4,0,66
BRDA:168,4,1,3
BRDA:169,5,0,66
BRDA:169,5,1,3
BRDA:170,6,0,69
BRDA:170,6,1,69
BRF:14
BRH:14
end_of_record
TN:
SF:/Users/zhangyufan/em/testPro/vue-scale/src/components/inputnumber/InputNumber.vue
FN:66,(anonymous_1)
FN:130,(anonymous_2)
FN:134,(anonymous_3)
FN:138,(anonymous_4)
FN:157,(anonymous_5)
FN:162,(anonymous_6)
FN:166,(anonymous_7)
FN:173,(anonymous_8)
FN:188,(anonymous_9)
FN:192,(anonymous_10)
FN:196,(anonymous_11)
FN:200,(anonymous_12)
FN:211,(anonymous_13)
FN:223,(anonymous_14)
FN:236,(anonymous_15)
FN:117,(anonymous_16)
FN:122,(anonymous_17)
FNF:17
FNH:17
FNDA:36,(anonymous_1)
FNDA:57,(anonymous_2)
FNDA:57,(anonymous_3)
FNDA:13,(anonymous_4)
FNDA:58,(anonymous_5)
FNDA:36,(anonymous_6)
FNDA:39,(anonymous_7)
FNDA:2,(anonymous_8)
FNDA:2,(anonymous_9)
FNDA:1,(anonymous_10)
FNDA:1,(anonymous_11)
FNDA:3,(anonymous_12)
FNDA:4,(anonymous_13)
FNDA:2,(anonymous_14)
FNDA:1,(anonymous_15)
FNDA:65,(anonymous_16)
FNDA:108,(anonymous_17)
DA:43,1
DA:51,1
DA:59,1
DA:67,2
DA:68,36
DA:70,36
DA:72,36
DA:74,36
DA:76,36
DA:78,1
DA:80,1
DA:82,1
DA:84,1
DA:89,1
DA:94,1
DA:99,1
DA:104,1
DA:106,1
DA:108,1
DA:113,1
DA:117,65
DA:118,1
DA:122,108
DA:123,1
DA:128,1
DA:131,57
DA:135,57
DA:139,13
DA:140,13
DA:154,13
DA:158,58
DA:159,58
DA:163,36
DA:167,39
DA:168,39
DA:169,39
DA:173,1
DA:174,2
DA:176,2
DA:181,2
DA:182,2
DA:184,2
DA:188,1
DA:189,2
DA:193,1
DA:197,1
DA:201,3
DA:202,3
DA:203,1
DA:204,2
DA:205,1
DA:207,3
DA:208,3
DA:212,4
DA:213,3
DA:224,2
DA:225,1
DA:236,1
DA:237,1
LF:59
LH:59
BRDA:154,0,0,1
BRDA:154,0,1,12
BRDA:158,1,0,13
BRDA:158,1,1,45
BRDA:202,2,0,1
BRDA:202,2,1,2
BRDA:204,3,0,1
BRDA:204,3,1,1
BRDA:212,4,0,3
BRDA:212,4,1,1
BRDA:224,5,0,1
BRDA:224,5,1,1
BRF:12
BRH:12
end_of_record
TN:
SF:/Users/zhangyufan/em/testPro/vue-scale/src/components/link/Link.vue
FN:78,(anonymous_1)
FNF:1
FNH:1
FNDA:4,(anonymous_1)
DA:48,1
DA:53,1
DA:60,1
DA:64,1
DA:66,1
DA:68,1
DA:70,1
DA:72,1
DA:74,1
DA:76,1
DA:79,4
LF:11
LH:11
BRDA:83,0,0,4
BRDA:83,0,1,2
BRF:2
BRH:2
end_of_record
TN:
SF:/Users/zhangyufan/em/testPro/vue-scale/src/components/modal/Modal.vue
FN:78,(anonymous_1)
FN:186,(anonymous_2)
FN:190,(anonymous_3)
FN:194,(anonymous_4)
FN:198,(anonymous_5)
FN:203,(anonymous_6)
FN:207,(anonymous_7)
FN:213,(anonymous_8)
FN:220,(anonymous_9)
FN:228,(anonymous_10)
FN:236,(anonymous_11)
FN:238,(anonymous_12)
FN:239,(anonymous_13)
FN:249,(anonymous_14)
FN:254,(anonymous_15)
FN:261,(anonymous_16)
FN:268,(anonymous_17)
FN:136,(anonymous_18)
FNF:18
FNH:18
FNDA:100,(anonymous_1)
FNDA:100,(anonymous_2)
FNDA:100,(anonymous_3)
FNDA:102,(anonymous_4)
FNDA:100,(anonymous_5)
FNDA:1,(anonymous_6)
FNDA:101,(anonymous_7)
FNDA:101,(anonymous_8)
FNDA:1,(anonymous_9)
FNDA:2,(anonymous_10)
FNDA:2,(anonymous_11)
FNDA:1,(anonymous_12)
FNDA:1,(anonymous_13)
FNDA:100,(anonymous_14)
FNDA:1,(anonymous_15)
FNDA:3,(anonymous_16)
FNDA:2,(anonymous_17)
FNDA:112,(anonymous_18)
DA:63,1
DA:71,1
DA:72,1
DA:73,1
DA:74,1
DA:76,1
DA:83,1
DA:84,100
DA:86,100
DA:88,100
DA:90,100
DA:92,100
DA:94,100
DA:96,1
DA:98,1
DA:103,1
DA:105,1
DA:110,1
DA:112,1
DA:117,1
DA:122,1
DA:127,1
DA:132,1
DA:136,112
DA:137,1
DA:139,1
DA:144,1
DA:149,1
DA:154,1
DA:156,1
DA:161,1
DA:166,1
DA:168,1
DA:173,1
DA:178,1
DA:180,1
DA:182,1
DA:184,1
DA:187,100
DA:191,100
DA:195,102
DA:199,100
DA:200,100
DA:204,1
DA:208,101
DA:213,1
DA:214,101
DA:215,101
DA:216,101
DA:220,1
DA:221,1
DA:222,1
DA:223,1
DA:224,1
DA:228,1
DA:229,2
DA:230,1
DA:232,2
DA:236,1
DA:237,2
DA:238,1
DA:239,1
DA:240,1
DA:244,1
DA:246,2
DA:251,100
DA:256,1
DA:257,1
DA:261,1
DA:262,3
DA:263,1
DA:265,3
DA:269,2
DA:270,1
LF:74
LH:74
BRDA:208,0,0,1
BRDA:208,0,1,100
BRDA:229,1,0,1
BRDA:229,1,1,1
BRDA:237,2,0,1
BRDA:237,2,1,1
BRDA:261,3,0,1
BRDA:262,4,0,1
BRDA:262,4,1,2
BRDA:262,5,0,3
BRDA:262,5,1,1
BRDA:262,5,2,1
BRDA:262,5,3,1
BRDA:269,6,0,1
BRDA:269,6,1,1
BRF:15
BRH:15
end_of_record
TN:
SF:/Users/zhangyufan/em/testPro/vue-scale/src/components/page/Page.vue
FN:171,(anonymous_1)
FN:219,(anonymous_2)
FN:223,(anonymous_3)
FN:227,(anonymous_4)
FN:231,(anonymous_5)
FN:235,(anonymous_6)
FN:239,(anonymous_7)
FN:250,(anonymous_8)
FN:264,(anonymous_9)
FN:272,(anonymous_10)
FN:284,(anonymous_11)
FN:288,(anonymous_12)
FN:300,(anonymous_13)
FN:304,(anonymous_14)
FN:308,(anonymous_15)
FN:312,(anonymous_16)
FN:319,(anonymous_17)
FN:327,(anonymous_18)
FNF:18
FNH:18
FNDA:25,(anonymous_1)
FNDA:25,(anonymous_2)
FNDA:20,(anonymous_3)
FNDA:25,(anonymous_4)
FNDA:31,(anonymous_5)
FNDA:31,(anonymous_6)
FNDA:20,(anonymous_7)
FNDA:22,(anonymous_8)
FNDA:22,(anonymous_9)
FNDA:22,(anonymous_10)
FNDA:25,(anonymous_11)
FNDA:31,(anonymous_12)
FNDA:4,(anonymous_13)
FNDA:1,(anonymous_14)
FNDA:1,(anonymous_15)
FNDA:1,(anonymous_16)
FNDA:1,(anonymous_17)
FNDA:2,(anonymous_18)
DA:154,1
DA:162,1
DA:163,1
DA:164,1
DA:165,1
DA:178,1
DA:179,25
DA:181,25
DA:183,1
DA:185,1
DA:187,1
DA:189,1
DA:194,1
DA:199,1
DA:204,1
DA:206,1
DA:211,1
DA:217,1
DA:220,25
DA:224,20
DA:228,25
DA:232,31
DA:236,31
DA:240,20
DA:242,20
DA:244,20
DA:246,20
DA:247,20
DA:251,22
DA:253,22
DA:254,22
DA:258,22
DA:259,120
DA:261,22
DA:265,22
DA:273,22
DA:285,25
DA:289,31
DA:290,31
DA:292,31
DA:293,3
DA:294,3
DA:295,3
DA:300,1
DA:301,4
DA:305,1
DA:309,1
DA:313,1
DA:319,1
DA:320,1
DA:321,1
DA:322,1
DA:327,1
DA:328,2
LF:54
LH:54
BRDA:224,0,0,20
BRDA:224,0,1,20
BRDA:240,1,0,5
BRDA:240,1,1,15
BRDA:254,2,0,1
BRDA:254,2,1,21
BRDA:265,3,0,1
BRDA:265,3,1,21
BRDA:288,4,0,3
BRDA:289,5,0,31
BRDA:289,5,1,5
BRDA:292,6,0,3
BRDA:292,6,1,28
BRF:13
BRH:13
end_of_record
TN:
SF:/Users/zhangyufan/em/testPro/vue-scale/src/components/page/PageJump.vue
FN:30,(anonymous_1)
FN:53,(anonymous_2)
FN:65,(anonymous_3)
FNF:3
FNH:3
FNDA:1,(anonymous_1)
FNDA:1,(anonymous_2)
FNDA:1,(anonymous_3)
DA:21,1
DA:28,1
DA:35,1
DA:36,1
DA:38,1
DA:40,1
DA:45,1
DA:50,1
DA:53,1
DA:54,1
DA:55,1
DA:57,1
DA:59,1
DA:61,1
DA:65,1
DA:66,1
LF:16
LH:16
BRF:0
BRH:0
end_of_record
TN:
SF:/Users/zhangyufan/em/testPro/vue-scale/src/components/popconfirm/Popconfirm.vue
FN:95,(anonymous_1)
FN:172,(anonymous_2)
FN:183,(anonymous_3)
FN:201,(anonymous_4)
FN:206,(anonymous_5)
FN:210,(anonymous_6)
FN:214,(anonymous_7)
FN:218,(anonymous_8)
FN:222,(anonymous_9)
FN:228,(anonymous_10)
FN:240,(anonymous_11)
FN:246,(anonymous_12)
FN:247,(anonymous_13)
FN:248,(anonymous_14)
FN:254,(anonymous_15)
FN:260,(anonymous_16)
FN:265,(anonymous_17)
FN:149,(anonymous_18)
FNF:18
FNH:18
FNDA:1,(anonymous_1)
FNDA:1,(anonymous_2)
FNDA:1,(anonymous_3)
FNDA:1,(anonymous_4)
FNDA:1,(anonymous_5)
FNDA:4,(anonymous_6)
FNDA:4,(anonymous_7)
FNDA:3,(anonymous_8)
FNDA:2,(anonymous_9)
FNDA:7,(anonymous_10)
FNDA:2,(anonymous_11)
FNDA:1,(anonymous_12)
FNDA:1,(anonymous_13)
FNDA:1,(anonymous_14)
FNDA:3,(anonymous_15)
FNDA:1,(anonymous_16)
FNDA:1,(anonymous_17)
FNDA:1,(anonymous_18)
DA:63,1
DA:70,1
DA:71,1
DA:72,1
DA:73,1
DA:74,1
DA:75,1
DA:76,1
DA:77,1
DA:81,1
DA:82,1
DA:84,1
DA:86,1
DA:101,1
DA:102,1
DA:104,1
DA:106,1
DA:108,1
DA:110,1
DA:115,1
DA:117,1
DA:122,1
DA:127,1
DA:132,1
DA:137,1
DA:142,1
DA:144,1
DA:149,1
DA:150,1
DA:153,1
DA:158,1
DA:163,1
DA:168,1
DA:170,1
DA:173,1
DA:184,1
DA:202,1
DA:203,1
DA:207,1
DA:211,4
DA:215,4
DA:219,3
DA:223,2
DA:224,1
DA:229,7
DA:230,4
DA:231,4
DA:233,7
DA:234,2
DA:235,2
DA:236,2
DA:241,2
DA:242,1
DA:247,1
DA:248,1
DA:249,1
DA:255,3
DA:256,3
DA:257,3
DA:261,1
DA:265,1
DA:266,1
LF:62
LH:62
BRDA:223,0,0,1
BRDA:223,0,1,1
BRDA:229,1,0,4
BRDA:229,1,1,3
BRDA:233,2,0,2
BRDA:233,2,1,5
BRDA:233,3,0,7
BRDA:233,3,1,4
BRDA:241,4,0,1
BRDA:241,4,1,1
BRF:10
BRH:10
end_of_record
TN:
SF:/Users/zhangyufan/em/testPro/vue-scale/src/components/popover/Popover.vue
FN:82,(anonymous_1)
FN:140,(anonymous_2)
FN:146,(anonymous_3)
FN:150,(anonymous_4)
FN:167,(anonymous_5)
FN:178,(anonymous_6)
FN:196,(anonymous_7)
FN:200,(anonymous_8)
FN:204,(anonymous_9)
FN:208,(anonymous_10)
FN:212,(anonymous_11)
FN:217,(anonymous_12)
FN:223,(anonymous_13)
FN:224,(anonymous_14)
FN:229,(anonymous_15)
FN:231,(anonymous_16)
FN:236,(anonymous_17)
FN:248,(anonymous_18)
FN:252,(anonymous_19)
FN:257,(anonymous_20)
FN:262,(anonymous_21)
FNF:21
FNH:21
FNDA:4,(anonymous_1)
FNDA:2,(anonymous_2)
FNDA:4,(anonymous_3)
FNDA:6,(anonymous_4)
FNDA:5,(anonymous_5)
FNDA:5,(anonymous_6)
FNDA:4,(anonymous_7)
FNDA:2,(anonymous_8)
FNDA:4,(anonymous_9)
FNDA:4,(anonymous_10)
FNDA:1,(anonymous_11)
FNDA:2,(anonymous_12)
FNDA:1,(anonymous_13)
FNDA:1,(anonymous_14)
FNDA:4,(anonymous_15)
FNDA:3,(anonymous_16)
FNDA:5,(anonymous_17)
FNDA:1,(anonymous_18)
FNDA:1,(anonymous_19)
FNDA:1,(anonymous_20)
FNDA:1,(anonymous_21)
DA:53,1
DA:60,1
DA:61,1
DA:62,1
DA:63,1
DA:64,1
DA:68,1
DA:69,1
DA:71,1
DA:73,1
DA:83,2
DA:84,4
DA:86,4
DA:88,4
DA:90,1
DA:95,1
DA:100,1
DA:105,1
DA:110,1
DA:115,1
DA:120,1
DA:122,1
DA:124,1
DA:126,1
DA:128,1
DA:130,1
DA:135,1
DA:137,1
DA:141,2
DA:147,4
DA:151,6
DA:152,6
DA:153,1
DA:155,6
DA:156,1
DA:158,6
DA:159,1
DA:161,6
DA:162,1
DA:164,6
DA:168,5
DA:179,5
DA:197,4
DA:201,2
DA:205,4
DA:209,4
DA:213,1
DA:214,1
DA:218,2
DA:219,1
DA:224,1
DA:225,1
DA:230,4
DA:231,4
DA:232,3
DA:237,5
DA:238,4
DA:239,4
DA:241,5
DA:242,3
DA:243,3
DA:244,3
DA:249,1
DA:253,1
DA:254,1
DA:258,1
DA:262,1
DA:263,1
LF:68
LH:68
BRDA:147,0,0,4
BRDA:147,0,1,2
BRDA:152,1,0,1
BRDA:152,1,1,5
BRDA:152,2,0,6
BRDA:152,2,1,3
BRDA:155,3,0,1
BRDA:155,3,1,5
BRDA:155,4,0,6
BRDA:155,4,1,1
BRDA:158,5,0,1
BRDA:158,5,1,5
BRDA:158,6,0,6
BRDA:158,6,1,1
BRDA:161,7,0,1
BRDA:161,7,1,5
BRDA:161,8,0,6
BRDA:161,8,1,1
BRDA:218,9,0,1
BRDA:218,9,1,1
BRDA:237,10,0,4
BRDA:237,10,1,1
BRDA:241,11,0,3
BRDA:241,11,1,2
BRDA:241,12,0,5
BRDA:241,12,1,4
BRF:26
BRH:26
end_of_record
TN:
SF:/Users/zhangyufan/em/testPro/vue-scale/src/components/progress/Progress.vue
FN:57,(anonymous_1)
FN:106,(anonymous_2)
FN:110,(anonymous_3)
FN:114,(anonymous_4)
FN:121,(anonymous_5)
FNF:5
FNH:5
FNDA:4,(anonymous_1)
FNDA:4,(anonymous_2)
FNDA:4,(anonymous_3)
FNDA:4,(anonymous_4)
FNDA:5,(anonymous_5)
DA:43,1
DA:50,1
DA:51,1
DA:52,1
DA:64,1
DA:65,4
DA:67,4
DA:69,4
DA:71,1
DA:76,1
DA:81,1
DA:86,1
DA:91,1
DA:93,1
DA:95,1
DA:97,1
DA:102,1
DA:104,1
DA:107,4
DA:111,4
DA:115,4
DA:121,1
DA:122,5
LF:23
LH:23
BRDA:122,0,0,1
BRDA:122,0,1,4
BRF:2
BRH:2
end_of_record
TN:
SF:/Users/zhangyufan/em/testPro/vue-scale/src/components/progress/ProgressCircle.vue
FN:45,(anonymous_1)
FN:71,(anonymous_2)
FN:75,(anonymous_3)
FN:82,(anonymous_4)
FN:93,(anonymous_5)
FN:97,(anonymous_6)
FN:101,(anonymous_7)
FN:106,(anonymous_8)
FN:113,(anonymous_9)
FN:121,(anonymous_10)
FNF:10
FNH:10
FNDA:36,(anonymous_1)
FNDA:36,(anonymous_2)
FNDA:36,(anonymous_3)
FNDA:36,(anonymous_4)
FNDA:36,(anonymous_5)
FNDA:36,(anonymous_6)
FNDA:36,(anonymous_7)
FNDA:36,(anonymous_8)
FNDA:40,(anonymous_9)
FNDA:38,(anonymous_10)
DA:31,4
DA:37,4
DA:43,4
DA:46,8
DA:47,36
DA:49,36
DA:51,4
DA:53,4
DA:58,4
DA:60,4
DA:62,4
DA:64,4
DA:69,4
DA:72,36
DA:76,36
DA:77,12
DA:79,24
DA:83,36
DA:84,36
DA:94,36
DA:98,36
DA:102,36
DA:103,36
DA:107,36
DA:114,40
DA:122,38
DA:124,38
DA:125,6
DA:126,32
DA:127,7
DA:128,25
DA:129,7
DA:132,38
LF:33
LH:33
BRDA:76,0,0,12
BRDA:76,0,1,24
BRDA:76,1,0,36
BRDA:76,1,1,30
BRDA:98,2,0,6
BRDA:98,2,1,30
BRDA:124,3,0,6
BRDA:124,3,1,32
BRDA:126,4,0,7
BRDA:126,4,1,25
BRDA:128,5,0,7
BRDA:128,5,1,18
BRF:12
BRH:12
end_of_record
TN:
SF:/Users/zhangyufan/em/testPro/vue-scale/src/components/progress/ProgressLine.vue
FN:55,(anonymous_1)
FN:80,(anonymous_2)
FN:84,(anonymous_3)
FN:91,(anonymous_4)
FN:107,(anonymous_5)
FN:113,(anonymous_6)
FN:114,(anonymous_7)
FNF:7
FNH:7
FNDA:25,(anonymous_1)
FNDA:1,(anonymous_2)
FNDA:25,(anonymous_3)
FNDA:27,(anonymous_4)
FNDA:26,(anonymous_5)
FNDA:25,(anonymous_6)
FNDA:5,(anonymous_7)
DA:40,3
DA:46,3
DA:47,3
DA:48,3
DA:53,3
DA:61,3
DA:62,25
DA:64,3
DA:66,3
DA:68,3
DA:70,3
DA:72,3
DA:74,3
DA:76,3
DA:78,3
DA:81,1
DA:85,25
DA:92,27
DA:94,27
DA:95,5
DA:96,22
DA:97,6
DA:98,16
DA:99,6
DA:102,27
DA:108,26
DA:114,30
LF:27
LH:27
BRDA:94,0,0,5
BRDA:94,0,1,22
BRDA:96,1,0,6
BRDA:96,1,1,16
BRDA:98,2,0,6
BRDA:98,2,1,10
BRDA:109,3,0,1
BRDA:109,3,1,25
BRDA:114,4,0,25
BRDA:114,4,1,5
BRF:10
BRH:10
end_of_record
TN:
SF:/Users/zhangyufan/em/testPro/vue-scale/src/components/progress/ProgressText.vue
FN:52,(anonymous_1)
FN:85,(anonymous_2)
FN:92,(anonymous_3)
FN:93,(anonymous_4)
FN:96,(anonymous_5)
FN:100,(anonymous_6)
FN:82,(anonymous_7)
FNF:7
FNH:7
FNDA:4,(anonymous_1)
FNDA:2,(anonymous_2)
FNDA:4,(anonymous_3)
FNDA:4,(anonymous_4)
FNDA:3,(anonymous_5)
FNDA:4,(anonymous_6)
FNDA:3,(anonymous_7)
DA:33,3
DA:39,3
DA:40,3
DA:41,3
DA:42,3
DA:48,3
DA:50,3
DA:59,3
DA:60,4
DA:62,4
DA:64,3
DA:69,3
DA:71,3
DA:76,3
DA:78,3
DA:82,3
DA:83,3
DA:86,2
DA:93,8
DA:97,3
DA:101,4
LF:21
LH:21
BRDA:93,0,0,4
BRDA:93,0,1,2
BRF:2
BRH:2
end_of_record
TN:
SF:/Users/zhangyufan/em/testPro/vue-scale/src/components/radio/Radio.vue
FN:63,(anonymous_1)
FN:104,(anonymous_2)
FN:119,(anonymous_3)
FN:129,(anonymous_4)
FN:139,(anonymous_5)
FN:146,(anonymous_6)
FN:151,(anonymous_7)
FN:158,(anonymous_8)
FN:167,(anonymous_9)
FN:93,(anonymous_10)
FN:101,(anonymous_11)
FNF:11
FNH:11
FNDA:30,(anonymous_1)
FNDA:31,(anonymous_2)
FNDA:30,(anonymous_3)
FNDA:30,(anonymous_4)
FNDA:30,(anonymous_5)
FNDA:30,(anonymous_6)
FNDA:3,(anonymous_7)
FNDA:2,(anonymous_8)
FNDA:2,(anonymous_9)
FNDA:1,(anonymous_10)
FNDA:2,(anonymous_11)
DA:45,1
DA:64,2
DA:65,30
DA:67,30
DA:69,30
DA:74,1
DA:76,1
DA:78,1
DA:80,1
DA:82,1
DA:84,1
DA:86,1
DA:88,1
DA:93,1
DA:94,1
DA:97,1
DA:102,1
DA:105,31
DA:106,31
DA:108,31
DA:109,1
DA:112,31
DA:113,6
DA:116,31
DA:120,30
DA:122,30
DA:123,6
DA:126,30
DA:130,30
DA:132,30
DA:133,6
DA:136,30
DA:140,30
DA:147,30
DA:151,1
DA:152,3
DA:153,2
DA:158,2
DA:159,2
DA:160,2
DA:163,1
DA:167,1
DA:168,2
DA:175,2
DA:177,2
LF:45
LH:45
BRDA:108,0,0,1
BRDA:108,0,1,30
BRDA:108,1,0,31
BRDA:108,1,1,1
BRDA:112,2,0,6
BRDA:112,2,1,25
BRDA:112,3,0,31
BRDA:112,3,1,6
BRDA:122,4,0,6
BRDA:122,4,1,24
BRDA:132,5,0,6
BRDA:132,5,1,24
BRDA:132,6,0,30
BRDA:132,6,1,6
BRDA:152,7,0,2
BRDA:152,7,1,1
BRDA:152,8,0,3
BRDA:152,8,1,2
BRDA:152,8,2,2
BRF:19
BRH:19
end_of_record
TN:
SF:/Users/zhangyufan/em/testPro/vue-scale/src/components/radio/RadioGroup.vue
FN:41,(anonymous_1)
FN:91,(anonymous_2)
FN:96,(anonymous_3)
FN:101,(anonymous_4)
FN:53,(anonymous_5)
FN:58,(anonymous_6)
FN:80,(anonymous_7)
FN:88,(anonymous_8)
FNF:8
FNH:8
FNDA:12,(anonymous_1)
FNDA:6,(anonymous_2)
FNDA:1,(anonymous_3)
FNDA:1,(anonymous_4)
FNDA:6,(anonymous_5)
FNDA:12,(anonymous_6)
FNDA:1,(anonymous_7)
FNDA:1,(anonymous_8)
DA:20,1
DA:27,1
DA:46,1
DA:47,12
DA:49,1
DA:53,6
DA:54,1
DA:58,12
DA:65,1
DA:67,1
DA:69,1
DA:71,1
DA:73,1
DA:75,1
DA:80,1
DA:81,1
DA:84,1
DA:89,1
DA:92,6
DA:96,1
DA:97,1
DA:101,1
DA:102,1
DA:103,1
LF:24
LH:24
BRF:0
BRH:0
end_of_record
TN:
SF:/Users/zhangyufan/em/testPro/vue-scale/src/components/select/Option.vue
FN:17,(anonymous_1)
FN:48,(anonymous_2)
FN:52,(anonymous_3)
FN:62,(anonymous_4)
FN:77,(anonymous_5)
FN:35,(anonymous_6)
FN:45,(anonymous_7)
FNF:7
FNH:7
FNDA:1,(anonymous_1)
FNDA:1,(anonymous_2)
FNDA:1,(anonymous_3)
FNDA:1,(anonymous_4)
FNDA:1,(anonymous_5)
FNDA:1,(anonymous_6)
FNDA:1,(anonymous_7)
DA:8,4
DA:15,4
DA:18,8
DA:19,1
DA:21,4
DA:23,4
DA:25,4
DA:27,4
DA:29,4
DA:31,4
DA:35,1
DA:36,4
DA:41,4
DA:46,4
DA:49,1
DA:53,1
DA:62,4
DA:63,1
DA:70,1
DA:71,1
DA:73,1
DA:77,4
DA:78,1
LF:23
LH:23
BRDA:78,0,0,1
BRDA:78,0,1,1
BRF:2
BRH:2
end_of_record
TN:
SF:/Users/zhangyufan/em/testPro/vue-scale/src/components/select/Select.vue
FN:138,(anonymous_1)
FN:255,(anonymous_2)
FN:259,(anonymous_3)
FN:263,(anonymous_4)
FN:267,(anonymous_5)
FN:276,(anonymous_6)
FN:282,(anonymous_7)
FN:288,(anonymous_8)
FN:296,(anonymous_9)
FN:301,(anonymous_10)
FN:308,(anonymous_11)
FN:310,(anonymous_12)
FN:323,(anonymous_13)
FN:327,(anonymous_14)
FN:331,(anonymous_15)
FN:335,(anonymous_16)
FN:345,(anonymous_17)
FN:349,(anonymous_18)
FN:356,(anonymous_19)
FN:360,(anonymous_20)
FN:361,(anonymous_21)
FN:372,(anonymous_22)
FN:376,(anonymous_23)
FN:383,(anonymous_24)
FN:390,(anonymous_25)
FN:391,(anonymous_26)
FN:399,(anonymous_27)
FN:401,(anonymous_28)
FN:403,(anonymous_29)
FN:416,(anonymous_30)
FN:421,(anonymous_31)
FN:427,(anonymous_32)
FN:445,(anonymous_33)
FN:453,(anonymous_34)
FN:457,(anonymous_35)
FN:464,(anonymous_36)
FN:471,(anonymous_37)
FN:475,(anonymous_38)
FN:478,(anonymous_39)
FN:496,(anonymous_40)
FN:497,(anonymous_41)
FN:508,(anonymous_42)
FN:515,(anonymous_43)
FN:520,(anonymous_44)
FN:542,(anonymous_45)
FN:547,(anonymous_46)
FN:550,(anonymous_47)
FN:562,(anonymous_48)
FN:588,(anonymous_49)
FN:170,(anonymous_50)
FN:175,(anonymous_51)
FN:225,(anonymous_52)
FN:226,(anonymous_53)
FNF:53
FNH:53
FNDA:146,(anonymous_1)
FNDA:146,(anonymous_2)
FNDA:4,(anonymous_3)
FNDA:146,(anonymous_4)
FNDA:146,(anonymous_5)
FNDA:148,(anonymous_6)
FNDA:49,(anonymous_7)
FNDA:146,(anonymous_8)
FNDA:65,(anonymous_9)
FNDA:16,(anonymous_10)
FNDA:49,(anonymous_11)
FNDA:49,(anonymous_12)
FNDA:146,(anonymous_13)
FNDA:1,(anonymous_14)
FNDA:1,(anonymous_15)
FNDA:2,(anonymous_16)
FNDA:9,(anonymous_17)
FNDA:5,(anonymous_18)
FNDA:1,(anonymous_19)
FNDA:5,(anonymous_20)
FNDA:5,(anonymous_21)
FNDA:6,(anonymous_22)
FNDA:2,(anonymous_23)
FNDA:2,(anonymous_24)
FNDA:1,(anonymous_25)
FNDA:1,(anonymous_26)
FNDA:3,(anonymous_27)
FNDA:2,(anonymous_28)
FNDA:2,(anonymous_29)
FNDA:1,(anonymous_30)
FNDA:6,(anonymous_31)
FNDA:5,(anonymous_32)
FNDA:6,(anonymous_33)
FNDA:6,(anonymous_34)
FNDA:1,(anonymous_35)
FNDA:1,(anonymous_36)
FNDA:1,(anonymous_37)
FNDA:3,(anonymous_38)
FNDA:2,(anonymous_39)
FNDA:1,(anonymous_40)
FNDA:1,(anonymous_41)
FNDA:2,(anonymous_42)
FNDA:1,(anonymous_43)
FNDA:3,(anonymous_44)
FNDA:3,(anonymous_45)
FNDA:6,(anonymous_46)
FNDA:3,(anonymous_47)
FNDA:3,(anonymous_48)
FNDA:1,(anonymous_49)
FNDA:130,(anonymous_50)
FNDA:146,(anonymous_51)
FNDA:1,(anonymous_52)
FNDA:1,(anonymous_53)
DA:107,1
DA:114,1
DA:115,1
DA:116,1
DA:117,1
DA:118,1
DA:119,1
DA:120,1
DA:126,1
DA:127,1
DA:130,1
DA:131,1
DA:132,1
DA:134,1
DA:136,1
DA:143,1
DA:144,146
DA:146,146
DA:148,146
DA:150,146
DA:152,146
DA:154,146
DA:156,146
DA:158,146
DA:160,146
DA:162,146
DA:164,146
DA:166,1
DA:170,130
DA:171,1
DA:175,146
DA:176,1
DA:178,1
DA:180,1
DA:182,1
DA:187,1
DA:192,1
DA:197,1
DA:199,1
DA:201,1
DA:203,1
DA:205,1
DA:210,1
DA:215,1
DA:220,1
DA:225,1
DA:226,1
DA:227,1
DA:231,1
DA:233,1
DA:238,1
DA:243,1
DA:248,1
DA:253,1
DA:256,146
DA:260,4
DA:264,146
DA:268,146
DA:277,148
DA:283,49
DA:289,146
DA:290,146
DA:291,49
DA:293,146
DA:297,65
DA:298,65
DA:300,65
DA:301,32
DA:306,65
DA:307,65
DA:308,98
DA:310,98
DA:315,65
DA:316,65
DA:318,65
DA:324,146
DA:328,1
DA:332,1
DA:336,2
DA:338,2
DA:339,1
DA:341,1
DA:346,9
DA:350,5
DA:352,4
DA:357,1
DA:361,5
DA:363,5
DA:364,4
DA:366,5
DA:367,1
DA:373,6
DA:377,2
DA:378,2
DA:379,1
DA:384,2
DA:385,2
DA:386,1
DA:391,1
DA:392,1
DA:393,1
DA:394,1
DA:395,1
DA:400,3
DA:401,2
DA:402,2
DA:403,2
DA:404,2
DA:405,2
DA:406,2
DA:407,2
DA:408,2
DA:409,2
DA:410,2
DA:417,1
DA:421,1
DA:422,6
DA:425,6
DA:427,11
DA:432,6
DA:435,6
DA:441,6
DA:442,6
DA:443,6
DA:444,6
DA:445,6
DA:446,6
DA:449,6
DA:453,1
DA:454,6
DA:459,1
DA:461,1
DA:466,1
DA:468,1
DA:472,1
DA:476,3
DA:477,3
DA:478,5
DA:481,3
DA:482,2
DA:484,3
DA:485,2
DA:487,3
DA:488,2
DA:490,3
DA:491,3
DA:492,3
DA:496,1
DA:497,1
DA:498,1
DA:499,1
DA:501,1
DA:504,1
DA:508,1
DA:509,2
DA:510,2
DA:512,2
DA:516,1
DA:517,1
DA:521,3
DA:523,3
DA:524,1
DA:528,3
DA:529,2
DA:540,2
DA:542,3
DA:543,3
DA:550,6
DA:557,2
DA:563,3
DA:565,3
DA:566,2
DA:567,2
DA:571,1
DA:585,3
DA:589,1
DA:600,1
DA:601,1
DA:602,1
LF:179
LH:179
BRDA:269,0,0,146
BRDA:269,0,1,49
BRDA:290,1,0,49
BRDA:290,1,1,97
BRDA:291,2,0,17
BRDA:291,2,1,32
BRDA:300,3,0,16
BRDA:300,3,1,49
BRDA:306,4,0,65
BRDA:306,4,1,16
BRDA:307,5,0,49
BRDA:307,5,1,16
BRDA:307,6,0,65
BRDA:307,6,1,49
BRDA:307,6,2,49
BRDA:310,7,0,49
BRDA:310,7,1,49
BRDA:315,8,0,65
BRDA:315,8,1,49
BRDA:316,9,0,65
BRDA:316,9,1,16
BRDA:318,10,0,16
BRDA:318,10,1,49
BRDA:318,11,0,65
BRDA:318,11,1,65
BRDA:318,11,2,65
BRDA:338,12,0,1
BRDA:338,12,1,1
BRDA:345,13,0,9
BRDA:350,14,0,4
BRDA:350,14,1,1
BRDA:363,15,0,4
BRDA:363,15,1,1
BRDA:366,16,0,1
BRDA:366,16,1,4
BRDA:366,17,0,5
BRDA:366,17,1,1
BRDA:372,18,0,1
BRDA:378,19,0,1
BRDA:378,19,1,1
BRDA:385,20,0,1
BRDA:385,20,1,1
BRDA:400,21,0,2
BRDA:400,21,1,1
BRDA:427,22,0,1
BRDA:427,22,1,4
BRDA:432,23,0,8
BRDA:432,23,1,8
BRDA:481,24,0,2
BRDA:481,24,1,1
BRDA:484,25,0,2
BRDA:484,25,1,1
BRDA:487,26,0,2
BRDA:487,26,1,1
BRDA:523,27,0,1
BRDA:523,27,1,2
BRDA:528,28,0,2
BRDA:528,28,1,1
BRDA:550,29,0,2
BRDA:550,29,1,4
BRDA:550,30,0,9
BRDA:550,30,1,6
BRDA:565,31,0,2
BRDA:565,31,1,1
BRDA:565,32,0,3
BRDA:565,32,1,2
BRDA:565,32,2,2
BRDA:567,33,0,1
BRDA:567,33,1,1
BRDA:567,34,0,2
BRDA:567,34,1,2
BRDA:567,34,2,2
BRDA:585,35,0,1
BRDA:585,35,1,2
BRF:74
BRH:74
end_of_record
TN:
SF:/Users/zhangyufan/em/testPro/vue-scale/src/components/spin/Spin.vue
FN:57,(anonymous_1)
FN:64,(anonymous_2)
FNF:2
FNH:2
FNDA:4,(anonymous_1)
FNDA:1,(anonymous_2)
DA:35,2
DA:41,2
DA:48,2
DA:49,2
DA:51,2
DA:53,2
DA:55,2
DA:58,4
DA:65,1
LF:9
LH:9
BRF:0
BRH:0
end_of_record
TN:
SF:/Users/zhangyufan/em/testPro/vue-scale/src/components/switch/Switch.vue
FN:35,(anonymous_1)
FN:58,(anonymous_2)
FN:62,(anonymous_3)
FN:68,(anonymous_4)
FN:87,(anonymous_5)
FN:55,(anonymous_6)
FNF:6
FNH:6
FNDA:16,(anonymous_1)
FNDA:16,(anonymous_2)
FNDA:4,(anonymous_3)
FNDA:1,(anonymous_4)
FNDA:20,(anonymous_5)
FNDA:3,(anonymous_6)
DA:22,1
DA:36,2
DA:37,16
DA:39,16
DA:41,1
DA:43,1
DA:45,1
DA:47,1
DA:49,1
DA:51,1
DA:56,1
DA:59,16
DA:63,4
DA:64,3
DA:67,3
DA:68,1
DA:69,1
DA:70,1
DA:71,1
DA:74,2
DA:75,2
DA:76,2
DA:78,3
DA:79,3
DA:80,1
DA:87,1
DA:88,20
DA:89,20
LF:28
LH:28
BRDA:63,0,0,3
BRDA:63,0,1,1
BRDA:63,1,0,4
BRDA:63,1,1,3
BRDA:67,2,0,1
BRDA:67,2,1,2
BRDA:79,3,0,1
BRDA:79,3,1,2
BRF:8
BRH:8
end_of_record
TN:
SF:/Users/zhangyufan/em/testPro/vue-scale/src/components/table/Table.vue
FN:310,(anonymous_1)
FN:356,(anonymous_2)
FN:362,(anonymous_3)
FN:371,(anonymous_4)
FN:374,(anonymous_5)
FN:376,(anonymous_6)
FN:385,(anonymous_7)
FN:392,(anonymous_8)
FN:396,(anonymous_9)
FN:397,(anonymous_10)
FN:400,(anonymous_11)
FN:404,(anonymous_12)
FN:405,(anonymous_13)
FN:408,(anonymous_14)
FN:419,(anonymous_15)
FN:430,(anonymous_16)
FN:441,(anonymous_17)
FN:456,(anonymous_18)
FN:471,(anonymous_19)
FN:475,(anonymous_20)
FN:481,(anonymous_21)
FN:486,(anonymous_22)
FN:491,(anonymous_23)
FN:495,(anonymous_24)
FNF:24
FNH:24
FNDA:16,(anonymous_1)
FNDA:16,(anonymous_2)
FNDA:88,(anonymous_3)
FNDA:16,(anonymous_4)
FNDA:120,(anonymous_5)
FNDA:32,(anonymous_6)
FNDA:88,(anonymous_7)
FNDA:8,(anonymous_8)
FNDA:16,(anonymous_9)
FNDA:88,(anonymous_10)
FNDA:8,(anonymous_11)
FNDA:16,(anonymous_12)
FNDA:88,(anonymous_13)
FNDA:16,(anonymous_14)
FNDA:16,(anonymous_15)
FNDA:2,(anonymous_16)
FNDA:4,(anonymous_17)
FNDA:10,(anonymous_18)
FNDA:1,(anonymous_19)
FNDA:3,(anonymous_20)
FNDA:1,(anonymous_21)
FNDA:1,(anonymous_22)
FNDA:1,(anonymous_23)
FNDA:3,(anonymous_24)
DA:274,1
DA:279,1
DA:280,1
DA:281,1
DA:282,1
DA:283,1
DA:284,1
DA:285,1
DA:286,1
DA:287,1
DA:290,1
DA:318,1
DA:319,16
DA:321,16
DA:323,16
DA:325,16
DA:330,1
DA:335,1
DA:337,1
DA:339,1
DA:341,1
DA:346,1
DA:348,1
DA:350,1
DA:352,1
DA:354,1
DA:357,16
DA:358,16
DA:359,16
DA:360,16
DA:362,16
DA:363,88
DA:366,16
DA:368,16
DA:372,16
DA:374,16
DA:375,120
DA:376,16
DA:377,32
DA:378,32
DA:380,104
DA:381,100
DA:385,16
DA:386,88
DA:389,16
DA:393,8
DA:397,104
DA:401,8
DA:405,104
DA:409,16
DA:410,16
DA:412,16
DA:413,4
DA:414,4
DA:416,16
DA:420,16
DA:421,16
DA:423,16
DA:424,8
DA:425,8
DA:427,16
DA:432,2
DA:433,2
DA:434,1
DA:436,2
DA:437,1
DA:442,4
DA:444,4
DA:445,1
DA:448,3
DA:450,3
DA:451,3
DA:453,3
DA:457,10
DA:459,10
DA:460,2
DA:463,8
DA:464,8
DA:466,8
DA:467,6
DA:472,1
DA:476,3
DA:477,3
DA:478,3
DA:482,1
DA:483,1
DA:487,1
DA:488,1
DA:492,1
DA:496,3
DA:497,1
LF:91
LH:91
BRDA:375,0,0,16
BRDA:375,0,1,104
BRDA:375,1,0,120
BRDA:375,1,1,16
BRDA:380,2,0,100
BRDA:380,2,1,4
BRDA:380,3,0,104
BRDA:380,3,1,100
BRDA:410,4,0,16
BRDA:410,4,1,8
BRDA:412,5,0,4
BRDA:412,5,1,12
BRDA:412,6,0,16
BRDA:412,6,1,4
BRDA:421,7,0,16
BRDA:421,7,1,8
BRDA:423,8,0,8
BRDA:423,8,1,8
BRDA:423,9,0,16
BRDA:423,9,1,8
BRDA:433,10,0,1
BRDA:433,10,1,1
BRDA:436,11,0,1
BRDA:436,11,1,1
BRDA:444,12,0,1
BRDA:444,12,1,3
BRDA:459,13,0,2
BRDA:459,13,1,8
BRDA:466,14,0,6
BRDA:466,14,1,2
BRDA:495,15,0,1
BRDA:496,16,0,1
BRDA:496,16,1,2
BRDA:496,17,0,3
BRDA:496,17,1,2
BRF:35
BRH:35
end_of_record
TN:
SF:/Users/zhangyufan/em/testPro/vue-scale/src/components/table/Tbody.vue
FN:120,(anonymous_1)
FN:150,(anonymous_2)
FN:151,(anonymous_3)
FN:154,(anonymous_4)
FN:158,(anonymous_5)
FNF:5
FNH:5
FNDA:1,(anonymous_1)
FNDA:1,(anonymous_2)
FNDA:3,(anonymous_3)
FNDA:1,(anonymous_4)
FNDA:1,(anonymous_5)
DA:109,2
DA:114,2
DA:115,2
DA:116,2
DA:117,2
DA:118,2
DA:126,2
DA:127,1
DA:129,1
DA:134,2
DA:139,2
DA:144,2
DA:146,2
DA:148,2
DA:151,4
DA:155,1
DA:159,1
LF:17
LH:17
BRF:0
BRH:0
end_of_record
TN:
SF:/Users/zhangyufan/em/testPro/vue-scale/src/components/table/Thead.vue
FN:117,(anonymous_1)
FN:163,(anonymous_2)
FN:167,(anonymous_3)
FN:171,(anonymous_4)
FN:176,(anonymous_5)
FN:177,(anonymous_6)
FN:183,(anonymous_7)
FN:184,(anonymous_8)
FN:191,(anonymous_9)
FN:195,(anonymous_10)
FN:226,(anonymous_11)
FN:227,(anonymous_12)
FN:232,(anonymous_13)
FN:239,(anonymous_14)
FN:251,(anonymous_15)
FN:252,(anonymous_16)
FNF:16
FNH:16
FNDA:9,(anonymous_1)
FNDA:3,(anonymous_2)
FNDA:9,(anonymous_3)
FNDA:9,(anonymous_4)
FNDA:9,(anonymous_5)
FNDA:1,(anonymous_6)
FNDA:9,(anonymous_7)
FNDA:18,(anonymous_8)
FNDA:9,(anonymous_9)
FNDA:12,(anonymous_10)
FNDA:2,(anonymous_11)
FNDA:6,(anonymous_12)
FNDA:9,(anonymous_13)
FNDA:8,(anonymous_14)
FNDA:21,(anonymous_15)
FNDA:60,(anonymous_16)
DA:101,2
DA:106,2
DA:107,2
DA:108,2
DA:109,2
DA:110,2
DA:122,2
DA:123,9
DA:125,9
DA:127,9
DA:129,9
DA:131,9
DA:133,9
DA:138,2
DA:143,2
DA:148,2
DA:150,2
DA:152,2
DA:154,2
DA:156,2
DA:158,9
DA:164,3
DA:168,9
DA:172,9
DA:173,9
DA:174,9
DA:176,9
DA:177,9
DA:178,1
DA:184,27
DA:186,9
DA:187,3
DA:192,9
DA:197,12
DA:199,12
DA:200,12
DA:201,7
DA:202,7
DA:203,6
DA:205,7
DA:206,5
DA:207,2
DA:208,1
DA:209,1
DA:211,2
DA:213,3
DA:216,12
DA:217,6
DA:227,2
DA:228,6
DA:233,9
DA:234,8
DA:236,9
DA:240,8
DA:241,8
DA:242,24
DA:244,8
DA:245,24
DA:246,24
DA:252,81
LF:60
LH:60
BRDA:159,0,0,3
BRDA:159,0,1,6
BRDA:160,1,0,3
BRDA:160,1,1,6
BRDA:164,2,0,2
BRDA:164,2,1,1
BRDA:168,3,0,6
BRDA:168,3,1,3
BRDA:184,4,0,18
BRDA:184,4,1,3
BRDA:184,4,2,3
BRDA:186,5,0,3
BRDA:186,5,1,6
BRDA:199,6,0,9
BRDA:200,7,0,7
BRDA:200,7,1,5
BRDA:202,8,0,6
BRDA:202,8,1,1
BRDA:205,9,0,2
BRDA:205,9,1,5
BRDA:206,10,0,2
BRDA:206,10,1,3
BRDA:207,11,0,1
BRDA:207,11,1,1
BRDA:216,12,0,6
BRDA:216,12,1,6
BRDA:216,13,0,12
BRDA:216,13,1,3
BRDA:216,13,2,9
BRDA:233,14,0,8
BRDA:233,14,1,1
BRDA:251,15,0,9
BRDA:252,16,0,12
BRDA:252,16,1,48
BRF:34
BRH:34
end_of_record
TN:
SF:/Users/zhangyufan/em/testPro/vue-scale/src/components/tag/CheckTag.vue
FN:15,(anonymous_1)
FN:32,(anonymous_2)
FN:45,(anonymous_3)
FN:49,(anonymous_4)
FN:53,(anonymous_5)
FNF:5
FNH:5
FNDA:1,(anonymous_1)
FNDA:1,(anonymous_2)
FNDA:1,(anonymous_3)
FNDA:1,(anonymous_4)
FNDA:1,(anonymous_5)
DA:8,1
DA:16,2
DA:17,1
DA:19,1
DA:21,1
DA:23,1
DA:28,1
DA:30,1
DA:33,1
DA:46,1
DA:50,1
DA:54,1
LF:12
LH:12
BRF:0
BRH:0
end_of_record
TN:
SF:/Users/zhangyufan/em/testPro/vue-scale/src/components/tag/NewTag.vue
FN:51,(anonymous_1)
FN:97,(anonymous_2)
FN:108,(anonymous_3)
FN:112,(anonymous_4)
FN:119,(anonymous_5)
FN:122,(anonymous_6)
FN:123,(anonymous_7)
FN:128,(anonymous_8)
FN:133,(anonymous_9)
FN:141,(anonymous_10)
FN:146,(anonymous_11)
FN:151,(anonymous_12)
FN:162,(anonymous_13)
FN:80,(anonymous_14)
FN:86,(anonymous_15)
FN:94,(anonymous_16)
FNF:16
FNH:16
FNDA:4,(anonymous_1)
FNDA:7,(anonymous_2)
FNDA:4,(anonymous_3)
FNDA:2,(anonymous_4)
FNDA:1,(anonymous_5)
FNDA:1,(anonymous_6)
FNDA:1,(anonymous_7)
FNDA:2,(anonymous_8)
FNDA:1,(anonymous_9)
FNDA:1,(anonymous_10)
FNDA:1,(anonymous_11)
FNDA:2,(anonymous_12)
FNDA:2,(anonymous_13)
FNDA:1,(anonymous_14)
FNDA:1,(anonymous_15)
FNDA:2,(anonymous_16)
DA:34,1
DA:41,1
DA:42,1
DA:43,1
DA:45,1
DA:57,1
DA:58,4
DA:60,4
DA:62,4
DA:64,4
DA:66,1
DA:68,1
DA:70,1
DA:72,1
DA:74,1
DA:76,1
DA:80,1
DA:81,1
DA:86,1
DA:87,1
DA:90,1
DA:95,1
DA:98,7
DA:109,4
DA:113,2
DA:114,2
DA:115,1
DA:120,1
DA:121,1
DA:122,1
DA:123,1
DA:124,1
DA:129,2
DA:130,1
DA:133,1
DA:134,1
DA:135,1
DA:136,1
DA:142,1
DA:143,1
DA:147,1
DA:151,1
DA:152,2
DA:156,2
DA:158,2
DA:162,1
DA:163,2
LF:47
LH:47
BRDA:103,0,0,7
BRDA:103,0,1,7
BRDA:114,1,0,1
BRDA:114,1,1,1
BRDA:123,2,0,1
BRDA:123,2,1,1
BRDA:129,3,0,1
BRDA:129,3,1,1
BRF:8
BRH:8
end_of_record
TN:
SF:/Users/zhangyufan/em/testPro/vue-scale/src/components/tag/Tag.vue
FN:41,(anonymous_1)
FN:74,(anonymous_2)
FN:91,(anonymous_3)
FN:95,(anonymous_4)
FN:99,(anonymous_5)
FN:103,(anonymous_6)
FN:107,(anonymous_7)
FN:111,(anonymous_8)
FN:115,(anonymous_9)
FN:119,(anonymous_10)
FN:123,(anonymous_11)
FN:129,(anonymous_12)
FN:135,(anonymous_13)
FN:140,(anonymous_14)
FN:144,(anonymous_15)
FN:148,(anonymous_16)
FN:159,(anonymous_17)
FN:166,(anonymous_18)
FN:171,(anonymous_19)
FN:71,(anonymous_20)
FNF:20
FNH:20
FNDA:36,(anonymous_1)
FNDA:40,(anonymous_2)
FNDA:36,(anonymous_3)
FNDA:36,(anonymous_4)
FNDA:36,(anonymous_5)
FNDA:36,(anonymous_6)
FNDA:1,(anonymous_7)
FNDA:1,(anonymous_8)
FNDA:1,(anonymous_9)
FNDA:36,(anonymous_10)
FNDA:12,(anonymous_11)
FNDA:12,(anonymous_12)
FNDA:12,(anonymous_13)
FNDA:36,(anonymous_14)
FNDA:12,(anonymous_15)
FNDA:36,(anonymous_16)
FNDA:4,(anonymous_17)
FNDA:1,(anonymous_18)
FNDA:2,(anonymous_19)
FNDA:1,(anonymous_20)
DA:22,1
DA:29,1
DA:42,2
DA:43,36
DA:45,1
DA:47,1
DA:49,1
DA:51,1
DA:56,1
DA:58,1
DA:60,1
DA:62,1
DA:67,1
DA:72,1
DA:75,40
DA:92,36
DA:96,36
DA:100,36
DA:104,36
DA:108,1
DA:112,1
DA:116,1
DA:120,36
DA:124,12
DA:125,12
DA:126,12
DA:130,12
DA:131,12
DA:132,12
DA:136,12
DA:137,12
DA:141,36
DA:145,12
DA:149,36
DA:151,36
DA:152,12
DA:153,12
DA:154,12
DA:156,36
DA:160,4
DA:161,4
DA:162,2
DA:167,1
DA:171,1
DA:172,2
DA:176,2
DA:178,2
DA:179,1
DA:182,2
LF:49
LH:49
BRDA:82,0,0,40
BRDA:82,0,1,34
BRDA:92,1,0,36
BRDA:92,1,1,6
BRDA:96,2,0,36
BRDA:96,2,1,6
BRDA:100,3,0,36
BRDA:100,3,1,6
BRDA:104,4,0,36
BRDA:104,4,1,12
BRDA:125,5,0,6
BRDA:125,5,1,6
BRDA:131,6,0,6
BRDA:131,6,1,6
BRDA:137,7,0,6
BRDA:137,7,1,6
BRDA:151,8,0,12
BRDA:151,8,1,24
BRDA:161,9,0,2
BRDA:161,9,1,2
BRDA:178,10,0,1
BRDA:178,10,1,1
BRF:22
BRH:22
end_of_record
TN:
SF:/Users/zhangyufan/em/testPro/vue-scale/src/components/tooltip/Tooltip.vue
FN:65,(anonymous_1)
FN:120,(anonymous_2)
FN:124,(anonymous_3)
FN:141,(anonymous_4)
FN:152,(anonymous_5)
FN:170,(anonymous_6)
FN:174,(anonymous_7)
FN:178,(anonymous_8)
FN:182,(anonymous_9)
FN:186,(anonymous_10)
FN:188,(anonymous_11)
FN:193,(anonymous_12)
FN:199,(anonymous_13)
FN:201,(anonymous_14)
FN:206,(anonymous_15)
FN:219,(anonymous_16)
FNF:16
FNH:16
FNDA:1,(anonymous_1)
FNDA:1,(anonymous_2)
FNDA:5,(anonymous_3)
FNDA:4,(anonymous_4)
FNDA:4,(anonymous_5)
FNDA:1,(anonymous_6)
FNDA:1,(anonymous_7)
FNDA:4,(anonymous_8)
FNDA:4,(anonymous_9)
FNDA:2,(anonymous_10)
FNDA:2,(anonymous_11)
FNDA:2,(anonymous_12)
FNDA:2,(anonymous_13)
FNDA:2,(anonymous_14)
FNDA:5,(anonymous_15)
FNDA:1,(anonymous_16)
DA:36,1
DA:43,1
DA:44,1
DA:45,1
DA:46,1
DA:47,1
DA:51,1
DA:52,1
DA:54,1
DA:56,1
DA:66,2
DA:67,1
DA:69,1
DA:71,1
DA:73,1
DA:78,1
DA:83,1
DA:88,1
DA:93,1
DA:98,1
DA:103,1
DA:105,1
DA:107,1
DA:109,1
DA:111,1
DA:116,1
DA:118,1
DA:121,1
DA:125,5
DA:126,5
DA:127,1
DA:129,5
DA:130,1
DA:132,5
DA:133,1
DA:135,5
DA:136,1
DA:138,5
DA:142,4
DA:153,4
DA:171,1
DA:175,1
DA:179,4
DA:183,4
DA:187,2
DA:188,2
DA:189,2
DA:194,2
DA:195,1
DA:200,2
DA:201,2
DA:202,2
DA:207,5
DA:208,4
DA:209,4
DA:211,5
DA:212,3
DA:213,3
DA:214,3
DA:219,1
DA:220,1
LF:61
LH:61
BRDA:126,0,0,1
BRDA:126,0,1,4
BRDA:126,1,0,5
BRDA:126,1,1,2
BRDA:129,2,0,1
BRDA:129,2,1,4
BRDA:129,3,0,5
BRDA:129,3,1,1
BRDA:132,4,0,1
BRDA:132,4,1,4
BRDA:132,5,0,5
BRDA:132,5,1,1
BRDA:135,6,0,1
BRDA:135,6,1,4
BRDA:135,7,0,5
BRDA:135,7,1,1
BRDA:194,8,0,1
BRDA:194,8,1,1
BRDA:207,9,0,4
BRDA:207,9,1,1
BRDA:211,10,0,3
BRDA:211,10,1,2
BRDA:211,11,0,5
BRDA:211,11,1,4
BRF:24
BRH:24
end_of_record
TN:
SF:/Users/zhangyufan/em/testPro/vue-scale/src/components/vueScale/vueScale.vue
FN:33,(anonymous_1)
FN:65,(anonymous_2)
FN:71,(anonymous_3)
FN:81,(anonymous_4)
FN:85,(anonymous_5)
FN:97,(anonymous_6)
FN:102,(anonymous_7)
FN:115,(anonymous_8)
FN:142,(anonymous_9)
FN:155,(anonymous_10)
FN:160,(anonymous_11)
FNF:11
FNH:3
FNDA:9,(anonymous_1)
FNDA:9,(anonymous_2)
FNDA:0,(anonymous_3)
FNDA:0,(anonymous_4)
FNDA:0,(anonymous_5)
FNDA:0,(anonymous_6)
FNDA:0,(anonymous_7)
FNDA:0,(anonymous_8)
FNDA:0,(anonymous_9)
FNDA:0,(anonymous_10)
FNDA:36,(anonymous_11)
DA:21,1
DA:34,2
DA:35,1
DA:37,1
DA:41,1
DA:43,9
DA:45,9
DA:47,9
DA:49,9
DA:51,9
DA:53,9
DA:55,9
DA:57,9
DA:59,9
DA:61,9
DA:63,9
DA:66,9
DA:67,9
DA:68,9
DA:72,0
DA:73,0
DA:74,0
DA:75,0
DA:76,0
DA:78,0
DA:82,0
DA:86,0
DA:87,0
DA:88,0
DA:89,0
DA:90,0
DA:91,0
DA:92,0
DA:97,1
DA:98,0
DA:103,0
DA:104,0
DA:105,0
DA:106,0
DA:110,0
DA:112,0
DA:116,0
DA:117,0
DA:118,0
DA:119,0
DA:120,0
DA:122,0
DA:123,0
DA:124,0
DA:125,0
DA:127,0
DA:129,0
DA:130,0
DA:131,0
DA:132,0
DA:133,0
DA:134,0
DA:136,0
DA:138,0
DA:143,0
DA:144,0
DA:145,0
DA:146,0
DA:147,0
DA:148,0
DA:149,0
DA:150,0
DA:155,1
DA:156,0
DA:161,36
DA:162,36
LF:71
LH:23
BRDA:105,0,0,0
BRDA:105,0,1,0
BRDA:120,1,0,0
BRDA:120,1,1,0
BRDA:120,2,0,0
BRDA:120,2,1,0
BRDA:155,3,0,0
BRF:7
BRH:0
end_of_record
